Pipeline en GPU 0: intuitive + thinking + perceiving (gpt + sae)
Iniciando clasificacion_mbti/intuitive/clasificador_intuitive_gpt_activaciones.py Activaciones GPT redirigidas a /hdd/aitziber.l/activaciones_gpt2_intuitive
CLASIFICADOR INTUITIVE - ACTIVACIONES DIRECTAS GPT-2 (NO SAE)
Preparación de Dataset para Clasificación de INTUITIVE
1. Cargando comentarios...
Se eliminaron 198 filas de comentarios con 'body' nulo o vacío.
17,639,864 comentarios cargados
2. Cargando autores...
10,295 autores cargados
3. Filtrando autores con 'intuitive' conocido...
9,083 autores con intuitive conocido
(Eliminados 1,212 autores con intuitive nulo)

4. Uniendo comentarios con intuitive por autor...
15,596,767 comentarios con info de intuitive
(Eliminados 2,043,097 comentarios sin intuitive conocido)

5. Distribución de intuitive:
1: 13,553,500 comentarios (86.9%)
0: 2,043,267 comentarios (13.1%)
Dataset de intuitive preparado y listo para usar
Distribucion de intuitive: {1: 13553500, 0: 2043267}

Extrayendo activaciones de GPT-2 para 15,596,767 comentarios...
Hookpoint: transformer.h.8, batch_size: 128, workers: 16
Warning: You are sending unauthenticated requests to the HF Hub. Please set a HF_TOKEN to enable higher rate limits and faster downloads.
`torch_dtype` is deprecated! Use `dtype` instead!
Loading weights:   0%|          | 0/148 [00:00<?, ?it/s]
Loading weights: 100%|██████████| 148/148 [00:00<00:00, 1091.40it/s]
Loading weights: 100%|██████████| 148/148 [00:00<00:00, 1088.01it/s]
Modelo truncado a las primeras 9 capas (skip h.9..h.11 + LM head)
torch.compile activado (dynamic=True)
Calculando longitudes y ordenando por longitud (bucketing)...
[  0.0%] step 1/121850 (128/15,596,767 comentarios, seq_len_batch=1)
[100.0%] step 121850/121850 (15,596,767/15,596,767 comentarios, seq_len_batch=256)
Volcando activaciones a data/activaciones_gpt2_intuitive/ ...
Activaciones guardadas en data/activaciones_gpt2_intuitive/
Cargando activaciones desde data/activaciones_gpt2_intuitive/ ...
last_token: (15596767, 768), mean_token: (15596767, 768)
Activaciones: hidden_size=768, comentarios=15,596,767 0: 2,043,267 (13.1%) 1: 13,553,500 (86.9%)

# A) CLASIFICACION A NIVEL DE COMENTARIO
Splits de usuarios cargados desde data/splits_intuitive/
Split de comentarios (por usuario) guardado en data/splits_intuitive/split_comentarios_por_usuario.npz
Sin leakage: cada usuario aparece en un unico split.

Split comentarios: train=10,728,331 eval=2,279,220 test=2,589,216
0: train=1,433,866 eval=287,766
1: train=9,294,465 eval=1,991,454
Ajustando StandardScaler para last_token (incremental)...
Scaler ajustado sobre 10,728,331 muestras
ENTRENANDO: comentario_last_token_sin_balanceo
Train: 10,728,331 | Eval: 2,279,220
Pesos de clase: ninguno (todos 1.0)
[Epoch 1] 100.0% (2620/2620)

EVAL comentario_last_token_sin_balanceo
Accuracy: 0.8735 | Balanced Acc: 0.5001 | Precision macro: 0.5315 | Recall macro: 0.5001 | F1 macro: 0.4668 | F1 weighted: 0.8149
0: prec=0.1893 rec=0.0005 f1=0.0011
1: prec=0.8738 rec=0.9997 f1=0.9325
precision    recall  f1-score   support

0       0.19      0.00      0.00    287766
1       0.87      1.00      0.93   1991454

accuracy                           0.87   2279220
macro avg       0.53      0.50      0.47   2279220
weighted avg       0.79      0.87      0.81   2279220

Confusion matrix:
[[    152  287614]
[    651 1990803]]
ENTRENANDO: comentario_last_token_balanceo_manual
Train: 10,728,331 | Eval: 2,279,220
Pesos de clase: 0=1.100, 1=0.900
[Epoch 1] 100.0% (2620/2620)

EVAL comentario_last_token_balanceo_manual
Accuracy: 0.8732 | Balanced Acc: 0.5002 | Precision macro: 0.5301 | Recall macro: 0.5002 | F1 macro: 0.4675 | F1 weighted: 0.8149
0: prec=0.1864 rec=0.0013 f1=0.0027
1: prec=0.8738 rec=0.9992 f1=0.9323
precision    recall  f1-score   support

0       0.19      0.00      0.00    287766
1       0.87      1.00      0.93   1991454

accuracy                           0.87   2279220
macro avg       0.53      0.50      0.47   2279220
weighted avg       0.79      0.87      0.81   2279220

Confusion matrix:
[[    385  287381]
[   1681 1989773]]
Undersampling: min_count=1,433,866 (de {0: 1433866, 1: 9294465})
ENTRENANDO: comentario_last_token_undersampling
Train: 2,867,732 | Eval: 2,279,220
Pesos de clase: ninguno (todos 1.0)
[Epoch 1] 100.0% (701/701)

EVAL comentario_last_token_undersampling
Accuracy: 0.5502 | Balanced Acc: 0.5265 | Precision macro: 0.5118 | Recall macro: 0.5265 | F1 macro: 0.4509 | F1 weighted: 0.6254
0: prec=0.1393 rec=0.4947 f1=0.2174
1: prec=0.8843 rec=0.5582 f1=0.6844
precision    recall  f1-score   support

0       0.14      0.49      0.22    287766
1       0.88      0.56      0.68   1991454

accuracy                           0.55   2279220
macro avg       0.51      0.53      0.45   2279220
weighted avg       0.79      0.55      0.63   2279220

Confusion matrix:
[[ 142369  145397]
[ 879784 1111670]]

Ajustando StandardScaler para mean (incremental)...
Scaler ajustado sobre 10,728,331 muestras
ENTRENANDO: comentario_mean_sin_balanceo
Train: 10,728,331 | Eval: 2,279,220
Pesos de clase: ninguno (todos 1.0)
[Epoch 1] 100.0% (2620/2620)

EVAL comentario_mean_sin_balanceo
Accuracy: 0.8733 | Balanced Acc: 0.5003 | Precision macro: 0.5418 | Recall macro: 0.5003 | F1 macro: 0.4674 | F1 weighted: 0.8150
0: prec=0.2097 rec=0.0012 f1=0.0025
1: prec=0.8738 rec=0.9993 f1=0.9324
precision    recall  f1-score   support

0       0.21      0.00      0.00    287766
1       0.87      1.00      0.93   1991454

accuracy                           0.87   2279220
macro avg       0.54      0.50      0.47   2279220
weighted avg       0.79      0.87      0.81   2279220

Confusion matrix:
[[    358  287408]
[   1349 1990105]]
ENTRENANDO: comentario_mean_balanceo_manual
Train: 10,728,331 | Eval: 2,279,220
Pesos de clase: 0=1.100, 1=0.900
[Epoch 1] 100.0% (2620/2620)

EVAL comentario_mean_balanceo_manual
Accuracy: 0.8728 | Balanced Acc: 0.5004 | Precision macro: 0.5302 | Recall macro: 0.5004 | F1 macro: 0.4683 | F1 weighted: 0.8149
0: prec=0.1866 rec=0.0023 f1=0.0046
1: prec=0.8738 rec=0.9985 f1=0.9320
precision    recall  f1-score   support

0       0.19      0.00      0.00    287766
1       0.87      1.00      0.93   1991454

accuracy                           0.87   2279220
macro avg       0.53      0.50      0.47   2279220
weighted avg       0.79      0.87      0.81   2279220

Confusion matrix:
[[    669  287097]
[   2917 1988537]]
Undersampling: min_count=1,433,866 (de {0: 1433866, 1: 9294465})
ENTRENANDO: comentario_mean_undersampling
Train: 2,867,732 | Eval: 2,279,220
Pesos de clase: ninguno (todos 1.0)
[Epoch 1] 100.0% (701/701)

EVAL comentario_mean_undersampling
Accuracy: 0.5508 | Balanced Acc: 0.5320 | Precision macro: 0.5143 | Recall macro: 0.5320 | F1 macro: 0.4530 | F1 weighted: 0.6259
0: prec=0.1419 rec=0.5069 f1=0.2218
1: prec=0.8866 rec=0.5571 f1=0.6843
precision    recall  f1-score   support

0       0.14      0.51      0.22    287766
1       0.89      0.56      0.68   1991454

accuracy                           0.55   2279220
macro avg       0.51      0.53      0.45   2279220
weighted avg       0.79      0.55      0.63   2279220

Confusion matrix:
[[ 145879  141887]
[ 882005 1109449]]


# B) CLASIFICACION A NIVEL DE USUARIO

Splits de usuarios cargados desde data/splits_intuitive/

Split usuarios: train=6,357 eval=1,363 test=1,363

Agregando features por usuario para mean_of_last...
ENTRENANDO: usuario_mean_of_last_sin_balanceo
Train users: 6,357 | Eval users: 1,363
Pesos de clase: ninguno (todos 1.0)

EVAL usuario_mean_of_last_sin_balanceo
Accuracy: 0.8745 | Balanced Acc: 0.5090 | Precision macro: 0.6212 | Recall macro: 0.5090 | F1 macro: 0.4888 | F1 weighted: 0.8234
0: prec=0.3636 rec=0.0238 f1=0.0447
1: prec=0.8787 rec=0.9941 f1=0.9329
precision    recall  f1-score   support

0       0.36      0.02      0.04       168
1       0.88      0.99      0.93      1195

accuracy                           0.87      1363
macro avg       0.62      0.51      0.49      1363
weighted avg       0.82      0.87      0.82      1363

Confusion matrix:
[[   4  164]
[   7 1188]]
ENTRENANDO: usuario_mean_of_last_balanceo_manual
Train users: 6,357 | Eval users: 1,363
Pesos de clase: 0=1.100, 1=0.900

EVAL usuario_mean_of_last_balanceo_manual
Accuracy: 0.8767 | Balanced Acc: 0.5333 | Precision macro: 0.6920 | Recall macro: 0.5333 | F1 macro: 0.5338 | F1 weighted: 0.8351
0: prec=0.5000 rec=0.0774 f1=0.1340
1: prec=0.8841 rec=0.9891 f1=0.9336
precision    recall  f1-score   support

0       0.50      0.08      0.13       168
1       0.88      0.99      0.93      1195

accuracy                           0.88      1363
macro avg       0.69      0.53      0.53      1363
weighted avg       0.84      0.88      0.84      1363

Confusion matrix:
[[  13  155]
[  13 1182]]
Undersampling: min_count=707 (de {0: 707, 1: 5650})
ENTRENANDO: usuario_mean_of_last_undersampling
Train users: 1,414 | Eval users: 1,363
Pesos de clase: ninguno (todos 1.0)

EVAL usuario_mean_of_last_undersampling
Accuracy: 0.5583 | Balanced Acc: 0.6100 | Precision macro: 0.5476 | Recall macro: 0.6100 | F1 macro: 0.4786 | F1 weighted: 0.6322
0: prec=0.1722 rec=0.6786 f1=0.2747
1: prec=0.9230 rec=0.5414 f1=0.6825
precision    recall  f1-score   support

0       0.17      0.68      0.27       168
1       0.92      0.54      0.68      1195

accuracy                           0.56      1363
macro avg       0.55      0.61      0.48      1363
weighted avg       0.83      0.56      0.63      1363

Confusion matrix:
[[114  54]
[548 647]]
Agregando features por usuario para mean_of_mean...
ENTRENANDO: usuario_mean_of_mean_sin_balanceo Train users: 6,357 | Eval users: 1,363 Pesos de clase: ninguno (todos 1.0)

EVAL usuario_mean_of_mean_sin_balanceo
Accuracy: 0.8767 | Balanced Acc: 0.5256 | Precision macro: 0.6912 | Recall macro: 0.5256 | F1 macro: 0.5201 | F1 weighted: 0.8318
0: prec=0.5000 rec=0.0595 f1=0.1064
1: prec=0.8824 rec=0.9916 f1=0.9338
precision    recall  f1-score   support

0       0.50      0.06      0.11       168
1       0.88      0.99      0.93      1195

accuracy                           0.88      1363
macro avg       0.69      0.53      0.52      1363
weighted avg       0.84      0.88      0.83      1363

Confusion matrix:
[[  10  158]
[  10 1185]]
ENTRENANDO: usuario_mean_of_mean_balanceo_manual Train users: 6,357 | Eval users: 1,363 Pesos de clase: 0=1.100, 1=0.900

EVAL usuario_mean_of_mean_balanceo_manual
Accuracy: 0.8745 | Balanced Acc: 0.5294 | Precision macro: 0.6638 | Recall macro: 0.5294 | F1 macro: 0.5278 | F1 weighted: 0.8327
0: prec=0.4444 rec=0.0714 f1=0.1231
1: prec=0.8832 rec=0.9874 f1=0.9324
precision    recall  f1-score   support

0       0.44      0.07      0.12       168
1       0.88      0.99      0.93      1195

accuracy                           0.87      1363
macro avg       0.66      0.53      0.53      1363
weighted avg       0.83      0.87      0.83      1363

Confusion matrix:
[[  12  156]
[  15 1180]]
Undersampling: min_count=707 (de {0: 707, 1: 5650})
ENTRENANDO: usuario_mean_of_mean_undersampling Train users: 1,414 | Eval users: 1,363 Pesos de clase: ninguno (todos 1.0)

EVAL usuario_mean_of_mean_undersampling
Accuracy: 0.5664 | Balanced Acc: 0.6299 | Precision macro: 0.5562 | Recall macro: 0.6299 | F1 macro: 0.4885 | F1 weighted: 0.6389
0: prec=0.1810 rec=0.7143 f1=0.2888
1: prec=0.9314 rec=0.5456 f1=0.6881
precision    recall  f1-score   support

0       0.18      0.71      0.29       168
1       0.93      0.55      0.69      1195

accuracy                           0.57      1363
macro avg       0.56      0.63      0.49      1363
weighted avg       0.84      0.57      0.64      1363

Confusion matrix:
[[120  48]
[543 652]]
RESUMEN DE RESULTADOS (EVAL)
comentario_last_token_sin_balanceo            0.8735 0.50010 0.4668   0.0011   0.9325
comentario_last_token_balanceo_manual         0.8732 0.50025 0.4675   0.0027   0.9323
comentario_last_token_undersampling           0.5502 0.52648 0.4509   0.2174   0.6844
comentario_mean_sin_balanceo                  0.8733 0.50028 0.4674   0.0025   0.9324
comentario_mean_balanceo_manual               0.8728 0.50043 0.4683   0.0046   0.9320
comentario_mean_undersampling                 0.5508 0.53202 0.4530   0.2218   0.6843
usuario_mean_of_last_sin_balanceo             0.8745 0.50898 0.4888   0.0447   0.9329
usuario_mean_of_last_balanceo_manual          0.8767 0.53325 0.5338   0.1340   0.9336
usuario_mean_of_last_undersampling            0.5583 0.61000 0.4786   0.2747   0.6825
usuario_mean_of_mean_sin_balanceo             0.8767 0.52558 0.5201   0.1064   0.9338
usuario_mean_of_mean_balanceo_manual          0.8745 0.52944 0.5278   0.1231   0.9324
usuario_mean_of_mean_undersampling            0.5664 0.62995 0.4885   0.2888   0.6881
MEJOR MODELO EN EVAL
usuario_mean_of_last_balanceo_manual | F1 macro=0.5338 | Recall macro=0.5333 | Precision macro=0.6920
Mejor Modelo por Nivel en EVAL
[comentario] comentario_mean_balanceo_manual | F1 macro=0.4683 | Recall macro=0.5004 | Precision macro=0.5302
[usuario] usuario_mean_of_last_balanceo_manual | F1 macro=0.5338 | Recall macro=0.5333 | Precision macro=0.6920

TEST comentario_mean_balanceo_manual
Accuracy: 0.8749 | Balanced Acc: 0.5001 | Precision macro: 0.5076 | Recall macro: 0.5001 | F1 macro: 0.4680 | F1 weighted: 0.8177
0: prec=0.1394 rec=0.0014 f1=0.0028
1: prec=0.8758 rec=0.9987 f1=0.9332
precision    recall  f1-score   support

0       0.14      0.00      0.00    321635
1       0.88      1.00      0.93   2267581

accuracy                           0.87   2589216
macro avg       0.51      0.50      0.47   2589216
weighted avg       0.78      0.87      0.82   2589216
Confusion matrix:
[[    461  321174]
[   2847 2264734]]
TEST usuario_mean_of_last_balanceo_manual
Accuracy: 0.8826 | Balanced Acc: 0.5060 | Precision macro: 0.5691 | Recall macro: 0.5060 | F1 macro: 0.4868 | F1 weighted: 0.8357
0: prec=0.2500 rec=0.0195 f1=0.0361
1: prec=0.8882 rec=0.9926 f1=0.9375
precision    recall  f1-score   support

0       0.25      0.02      0.04       154
1       0.89      0.99      0.94      1209

accuracy                           0.88      1363
macro avg       0.57      0.51      0.49      1363
weighted avg       0.82      0.88      0.84      1363

Confusion matrix:
[[   3  151]
[   9 1200]]


Mejor Modelo por Nivel Evaluado en TEST [comentario] comentario_mean_balanceo_manual | Accuracy=0.8749 | BalAcc=0.5001 | F1 macro=0.4680 | Recall macro=0.5001 | Precision macro=0.5076 [usuario] usuario_mean_of_last_balanceo_manual | Accuracy=0.8826 | BalAcc=0.5060 | F1 macro=0.4868 | Recall macro=0.5060 | Precision macro=0.5691

Resumen guardado en: modelos/intuitive_gpt_activaciones/resultados_resumen.json
COMPLETADO - Mejor modelo evaluado tambien en test    Activaciones temporales eliminadas: /hdd/aitziber.l/activaciones_gpt2_intuitive  OK: clasificacion_mbti/intuitive/clasificador_intuitive_gpt_activaciones.py completado (1h 12m)  Iniciando clasificacion_mbti/intuitive/clasificador_intuitive_sae_activaciones.py    Cache SAE eliminada: /hdd/aitziber.l/activaciones_sae_gpt2_intuitive
CLASIFICADOR INTUITIVE - SAE SOBRE GPT-2 (STREAMING)
Preparación de Dataset para Clasificación de INTUITIVE

1. Cargando comentarios...
Se eliminaron 198 filas de comentarios con 'body' nulo o vacío. 17,639,864 comentarios cargados

2. Cargando autores... 10,295 autores cargados

3. Filtrando autores con 'intuitive' conocido...
9,083 autores con intuitive conocido
(Eliminados 1,212 autores con intuitive nulo)
4. Uniendo comentarios con intuitive por autor...
15,596,767 comentarios con info de intuitive
(Eliminados 2,043,097 comentarios sin intuitive conocido)
5. Distribución de intuitive:
1: 13,553,500 comentarios (86.9%) 0: 2,043,267 comentarios (13.1%)
Dataset de intuitive preparado y listo para usar
Distribucion de intuitive: {1: 13553500, 0: 2043267}
Splits de usuarios cargados desde data/splits_intuitive/

Comentarios: train=10,728,331 eval=2,279,220 test=2,589,216
0: train=1,433,866 eval=287,766 test=321,635
1: train=9,294,465 eval=1,991,454 test=2,267,581
SAE cargada: 16384 latentes, k=64, hookpoint=transformer.h.8
Warning: You are sending unauthenticated requests to the HF Hub. Please set a HF_TOKEN to enable higher rate limits and faster downloads.

Loading weights:   0%|          | 0/148 [00:00<?, ?it/s]
Loading weights: 100%|██████████| 148/148 [00:00<00:00, 1197.25it/s]
Loading weights: 100%|██████████| 148/148 [00:00<00:00, 1192.49it/s]
Modelo truncado a las primeras 9 capas (skip h.9..h.11)
torch.compile activado (dynamic=True)
numlatents=16384
Undersampling: min_count=1,433,866 (de {0: 1433866, 1: 9294465})
Undersampling: 2,867,732 muestras seleccionadas de 10,728,331

# PASS A: Streaming datos de entrenamiento
[TRAIN   0.0%] step 1/335261 (32/10,728,331) | batch=32
[TRAIN  13.0%] step 43533/335261 (1,393,056/10,728,331) | batch=32
[TRAIN  25.6%] step 85966/335261 (2,750,912/10,728,331) | batch=32
[TRAIN  39.9%] step 133907/335261 (4,285,024/10,728,331) | batch=32
[TRAIN  53.1%] step 178029/335261 (5,696,928/10,728,331) | batch=32
[TRAIN  64.6%] step 216455/335261 (6,926,560/10,728,331) | batch=32
[TRAIN  76.4%] step 256262/335261 (8,200,384/10,728,331) | batch=32
[TRAIN  88.4%] step 296529/335261 (9,488,928/10,728,331) | batch=32
[TRAIN 100.0%] step 335261/335261 (10,728,331/10,728,331) | batch=32
Pass A completado: 10,728,331 muestras procesadas.

# PASS B: Streaming datos de evaluacion
[EVAL   0.0%] step 1/71226 (32/2,279,220) | batch=32 [EVAL 100.0%] step 71226/71226 (2,279,220/2,279,220) | batch=32

# A) CLASIFICACION A NIVEL DE COMENTARIO
EVAL comentario_last_token_sin_balanceo
Accuracy: 0.2971 | Balanced Acc: 0.4938 | Precision macro: 0.4962 | Recall macro: 0.4938 | F1 macro: 0.2891 | F1 weighted: 0.3454
0: prec=0.1245 rec=0.7570 f1=0.2138
1: prec=0.8679 rec=0.2307 f1=0.3645
precision    recall  f1-score   support

0       0.12      0.76      0.21    287766
1       0.87      0.23      0.36   1991454

accuracy                           0.30   2279220
macro avg       0.50      0.49      0.29   2279220
weighted avg       0.77      0.30      0.35   2279220

Confusion matrix:
[[ 217840   69926]
[1532112  459342]]

EVAL comentario_last_token_balanceo_manual
Accuracy: 0.2963 | Balanced Acc: 0.4944 | Precision macro: 0.4965 | Recall macro: 0.4944 | F1 macro: 0.2885 | F1 weighted: 0.3441
0: prec=0.1246 rec=0.7593 f1=0.2141
1: prec=0.8684 rec=0.2294 f1=0.3629
precision    recall  f1-score   support

0       0.12      0.76      0.21    287766
1       0.87      0.23      0.36   1991454

accuracy                           0.30   2279220
macro avg       0.50      0.49      0.29   2279220
weighted avg       0.77      0.30      0.34   2279220

Confusion matrix:
[[ 218510   69256]
[1534609  456845]]

EVAL comentario_last_token_undersampling
Accuracy: 0.5027 | Balanced Acc: 0.5247 | Precision macro: 0.5109 | Recall macro: 0.5247 | F1 macro: 0.4273 | F1 weighted: 0.5826
0: prec=0.1369 rec=0.5541 f1=0.2196
1: prec=0.8849 rec=0.4953 f1=0.6351
precision    recall  f1-score   support

0       0.14      0.55      0.22    287766
1       0.88      0.50      0.64   1991454

accuracy                           0.50   2279220
macro avg       0.51      0.52      0.43   2279220
weighted avg       0.79      0.50      0.58   2279220

Confusion matrix:
[[ 159451  128315]
[1005163  986291]]

EVAL comentario_mean_sin_balanceo
Accuracy: 0.6159 | Balanced Acc: 0.4948 | Precision macro: 0.4974 | Recall macro: 0.4948 | F1 macro: 0.4644 | F1 weighted: 0.6774
0: prec=0.1229 rec=0.3327 f1=0.1795
1: prec=0.8720 rec=0.6569 f1=0.7493
precision    recall  f1-score   support

0       0.12      0.33      0.18    287766
1       0.87      0.66      0.75   1991454

accuracy                           0.62   2279220
macro avg       0.50      0.49      0.46   2279220
weighted avg       0.78      0.62      0.68   2279220

Confusion matrix:
[[  95743  192023]
[ 683324 1308130]]

EVAL comentario_mean_balanceo_manual
Accuracy: 0.6157 | Balanced Acc: 0.4955 | Precision macro: 0.4978 | Recall macro: 0.4955 | F1 macro: 0.4646 | F1 weighted: 0.6772
0: prec=0.1234 rec=0.3347 f1=0.1803
1: prec=0.8722 rec=0.6563 f1=0.7490
precision    recall  f1-score   support

0       0.12      0.33      0.18    287766
1       0.87      0.66      0.75   1991454

accuracy                           0.62   2279220
macro avg       0.50      0.50      0.46   2279220
weighted avg       0.78      0.62      0.68   2279220

Confusion matrix:
[[  96327  191439]
[ 684518 1306936]]

EVAL comentario_mean_undersampling
Accuracy: 0.5452 | Balanced Acc: 0.5268 | Precision macro: 0.5119 | Recall macro: 0.5268 | F1 macro: 0.4487 | F1 weighted: 0.6211
0: prec=0.1392 rec=0.5021 f1=0.2180
1: prec=0.8846 rec=0.5514 f1=0.6794
precision    recall  f1-score   support

0       0.14      0.50      0.22    287766
1       0.88      0.55      0.68   1991454

accuracy                           0.55   2279220
macro avg       0.51      0.53      0.45   2279220
weighted avg       0.79      0.55      0.62   2279220

Confusion matrix:
[[ 144477  143289]
[ 893276 1098178]]


# B) CLASIFICACION A NIVEL DE USUARIO


Usuarios mean_of_last: train=6,357 eval=1,363
0: train=707 eval=168
1: train=5,650 eval=1,195
ENTRENANDO: usuario_mean_of_last_sin_balanceo
Train users: 6,357 | Eval users: 1,363

EVAL usuario_mean_of_last_sin_balanceo
Accuracy: 0.5928 | Balanced Acc: 0.5120 | Precision macro: 0.5055 | Recall macro: 0.5120 | F1 macro: 0.4620 | F1 weighted: 0.6619
0: prec=0.1300 rec=0.4048 f1=0.1968
1: prec=0.8810 rec=0.6192 f1=0.7273
precision    recall  f1-score   support

0       0.13      0.40      0.20       168
1       0.88      0.62      0.73      1195

accuracy                           0.59      1363
macro avg       0.51      0.51      0.46      1363
weighted avg       0.79      0.59      0.66      1363

Confusion matrix:
[[ 68 100]
[455 740]]
ENTRENANDO: usuario_mean_of_last_balanceo_manual
Train users: 6,357 | Eval users: 1,363

EVAL usuario_mean_of_last_balanceo_manual
Accuracy: 0.6067 | Balanced Acc: 0.5430 | Precision macro: 0.5197 | Recall macro: 0.5430 | F1 macro: 0.4800 | F1 weighted: 0.6734
0: prec=0.1475 rec=0.4583 f1=0.2232
1: prec=0.8918 rec=0.6276 f1=0.7367
precision    recall  f1-score   support

0       0.15      0.46      0.22       168
1       0.89      0.63      0.74      1195

accuracy                           0.61      1363
macro avg       0.52      0.54      0.48      1363
weighted avg       0.80      0.61      0.67      1363

Confusion matrix:
[[ 77  91]
[445 750]]
Undersampling: min_count=707 (de {0: 707, 1: 5650})
ENTRENANDO: usuario_mean_of_last_undersampling
Train users: 1,414 | Eval users: 1,363

EVAL usuario_mean_of_last_undersampling
Accuracy: 0.5099 | Balanced Acc: 0.5747 | Precision macro: 0.5324 | Recall macro: 0.5747 | F1 macro: 0.4428 | F1 weighted: 0.5885
0: prec=0.1537 rec=0.6607 f1=0.2494
1: prec=0.9111 rec=0.4887 f1=0.6362
precision    recall  f1-score   support

0       0.15      0.66      0.25       168
1       0.91      0.49      0.64      1195

accuracy                           0.51      1363
macro avg       0.53      0.57      0.44      1363
weighted avg       0.82      0.51      0.59      1363

Confusion matrix:
[[111  57]
[611 584]]

Usuarios mean_of_mean: train=6,357 eval=1,3630: train=707 eval=168 1: train=5,650 eval=1,195
ENTRENANDO: usuario_mean_of_mean_sin_balanceo Train users: 6,357 | Eval users: 1,363

EVAL usuario_mean_of_mean_sin_balanceo
Accuracy: 0.6552 | Balanced Acc: 0.5757 | Precision macro: 0.5366 | Recall macro: 0.5757 | F1 macro: 0.5138 | F1 weighted: 0.7113
0: prec=0.1717 rec=0.4702 f1=0.2516
1: prec=0.9014 rec=0.6812 f1=0.7760
precision    recall  f1-score   support

0       0.17      0.47      0.25       168
1       0.90      0.68      0.78      1195

accuracy                           0.66      1363
macro avg       0.54      0.58      0.51      1363
weighted avg       0.81      0.66      0.71      1363

Confusion matrix:
[[ 79  89]
[381 814]]ENTRENANDO: usuario_mean_of_mean_balanceo_manualTrain users: 6,357 | Eval users: 1,363

EVAL usuario_mean_of_mean_balanceo_manual
Accuracy: 0.6317 | Balanced Acc: 0.5879 | Precision macro: 0.5405 | Recall macro: 0.5879 | F1 macro: 0.5082 | F1 weighted: 0.6939
0: prec=0.1738 rec=0.5298 f1=0.2618
1: prec=0.9072 rec=0.6460 f1=0.7546
precision    recall  f1-score   support

0       0.17      0.53      0.26       168
1       0.91      0.65      0.75      1195

accuracy                           0.63      1363
macro avg       0.54      0.59      0.51      1363
weighted avg       0.82      0.63      0.69      1363

Confusion matrix:
[[ 89  79]
[423 772]]Undersampling: min_count=707 (de {0: 707, 1: 5650})
ENTRENANDO: usuario_mean_of_mean_undersampling
Train users: 1,414 | Eval users: 1,363

EVAL usuario_mean_of_mean_undersampling
Accuracy: 0.5620 | Balanced Acc: 0.6453 | Precision macro: 0.5628 | Recall macro: 0.6453 | F1 macro: 0.4900 | F1 weighted: 0.6344
0: prec=0.1859 rec=0.7560 f1=0.2985
1: prec=0.9397 rec=0.5347 f1=0.6816
precision    recall  f1-score   support

0       0.19      0.76      0.30       168
1       0.94      0.53      0.68      1195

accuracy                           0.56      1363
macro avg       0.56      0.65      0.49      1363
weighted avg       0.85      0.56      0.63      1363

Confusion matrix:
[[127  41]
[556 639]]
MEJOR MODELO EN EVAL
usuario_mean_of_mean_sin_balanceo | F1 macro=0.5138 | Recall macro=0.5757 | Precision macro=0.5366
Mejor Modelo por Nivel en EVAL
[comentario] comentario_mean_balanceo_manual | F1 macro=0.4646 | Recall macro=0.4955 | Precision macro=0.4978
[usuario] usuario_mean_of_mean_sin_balanceo | F1 macro=0.5138 | Recall macro=0.5757 | Precision macro=0.5366
# PASS C: Streaming datos de test (mejor por nivel)
[TEST   0.0%] step 1/80913 (32/2,589,216) | batch=32
[TEST 100.0%] step 80913/80913 (2,589,216/2,589,216) | batch=32

TEST comentario_mean_balanceo_manual
Accuracy: 0.6156 | Balanced Acc: 0.5086 | Precision macro: 0.5041 | Recall macro: 0.5086 | F1 macro: 0.4696 | F1 weighted: 0.6787
0: prec=0.1295 rec=0.3662 f1=0.1914
1: prec=0.8787 rec=0.6510 f1=0.7479
precision    recall  f1-score   support

0       0.13      0.37      0.19    321635
1       0.88      0.65      0.75   2267581

accuracy                           0.62   2589216
macro avg       0.50      0.51      0.47   2589216
weighted avg       0.79      0.62      0.68   2589216

Confusion matrix:
[[ 117776  203859]
[ 791420 1476161]]

TEST usuario_mean_of_mean_sin_balanceo
Accuracy: 0.6398 | Balanced Acc: 0.5618 | Precision macro: 0.5272 | Recall macro: 0.5618 | F1 macro: 0.4949 | F1 weighted: 0.7043
0: prec=0.1482 rec=0.4610 f1=0.2243
1: prec=0.9061 rec=0.6625 f1=0.7654
precision    recall  f1-score   support

0       0.15      0.46      0.22       154
1       0.91      0.66      0.77      1209

accuracy                           0.64      1363
macro avg       0.53      0.56      0.49      1363
weighted avg       0.82      0.64      0.70      1363

Confusion matrix:
[[ 71  83]
[408 801]]
Mejor Modelo por Nivel Evaluado en TEST[comentario] comentario_mean_balanceo_manual | Accuracy=0.6156 | BalAcc=0.5086 | F1 macro=0.4696 | Recall macro=0.5086 | Precision macro=0.5041[usuario] usuario_mean_of_mean_sin_balanceo | Accuracy=0.6398 | BalAcc=0.5618 | F1 macro=0.4949 | Recall macro=0.5618 | Precision macro=0.5272
RESUMEN DE RESULTADOS (EVAL)
Config                                           Acc  BalAcc  F1mac     F1_0     F1_1
comentario_last_token_sin_balanceo            0.2971 0.49383 0.2891   0.2138   0.3645
comentario_last_token_balanceo_manual         0.2963 0.49437 0.2885   0.2141   0.3629
comentario_last_token_undersampling           0.5027 0.52468 0.4273   0.2196   0.6351
comentario_mean_sin_balanceo                  0.6159 0.49479 0.4644   0.1795   0.7493
comentario_mean_balanceo_manual               0.6157 0.49551 0.4646   0.1803   0.7490
comentario_mean_undersampling                 0.5452 0.52675 0.4487   0.2180   0.6794
usuario_mean_of_last_sin_balanceo             0.5928 0.51200 0.4620   0.1968   0.7273
usuario_mean_of_last_balanceo_manual          0.6067 0.54297 0.4800   0.2232   0.7367
usuario_mean_of_last_undersampling            0.5099 0.57471 0.4428   0.2494   0.6362
usuario_mean_of_mean_sin_balanceo             0.6552 0.57570 0.5138   0.2516   0.7760
usuario_mean_of_mean_balanceo_manual          0.6317 0.58789 0.5082   0.2618   0.7546
usuario_mean_of_mean_undersampling            0.5620 0.64534 0.4900   0.2985   0.6816
test_comentario_mean_balanceo_manual          0.6156 0.50858 0.4696   0.1914   0.7479
test_usuario_mean_of_mean_sin_balanceo        0.6398 0.56178 0.4949   0.2243   0.7654
