nohup: ignoring input
======================================================================
CLASIFICADOR GENERO - REPRESENTACIONES SAE SOBRE GPT-2
======================================================================

============================================================
PREPARACIÓN DE DATASET PARA SAE/CLASIFICADOR
============================================================

1. Cargando comentarios...
Se eliminaron 198 filas de comentarios con 'body' nulo o vacío.
   ✓ 17,639,864 comentarios cargados

2. Cargando autores...
   ✓ 10,295 autores cargados

3. Uniendo comentarios con género por autor...
   ✓ 17,639,863 comentarios con info de género

4. Filtrando solo género conocido (m/f)...
   ✓ 7,379,659 comentarios con género m/f
   (Eliminados 10,260,204 con género unknown)

5. Distribución por género:
   m: 4,920,137 comentarios (66.7%)
   f: 2,459,522 comentarios (33.3%)

============================================================
✓ Dataset preparado y listo para usar
============================================================
Generos presentes: {'m': 4920137, 'f': 2459522}

Cargando representaciones SAE desde cache: /hdd/aitziber.l/activaciones_sae_gpt2_genero
  Cache cargada: 7,379,659 comentarios, 16384 latentes

Representaciones SAE: num_latents=16384, comentarios=7,379,659

######################################################################
# A) CLASIFICACION A NIVEL DE COMENTARIO
######################################################################
Cargando split de comentarios compartido desde data/splits_genero_70_15_15/split_comentarios.npz

Split comentarios: train=5,165,761 eval=1,106,949 test=1,106,949
  Train dist: f=1,721,666 m=3,444,095
  Eval  dist: f=368,928 m=738,021

============================================================
ENTRENANDO: comentario_last_token_sin_balanceo
  Train: 5,165,761 | Eval: 1,106,949
  Pesos: female=1.0, male=1.0
============================================================
  [Epoch 1]  32.5% (410/1262)
  [Epoch 1]  72.1% (910/1262)
  [Epoch 1] 100.0% (1262/1262)

=== EVAL comentario_last_token_sin_balanceo ===
Accuracy: 0.7087 | Balanced Acc: 0.5949 | F1 macro: 0.5889 | F1 weighted: 0.6629
  female: prec=0.6657 rec=0.2533 f1=0.3669
  male:   prec=0.7150 rec=0.9364 f1=0.8109
              precision    recall  f1-score   support

      female       0.67      0.25      0.37    368928
        male       0.71      0.94      0.81    738021

    accuracy                           0.71   1106949
   macro avg       0.69      0.59      0.59   1106949
weighted avg       0.70      0.71      0.66   1106949

Confusion matrix:
[[ 93438 275490]
 [ 46912 691109]]

============================================================
ENTRENANDO: comentario_last_token_balanceado
  Train: 5,165,761 | Eval: 1,106,949
  Pesos: female=1.1, male=0.9
============================================================
