nohup: ignoring input
======================================================================
CLASIFICADOR EDAD - REPRESENTACIONES SAE SOBRE GPT-2
======================================================================

============================================================
PREPARACIÓN DE DATASET PARA CLASIFICACIÓN DE EDAD
============================================================

1. Cargando comentarios...
Se eliminaron 198 filas de comentarios con 'body' nulo o vacío.
   ✓ 17,639,864 comentarios cargados

2. Cargando autores...
   ✓ 10,295 autores cargados

3. Uniendo comentarios con edad por autor...
   ✓ 17,639,863 comentarios con info de edad

4. Filtrando solo edad conocida (rangos válidos)...
   ✓ 5,538,809 comentarios con rango de edad válido
   (Eliminados 12,101,054 comentarios con edad nula/fuera de rango)

5. Distribución por rango de edad:
   20_29: 2,811,112 comentarios (50.8%)
   30_39: 1,422,075 comentarios (25.7%)
   14_19: 877,575 comentarios (15.8%)
   40_plus: 428,047 comentarios (7.7%)

============================================================
✓ Dataset de edad preparado y listo para usar
============================================================
Rangos de edad presentes: {'20_29': 2811112, '30_39': 1422075, '14_19': 877575, '40_plus': 428047}

Extrayendo representaciones SAE para 5,538,809 comentarios...
SAE: sae-ckpts/sae-gpt2-comments
SAE cargada: 16384 latentes, k=64, hookpoint=transformer.h.8
`torch_dtype` is deprecated! Use `dtype` instead!
Loading weights:   0%|          | 0/148 [00:00<?, ?it/s]Loading weights:  80%|███████▉  | 118/148 [00:00<00:00, 1152.41it/s]Loading weights: 100%|██████████| 148/148 [00:00<00:00, 949.95it/s] 
  [  0.0%] step 1/173088 (32/5,538,809 comentarios)
  [ 16.8%] step 29123/173088 (931,936/5,538,809 comentarios)
  [ 33.0%] step 57048/173088 (1,825,536/5,538,809 comentarios)
