nohup: ignoring input
CLASIFICADOR INTUITIVE - SAE SOBRE GPT-2 (STREAMING)
Preparación de Dataset para Clasificación de INTUITIVE

1. Cargando comentarios...
Se eliminaron 198 filas de comentarios con 'body' nulo o vacío.
17,639,864 comentarios cargados

2. Cargando autores...
10,295 autores cargados

3. Filtrando autores con 'intuitive' conocido...
9,083 autores con intuitive conocido
(Eliminados 1,212 autores con intuitive nulo)

4. Uniendo comentarios con intuitive por autor...
15,596,767 comentarios con info de intuitive
(Eliminados 2,043,097 comentarios sin intuitive conocido)

5. Distribución de intuitive:
1: 13,553,500 comentarios (86.9%)
0: 2,043,267 comentarios (13.1%)
Dataset de intuitive preparado y listo para usar
Distribucion de intuitive: {1: 13553500, 0: 2043267}
Splits de usuarios cargados desde data/splits_intuitive/

Comentarios: train=10,728,331 eval=2,279,220 test=2,589,216
0: train=1,433,866 eval=287,766 test=321,635
1: train=9,294,465 eval=1,991,454 test=2,267,581
SAE cargada: 16384 latentes, k=64, hookpoint=model.layers.25
Warning: You are sending unauthenticated requests to the HF Hub. Please set a HF_TOKEN to enable higher rate limits and faster downloads.

Loading weights:   0%|          | 0/398 [00:00<?, ?it/s]
Loading weights:   0%|          | 1/398 [00:00<01:45,  3.77it/s]
Loading weights:   9%|▉         | 36/398 [00:00<00:03, 119.18it/s]
Loading weights:  15%|█▍        | 58/398 [00:00<00:02, 139.55it/s]
Loading weights:  20%|██        | 80/398 [00:00<00:02, 149.29it/s]
Loading weights:  26%|██▌       | 102/398 [00:00<00:01, 166.92it/s]
Loading weights:  31%|███       | 124/398 [00:00<00:01, 172.15it/s]
Loading weights:  37%|███▋      | 146/398 [00:00<00:01, 173.57it/s]
Loading weights:  42%|████▏     | 168/398 [00:01<00:01, 174.97it/s]
Loading weights:  47%|████▋     | 187/398 [00:01<00:01, 159.87it/s]
Loading weights:  51%|█████▏    | 204/398 [00:01<00:01, 148.77it/s]
Loading weights:  57%|█████▋    | 225/398 [00:01<00:01, 159.28it/s]
Loading weights:  61%|██████    | 242/398 [00:01<00:00, 161.94it/s]
Loading weights:  65%|██████▌   | 259/398 [00:01<00:00, 156.09it/s]
Loading weights:  70%|██████▉   | 277/398 [00:01<00:00, 159.77it/s]
Loading weights:  74%|███████▍  | 295/398 [00:01<00:00, 163.83it/s]
Loading weights:  78%|███████▊  | 312/398 [00:02<00:00, 161.37it/s]
Loading weights:  84%|████████▎ | 333/398 [00:02<00:00, 169.76it/s]
Loading weights:  88%|████████▊ | 351/398 [00:02<00:00, 164.29it/s]
Loading weights:  92%|█████████▏| 368/398 [00:02<00:00, 156.33it/s]
Loading weights:  97%|█████████▋| 388/398 [00:02<00:00, 167.77it/s]
Loading weights: 100%|██████████| 398/398 [00:02<00:00, 157.89it/s]
Modelo truncado a las primeras 26 capas para hook 'model.layers.25'
torch.compile activado (dynamic=True)
num_latents=16384
Undersampling: min_count=1,433,866 (de {0: 1433866, 1: 9294465})
Undersampling: 2,867,732 muestras seleccionadas de 10,728,331
PASS A: Streaming datos de entrenamiento
[TRAIN   0.0%] step 1/83816 (128/10,728,331) | batch=128
[TRAIN   0.2%] step 167/83816 (21,376/10,728,331) | batch=128
[TRAIN   0.4%] step 342/83816 (43,776/10,728,331) | batch=128
[TRAIN   0.6%] step 505/83816 (64,640/10,728,331) | batch=128
[TRAIN   0.8%] step 684/83816 (87,552/10,728,331) | batch=128
[TRAIN   1.0%] step 858/83816 (109,824/10,728,331) | batch=128
[TRAIN   1.2%] step 1026/83816 (131,328/10,728,331) | batch=128
[TRAIN   1.4%] step 1193/83816 (152,704/10,728,331) | batch=128
[TRAIN   1.6%] step 1355/83816 (173,440/10,728,331) | batch=128
[TRAIN   1.8%] step 1512/83816 (193,536/10,728,331) | batch=128
[TRAIN   2.0%] step 1673/83816 (214,144/10,728,331) | batch=128
[TRAIN   2.2%] step 1839/83816 (235,392/10,728,331) | batch=128
[TRAIN   2.4%] step 2002/83816 (256,256/10,728,331) | batch=128
[TRAIN   2.6%] step 2166/83816 (277,248/10,728,331) | batch=128
[TRAIN   2.8%] step 2330/83816 (298,240/10,728,331) | batch=128
[TRAIN   3.0%] step 2499/83816 (319,872/10,728,331) | batch=128
[TRAIN   3.2%] step 2658/83816 (340,224/10,728,331) | batch=128
[TRAIN   3.4%] step 2826/83816 (361,728/10,728,331) | batch=128
[TRAIN   3.6%] step 2985/83816 (382,080/10,728,331) | batch=128
[TRAIN   3.8%] step 3147/83816 (402,816/10,728,331) | batch=128
[TRAIN   3.9%] step 3306/83816 (423,168/10,728,331) | batch=128
[TRAIN   4.1%] step 3467/83816 (443,776/10,728,331) | batch=128
[TRAIN   4.3%] step 3627/83816 (464,256/10,728,331) | batch=128
[TRAIN   4.5%] step 3784/83816 (484,352/10,728,331) | batch=128
[TRAIN   4.7%] step 3937/83816 (503,936/10,728,331) | batch=128
[TRAIN   4.9%] step 4089/83816 (523,392/10,728,331) | batch=128
[TRAIN   5.1%] step 4260/83816 (545,280/10,728,331) | batch=128
[TRAIN   5.3%] step 4425/83816 (566,400/10,728,331) | batch=128
[TRAIN   5.5%] step 4580/83816 (586,240/10,728,331) | batch=128
[TRAIN   5.7%] step 4742/83816 (606,976/10,728,331) | batch=128
[TRAIN   5.8%] step 4902/83816 (627,456/10,728,331) | batch=128
[TRAIN   6.0%] step 5058/83816 (647,424/10,728,331) | batch=128
[TRAIN   6.2%] step 5222/83816 (668,416/10,728,331) | batch=128
[TRAIN   6.4%] step 5384/83816 (689,152/10,728,331) | batch=128
[TRAIN   6.6%] step 5541/83816 (709,248/10,728,331) | batch=128
[TRAIN   6.8%] step 5704/83816 (730,112/10,728,331) | batch=128
[TRAIN   7.0%] step 5869/83816 (751,232/10,728,331) | batch=128
[TRAIN   7.2%] step 6029/83816 (771,712/10,728,331) | batch=128
[TRAIN   7.4%] step 6190/83816 (792,320/10,728,331) | batch=128
[TRAIN   7.6%] step 6347/83816 (812,416/10,728,331) | batch=128
[TRAIN   7.8%] step 6506/83816 (832,768/10,728,331) | batch=128
[TRAIN   7.9%] step 6661/83816 (852,608/10,728,331) | batch=128
[TRAIN   8.1%] step 6818/83816 (872,704/10,728,331) | batch=128
[TRAIN   8.3%] step 6971/83816 (892,288/10,728,331) | batch=128
[TRAIN   8.5%] step 7129/83816 (912,512/10,728,331) | batch=128
[TRAIN   8.7%] step 7283/83816 (932,224/10,728,331) | batch=128
[TRAIN   8.9%] step 7436/83816 (951,808/10,728,331) | batch=128
[TRAIN   9.1%] step 7587/83816 (971,136/10,728,331) | batch=128
[TRAIN   9.2%] step 7739/83816 (990,592/10,728,331) | batch=128
[TRAIN   9.4%] step 7898/83816 (1,010,944/10,728,331) | batch=128
[TRAIN   9.6%] step 8064/83816 (1,032,192/10,728,331) | batch=128
[TRAIN   9.8%] step 8224/83816 (1,052,672/10,728,331) | batch=128
[TRAIN  10.0%] step 8383/83816 (1,073,024/10,728,331) | batch=128
[TRAIN  10.2%] step 8550/83816 (1,094,400/10,728,331) | batch=128
[TRAIN  10.4%] step 8712/83816 (1,115,136/10,728,331) | batch=128
[TRAIN  10.6%] step 8870/83816 (1,135,360/10,728,331) | batch=128
[TRAIN  10.8%] step 9025/83816 (1,155,200/10,728,331) | batch=128
[TRAIN  11.0%] step 9185/83816 (1,175,680/10,728,331) | batch=128
[TRAIN  11.2%] step 9351/83816 (1,196,928/10,728,331) | batch=128
[TRAIN  11.3%] step 9510/83816 (1,217,280/10,728,331) | batch=128
[TRAIN  11.5%] step 9669/83816 (1,237,632/10,728,331) | batch=128
[TRAIN  11.7%] step 9827/83816 (1,257,856/10,728,331) | batch=128
[TRAIN  11.9%] step 9990/83816 (1,278,720/10,728,331) | batch=128
[TRAIN  12.1%] step 10149/83816 (1,299,072/10,728,331) | batch=128
[TRAIN  12.3%] step 10316/83816 (1,320,448/10,728,331) | batch=128
[TRAIN  12.5%] step 10475/83816 (1,340,800/10,728,331) | batch=128
[TRAIN  12.7%] step 10634/83816 (1,361,152/10,728,331) | batch=128
[TRAIN  12.9%] step 10797/83816 (1,382,016/10,728,331) | batch=128
[TRAIN  13.1%] step 10957/83816 (1,402,496/10,728,331) | batch=128
[TRAIN  13.3%] step 11121/83816 (1,423,488/10,728,331) | batch=128
[TRAIN  13.5%] step 11279/83816 (1,443,712/10,728,331) | batch=128
[TRAIN  13.6%] step 11438/83816 (1,464,064/10,728,331) | batch=128
[TRAIN  13.8%] step 11595/83816 (1,484,160/10,728,331) | batch=128
[TRAIN  14.0%] step 11754/83816 (1,504,512/10,728,331) | batch=128
[TRAIN  14.2%] step 11911/83816 (1,524,608/10,728,331) | batch=128
[TRAIN  14.4%] step 12068/83816 (1,544,704/10,728,331) | batch=128
[TRAIN  14.6%] step 12219/83816 (1,564,032/10,728,331) | batch=128
[TRAIN  14.8%] step 12373/83816 (1,583,744/10,728,331) | batch=128
[TRAIN  14.9%] step 12525/83816 (1,603,200/10,728,331) | batch=128
[TRAIN  15.1%] step 12678/83816 (1,622,784/10,728,331) | batch=128
[TRAIN  15.3%] step 12830/83816 (1,642,240/10,728,331) | batch=128
[TRAIN  15.5%] step 12984/83816 (1,661,952/10,728,331) | batch=128
[TRAIN  15.7%] step 13145/83816 (1,682,560/10,728,331) | batch=128
[TRAIN  15.9%] step 13313/83816 (1,704,064/10,728,331) | batch=128
[TRAIN  16.1%] step 13470/83816 (1,724,160/10,728,331) | batch=128
[TRAIN  16.3%] step 13625/83816 (1,744,000/10,728,331) | batch=128
[TRAIN  16.4%] step 13783/83816 (1,764,224/10,728,331) | batch=128
[TRAIN  16.6%] step 13951/83816 (1,785,728/10,728,331) | batch=128
[TRAIN  16.8%] step 14112/83816 (1,806,336/10,728,331) | batch=128
[TRAIN  17.0%] step 14281/83816 (1,827,968/10,728,331) | batch=128
[TRAIN  17.2%] step 14437/83816 (1,847,936/10,728,331) | batch=128
[TRAIN  17.4%] step 14594/83816 (1,868,032/10,728,331) | batch=128
[TRAIN  17.6%] step 14754/83816 (1,888,512/10,728,331) | batch=128
[TRAIN  17.8%] step 14910/83816 (1,908,480/10,728,331) | batch=128
[TRAIN  18.0%] step 15065/83816 (1,928,320/10,728,331) | batch=128
[TRAIN  18.2%] step 15229/83816 (1,949,312/10,728,331) | batch=128
[TRAIN  18.4%] step 15387/83816 (1,969,536/10,728,331) | batch=128
[TRAIN  18.5%] step 15541/83816 (1,989,248/10,728,331) | batch=128
[TRAIN  18.7%] step 15695/83816 (2,008,960/10,728,331) | batch=128
[TRAIN  18.9%] step 15847/83816 (2,028,416/10,728,331) | batch=128
[TRAIN  19.1%] step 16002/83816 (2,048,256/10,728,331) | batch=128
[TRAIN  19.3%] step 16154/83816 (2,067,712/10,728,331) | batch=128
[TRAIN  19.5%] step 16307/83816 (2,087,296/10,728,331) | batch=128
[TRAIN  19.6%] step 16458/83816 (2,106,624/10,728,331) | batch=128
[TRAIN  19.8%] step 16607/83816 (2,125,696/10,728,331) | batch=128
[TRAIN  20.0%] step 16772/83816 (2,146,816/10,728,331) | batch=128
[TRAIN  20.2%] step 16939/83816 (2,168,192/10,728,331) | batch=128
[TRAIN  20.4%] step 17104/83816 (2,189,312/10,728,331) | batch=128
[TRAIN  20.6%] step 17257/83816 (2,208,896/10,728,331) | batch=128
[TRAIN  20.8%] step 17423/83816 (2,230,144/10,728,331) | batch=128
[TRAIN  21.0%] step 17582/83816 (2,250,496/10,728,331) | batch=128
[TRAIN  21.2%] step 17742/83816 (2,270,976/10,728,331) | batch=128
[TRAIN  21.4%] step 17902/83816 (2,291,456/10,728,331) | batch=128
[TRAIN  21.6%] step 18065/83816 (2,312,320/10,728,331) | batch=128
[TRAIN  21.7%] step 18227/83816 (2,333,056/10,728,331) | batch=128
[TRAIN  21.9%] step 18383/83816 (2,353,024/10,728,331) | batch=128
[TRAIN  22.1%] step 18542/83816 (2,373,376/10,728,331) | batch=128
[TRAIN  22.3%] step 18699/83816 (2,393,472/10,728,331) | batch=128
[TRAIN  22.5%] step 18862/83816 (2,414,336/10,728,331) | batch=128
[TRAIN  22.7%] step 19018/83816 (2,434,304/10,728,331) | batch=128
[TRAIN  22.9%] step 19174/83816 (2,454,272/10,728,331) | batch=128
[TRAIN  23.1%] step 19332/83816 (2,474,496/10,728,331) | batch=128
[TRAIN  23.2%] step 19486/83816 (2,494,208/10,728,331) | batch=128
[TRAIN  23.4%] step 19639/83816 (2,513,792/10,728,331) | batch=128
[TRAIN  23.6%] step 19793/83816 (2,533,504/10,728,331) | batch=128
[TRAIN  23.8%] step 19943/83816 (2,552,704/10,728,331) | batch=128
[TRAIN  24.0%] step 20095/83816 (2,572,160/10,728,331) | batch=128
[TRAIN  24.2%] step 20250/83816 (2,592,000/10,728,331) | batch=128
[TRAIN  24.4%] step 20416/83816 (2,613,248/10,728,331) | batch=128
[TRAIN  24.6%] step 20581/83816 (2,634,368/10,728,331) | batch=128
[TRAIN  24.7%] step 20739/83816 (2,654,592/10,728,331) | batch=128
[TRAIN  24.9%] step 20895/83816 (2,674,560/10,728,331) | batch=128
[TRAIN  25.1%] step 21052/83816 (2,694,656/10,728,331) | batch=128
[TRAIN  25.3%] step 21213/83816 (2,715,264/10,728,331) | batch=128
[TRAIN  25.5%] step 21375/83816 (2,736,000/10,728,331) | batch=128
[TRAIN  25.7%] step 21534/83816 (2,756,352/10,728,331) | batch=128
[TRAIN  25.9%] step 21696/83816 (2,777,088/10,728,331) | batch=128
[TRAIN  26.1%] step 21853/83816 (2,797,184/10,728,331) | batch=128
[TRAIN  26.3%] step 22012/83816 (2,817,536/10,728,331) | batch=128
[TRAIN  26.4%] step 22168/83816 (2,837,504/10,728,331) | batch=128
[TRAIN  26.6%] step 22328/83816 (2,857,984/10,728,331) | batch=128
[TRAIN  26.8%] step 22483/83816 (2,877,824/10,728,331) | batch=128
[TRAIN  27.0%] step 22646/83816 (2,898,688/10,728,331) | batch=128
[TRAIN  27.2%] step 22801/83816 (2,918,528/10,728,331) | batch=128
[TRAIN  27.4%] step 22959/83816 (2,938,752/10,728,331) | batch=128
[TRAIN  27.6%] step 23112/83816 (2,958,336/10,728,331) | batch=128
[TRAIN  27.8%] step 23266/83816 (2,978,048/10,728,331) | batch=128
[TRAIN  27.9%] step 23421/83816 (2,997,888/10,728,331) | batch=128
[TRAIN  28.1%] step 23574/83816 (3,017,472/10,728,331) | batch=128
[TRAIN  28.3%] step 23724/83816 (3,036,672/10,728,331) | batch=128
[TRAIN  28.5%] step 23872/83816 (3,055,616/10,728,331) | batch=128
[TRAIN  28.7%] step 24030/83816 (3,075,840/10,728,331) | batch=128
[TRAIN  28.9%] step 24193/83816 (3,096,704/10,728,331) | batch=128
[TRAIN  29.1%] step 24350/83816 (3,116,800/10,728,331) | batch=128
[TRAIN  29.2%] step 24511/83816 (3,137,408/10,728,331) | batch=128
[TRAIN  29.4%] step 24667/83816 (3,157,376/10,728,331) | batch=128
[TRAIN  29.6%] step 24828/83816 (3,177,984/10,728,331) | batch=128
[TRAIN  29.8%] step 24995/83816 (3,199,360/10,728,331) | batch=128
[TRAIN  30.0%] step 25154/83816 (3,219,712/10,728,331) | batch=128
[TRAIN  30.2%] step 25313/83816 (3,240,064/10,728,331) | batch=128
[TRAIN  30.4%] step 25471/83816 (3,260,288/10,728,331) | batch=128
[TRAIN  30.6%] step 25626/83816 (3,280,128/10,728,331) | batch=128
[TRAIN  30.8%] step 25784/83816 (3,300,352/10,728,331) | batch=128
[TRAIN  30.9%] step 25939/83816 (3,320,192/10,728,331) | batch=128
[TRAIN  31.1%] step 26095/83816 (3,340,160/10,728,331) | batch=128
[TRAIN  31.3%] step 26253/83816 (3,360,384/10,728,331) | batch=128
[TRAIN  31.5%] step 26410/83816 (3,380,480/10,728,331) | batch=128
[TRAIN  31.7%] step 26564/83816 (3,400,192/10,728,331) | batch=128
[TRAIN  31.9%] step 26720/83816 (3,420,160/10,728,331) | batch=128
[TRAIN  32.1%] step 26875/83816 (3,440,000/10,728,331) | batch=128
[TRAIN  32.3%] step 27031/83816 (3,459,968/10,728,331) | batch=128
[TRAIN  32.4%] step 27181/83816 (3,479,168/10,728,331) | batch=128
[TRAIN  32.6%] step 27333/83816 (3,498,624/10,728,331) | batch=128
[TRAIN  32.8%] step 27483/83816 (3,517,824/10,728,331) | batch=128
[TRAIN  33.0%] step 27637/83816 (3,537,536/10,728,331) | batch=128
[TRAIN  33.2%] step 27795/83816 (3,557,760/10,728,331) | batch=128
[TRAIN  33.4%] step 27960/83816 (3,578,880/10,728,331) | batch=128
[TRAIN  33.5%] step 28117/83816 (3,598,976/10,728,331) | batch=128
[TRAIN  33.7%] step 28278/83816 (3,619,584/10,728,331) | batch=128
[TRAIN  33.9%] step 28439/83816 (3,640,192/10,728,331) | batch=128
[TRAIN  34.1%] step 28596/83816 (3,660,288/10,728,331) | batch=128
[TRAIN  34.3%] step 28754/83816 (3,680,512/10,728,331) | batch=128
[TRAIN  34.5%] step 28913/83816 (3,700,864/10,728,331) | batch=128
[TRAIN  34.7%] step 29068/83816 (3,720,704/10,728,331) | batch=128
[TRAIN  34.9%] step 29228/83816 (3,741,184/10,728,331) | batch=128
[TRAIN  35.1%] step 29385/83816 (3,761,280/10,728,331) | batch=128
[TRAIN  35.3%] step 29549/83816 (3,782,272/10,728,331) | batch=128
[TRAIN  35.4%] step 29707/83816 (3,802,496/10,728,331) | batch=128
[TRAIN  35.6%] step 29865/83816 (3,822,720/10,728,331) | batch=128
[TRAIN  35.8%] step 30021/83816 (3,842,688/10,728,331) | batch=128
[TRAIN  36.0%] step 30176/83816 (3,862,528/10,728,331) | batch=128
[TRAIN  36.2%] step 30334/83816 (3,882,752/10,728,331) | batch=128
[TRAIN  36.4%] step 30488/83816 (3,902,464/10,728,331) | batch=128
[TRAIN  36.6%] step 30644/83816 (3,922,432/10,728,331) | batch=128
[TRAIN  36.7%] step 30795/83816 (3,941,760/10,728,331) | batch=128
[TRAIN  36.9%] step 30945/83816 (3,960,960/10,728,331) | batch=128
[TRAIN  37.1%] step 31094/83816 (3,980,032/10,728,331) | batch=128
[TRAIN  37.3%] step 31243/83816 (3,999,104/10,728,331) | batch=128
[TRAIN  37.5%] step 31404/83816 (4,019,712/10,728,331) | batch=128
[TRAIN  37.7%] step 31561/83816 (4,039,808/10,728,331) | batch=128
[TRAIN  37.8%] step 31720/83816 (4,060,160/10,728,331) | batch=128
[TRAIN  38.0%] step 31887/83816 (4,081,536/10,728,331) | batch=128
[TRAIN  38.2%] step 32044/83816 (4,101,632/10,728,331) | batch=128
[TRAIN  38.4%] step 32202/83816 (4,121,856/10,728,331) | batch=128
[TRAIN  38.6%] step 32362/83816 (4,142,336/10,728,331) | batch=128
[TRAIN  38.8%] step 32517/83816 (4,162,176/10,728,331) | batch=128
[TRAIN  39.0%] step 32676/83816 (4,182,528/10,728,331) | batch=128
[TRAIN  39.2%] step 32838/83816 (4,203,264/10,728,331) | batch=128
[TRAIN  39.4%] step 32995/83816 (4,223,360/10,728,331) | batch=128
[TRAIN  39.6%] step 33152/83816 (4,243,456/10,728,331) | batch=128
[TRAIN  39.7%] step 33311/83816 (4,263,808/10,728,331) | batch=128
[TRAIN  39.9%] step 33465/83816 (4,283,520/10,728,331) | batch=128
[TRAIN  40.1%] step 33629/83816 (4,304,512/10,728,331) | batch=128
[TRAIN  40.3%] step 33788/83816 (4,324,864/10,728,331) | batch=128
[TRAIN  40.5%] step 33946/83816 (4,345,088/10,728,331) | batch=128
[TRAIN  40.7%] step 34104/83816 (4,365,312/10,728,331) | batch=128
[TRAIN  40.9%] step 34259/83816 (4,385,152/10,728,331) | batch=128
[TRAIN  41.1%] step 34411/83816 (4,404,608/10,728,331) | batch=128
[TRAIN  41.2%] step 34566/83816 (4,424,448/10,728,331) | batch=128
[TRAIN  41.4%] step 34715/83816 (4,443,520/10,728,331) | batch=128
[TRAIN  41.6%] step 34865/83816 (4,462,720/10,728,331) | batch=128
[TRAIN  41.8%] step 35010/83816 (4,481,280/10,728,331) | batch=128
[TRAIN  42.0%] step 35165/83816 (4,501,120/10,728,331) | batch=128
[TRAIN  42.2%] step 35330/83816 (4,522,240/10,728,331) | batch=128
[TRAIN  42.3%] step 35494/83816 (4,543,232/10,728,331) | batch=128
[TRAIN  42.5%] step 35649/83816 (4,563,072/10,728,331) | batch=128
[TRAIN  42.7%] step 35811/83816 (4,583,808/10,728,331) | batch=128
[TRAIN  42.9%] step 35973/83816 (4,604,544/10,728,331) | batch=128
[TRAIN  43.1%] step 36133/83816 (4,625,024/10,728,331) | batch=128
[TRAIN  43.3%] step 36290/83816 (4,645,120/10,728,331) | batch=128
[TRAIN  43.5%] step 36443/83816 (4,664,704/10,728,331) | batch=128
[TRAIN  43.7%] step 36601/83816 (4,684,928/10,728,331) | batch=128
[TRAIN  43.9%] step 36760/83816 (4,705,280/10,728,331) | batch=128
[TRAIN  44.0%] step 36916/83816 (4,725,248/10,728,331) | batch=128
[TRAIN  44.2%] step 37075/83816 (4,745,600/10,728,331) | batch=128
[TRAIN  44.4%] step 37230/83816 (4,765,440/10,728,331) | batch=128
[TRAIN  44.6%] step 37385/83816 (4,785,280/10,728,331) | batch=128
[TRAIN  44.8%] step 37538/83816 (4,804,864/10,728,331) | batch=128
[TRAIN  45.0%] step 37691/83816 (4,824,448/10,728,331) | batch=128
[TRAIN  45.2%] step 37845/83816 (4,844,160/10,728,331) | batch=128
[TRAIN  45.3%] step 37999/83816 (4,863,872/10,728,331) | batch=128
[TRAIN  45.5%] step 38156/83816 (4,883,968/10,728,331) | batch=128
[TRAIN  45.7%] step 38310/83816 (4,903,680/10,728,331) | batch=128
[TRAIN  45.9%] step 38461/83816 (4,923,008/10,728,331) | batch=128
[TRAIN  46.1%] step 38611/83816 (4,942,208/10,728,331) | batch=128
[TRAIN  46.3%] step 38767/83816 (4,962,176/10,728,331) | batch=128
[TRAIN  46.4%] step 38929/83816 (4,982,912/10,728,331) | batch=128
[TRAIN  46.6%] step 39093/83816 (5,003,904/10,728,331) | batch=128
[TRAIN  46.8%] step 39255/83816 (5,024,640/10,728,331) | batch=128
[TRAIN  47.0%] step 39409/83816 (5,044,352/10,728,331) | batch=128
[TRAIN  47.2%] step 39568/83816 (5,064,704/10,728,331) | batch=128
[TRAIN  47.4%] step 39731/83816 (5,085,568/10,728,331) | batch=128
[TRAIN  47.6%] step 39889/83816 (5,105,792/10,728,331) | batch=128
[TRAIN  47.8%] step 40047/83816 (5,126,016/10,728,331) | batch=128
[TRAIN  48.0%] step 40204/83816 (5,146,112/10,728,331) | batch=128
[TRAIN  48.2%] step 40361/83816 (5,166,208/10,728,331) | batch=128
[TRAIN  48.3%] step 40516/83816 (5,186,048/10,728,331) | batch=128
[TRAIN  48.5%] step 40677/83816 (5,206,656/10,728,331) | batch=128
[TRAIN  48.7%] step 40835/83816 (5,226,880/10,728,331) | batch=128
[TRAIN  48.9%] step 40990/83816 (5,246,720/10,728,331) | batch=128
[TRAIN  49.1%] step 41149/83816 (5,267,072/10,728,331) | batch=128
[TRAIN  49.3%] step 41305/83816 (5,287,040/10,728,331) | batch=128
[TRAIN  49.5%] step 41459/83816 (5,306,752/10,728,331) | batch=128
[TRAIN  49.6%] step 41614/83816 (5,326,592/10,728,331) | batch=128
[TRAIN  49.8%] step 41769/83816 (5,346,432/10,728,331) | batch=128
[TRAIN  50.0%] step 41920/83816 (5,365,760/10,728,331) | batch=128
[TRAIN  50.2%] step 42072/83816 (5,385,216/10,728,331) | batch=128
[TRAIN  50.4%] step 42226/83816 (5,404,928/10,728,331) | batch=128
[TRAIN  50.6%] step 42386/83816 (5,425,408/10,728,331) | batch=128
[TRAIN  50.8%] step 42541/83816 (5,445,248/10,728,331) | batch=128
[TRAIN  50.9%] step 42697/83816 (5,465,216/10,728,331) | batch=128
[TRAIN  51.1%] step 42859/83816 (5,485,952/10,728,331) | batch=128
[TRAIN  51.3%] step 43017/83816 (5,506,176/10,728,331) | batch=128
[TRAIN  51.5%] step 43178/83816 (5,526,784/10,728,331) | batch=128
[TRAIN  51.7%] step 43339/83816 (5,547,392/10,728,331) | batch=128
[TRAIN  51.9%] step 43501/83816 (5,568,128/10,728,331) | batch=128
[TRAIN  52.1%] step 43664/83816 (5,588,992/10,728,331) | batch=128
[TRAIN  52.3%] step 43822/83816 (5,609,216/10,728,331) | batch=128
[TRAIN  52.5%] step 43976/83816 (5,628,928/10,728,331) | batch=128
[TRAIN  52.7%] step 44133/83816 (5,649,024/10,728,331) | batch=128
[TRAIN  52.8%] step 44288/83816 (5,668,864/10,728,331) | batch=128
[TRAIN  53.0%] step 44444/83816 (5,688,832/10,728,331) | batch=128
[TRAIN  53.2%] step 44597/83816 (5,708,416/10,728,331) | batch=128
[TRAIN  53.4%] step 44749/83816 (5,727,872/10,728,331) | batch=128
[TRAIN  53.6%] step 44906/83816 (5,747,968/10,728,331) | batch=128
[TRAIN  53.8%] step 45061/83816 (5,767,808/10,728,331) | batch=128
[TRAIN  53.9%] step 45216/83816 (5,787,648/10,728,331) | batch=128
[TRAIN  54.1%] step 45369/83816 (5,807,232/10,728,331) | batch=128
[TRAIN  54.3%] step 45521/83816 (5,826,688/10,728,331) | batch=128
[TRAIN  54.5%] step 45672/83816 (5,846,016/10,728,331) | batch=128
[TRAIN  54.7%] step 45820/83816 (5,864,960/10,728,331) | batch=128
[TRAIN  54.9%] step 45979/83816 (5,885,312/10,728,331) | batch=128
[TRAIN  55.0%] step 46138/83816 (5,905,664/10,728,331) | batch=128
[TRAIN  55.2%] step 46302/83816 (5,926,656/10,728,331) | batch=128
[TRAIN  55.4%] step 46459/83816 (5,946,752/10,728,331) | batch=128
[TRAIN  55.6%] step 46620/83816 (5,967,360/10,728,331) | batch=128
[TRAIN  55.8%] step 46779/83816 (5,987,712/10,728,331) | batch=128
[TRAIN  56.0%] step 46939/83816 (6,008,192/10,728,331) | batch=128
[TRAIN  56.2%] step 47095/83816 (6,028,160/10,728,331) | batch=128
[TRAIN  56.4%] step 47253/83816 (6,048,384/10,728,331) | batch=128
[TRAIN  56.6%] step 47410/83816 (6,068,480/10,728,331) | batch=128
[TRAIN  56.8%] step 47566/83816 (6,088,448/10,728,331) | batch=128
[TRAIN  56.9%] step 47722/83816 (6,108,416/10,728,331) | batch=128
[TRAIN  57.1%] step 47878/83816 (6,128,384/10,728,331) | batch=128
[TRAIN  57.3%] step 48032/83816 (6,148,096/10,728,331) | batch=128
[TRAIN  57.5%] step 48186/83816 (6,167,808/10,728,331) | batch=128
[TRAIN  57.7%] step 48339/83816 (6,187,392/10,728,331) | batch=128
[TRAIN  57.9%] step 48494/83816 (6,207,232/10,728,331) | batch=128
[TRAIN  58.0%] step 48649/83816 (6,227,072/10,728,331) | batch=128
[TRAIN  58.2%] step 48799/83816 (6,246,272/10,728,331) | batch=128
[TRAIN  58.4%] step 48952/83816 (6,265,856/10,728,331) | batch=128
[TRAIN  58.6%] step 49103/83816 (6,285,184/10,728,331) | batch=128
[TRAIN  58.8%] step 49254/83816 (6,304,512/10,728,331) | batch=128
[TRAIN  58.9%] step 49402/83816 (6,323,456/10,728,331) | batch=128
[TRAIN  59.2%] step 49603/83816 (6,349,184/10,728,331) | batch=128
[TRAIN  59.4%] step 49798/83816 (6,374,144/10,728,331) | batch=128
[TRAIN  59.6%] step 49963/83816 (6,395,264/10,728,331) | batch=128
[TRAIN  59.8%] step 50115/83816 (6,414,720/10,728,331) | batch=128
[TRAIN  60.0%] step 50277/83816 (6,435,456/10,728,331) | batch=128
[TRAIN  60.2%] step 50434/83816 (6,455,552/10,728,331) | batch=128
[TRAIN  60.4%] step 50602/83816 (6,477,056/10,728,331) | batch=128
[TRAIN  60.6%] step 50788/83816 (6,500,864/10,728,331) | batch=128
[TRAIN  60.8%] step 50968/83816 (6,523,904/10,728,331) | batch=128
[TRAIN  61.0%] step 51147/83816 (6,546,816/10,728,331) | batch=128
[TRAIN  61.2%] step 51294/83816 (6,565,632/10,728,331) | batch=128
[TRAIN  61.4%] step 51445/83816 (6,584,960/10,728,331) | batch=128
[TRAIN  61.6%] step 51624/83816 (6,607,872/10,728,331) | batch=128
[TRAIN  61.8%] step 51813/83816 (6,632,064/10,728,331) | batch=128
[TRAIN  62.0%] step 51996/83816 (6,655,488/10,728,331) | batch=128
[TRAIN  62.2%] step 52153/83816 (6,675,584/10,728,331) | batch=128
[TRAIN  62.4%] step 52307/83816 (6,695,296/10,728,331) | batch=128
[TRAIN  62.6%] step 52474/83816 (6,716,672/10,728,331) | batch=128
[TRAIN  62.8%] step 52654/83816 (6,739,712/10,728,331) | batch=128
[TRAIN  63.0%] step 52823/83816 (6,761,344/10,728,331) | batch=128
[TRAIN  63.2%] step 52986/83816 (6,782,208/10,728,331) | batch=128
[TRAIN  63.4%] step 53142/83816 (6,802,176/10,728,331) | batch=128
[TRAIN  63.6%] step 53293/83816 (6,821,504/10,728,331) | batch=128
[TRAIN  63.8%] step 53450/83816 (6,841,600/10,728,331) | batch=128
[TRAIN  64.0%] step 53607/83816 (6,861,696/10,728,331) | batch=128
[TRAIN  64.1%] step 53761/83816 (6,881,408/10,728,331) | batch=128
[TRAIN  64.3%] step 53926/83816 (6,902,528/10,728,331) | batch=128
[TRAIN  64.5%] step 54078/83816 (6,921,984/10,728,331) | batch=128
[TRAIN  64.7%] step 54243/83816 (6,943,104/10,728,331) | batch=128
[TRAIN  64.9%] step 54399/83816 (6,963,072/10,728,331) | batch=128
[TRAIN  65.1%] step 54546/83816 (6,981,888/10,728,331) | batch=128
[TRAIN  65.3%] step 54693/83816 (7,000,704/10,728,331) | batch=128
[TRAIN  65.4%] step 54840/83816 (7,019,520/10,728,331) | batch=128
[TRAIN  65.6%] step 54987/83816 (7,038,336/10,728,331) | batch=128
[TRAIN  65.8%] step 55134/83816 (7,057,152/10,728,331) | batch=128
[TRAIN  66.0%] step 55281/83816 (7,075,968/10,728,331) | batch=128
[TRAIN  66.1%] step 55428/83816 (7,094,784/10,728,331) | batch=128
[TRAIN  66.3%] step 55574/83816 (7,113,472/10,728,331) | batch=128
[TRAIN  66.5%] step 55722/83816 (7,132,416/10,728,331) | batch=128
[TRAIN  66.7%] step 55869/83816 (7,151,232/10,728,331) | batch=128
[TRAIN  66.8%] step 56015/83816 (7,169,920/10,728,331) | batch=128
[TRAIN  67.0%] step 56162/83816 (7,188,736/10,728,331) | batch=128
[TRAIN  67.2%] step 56309/83816 (7,207,552/10,728,331) | batch=128
[TRAIN  67.4%] step 56456/83816 (7,226,368/10,728,331) | batch=128
[TRAIN  67.5%] step 56603/83816 (7,245,184/10,728,331) | batch=128
[TRAIN  67.7%] step 56750/83816 (7,264,000/10,728,331) | batch=128
[TRAIN  67.9%] step 56897/83816 (7,282,816/10,728,331) | batch=128
[TRAIN  68.1%] step 57045/83816 (7,301,760/10,728,331) | batch=128
[TRAIN  68.2%] step 57192/83816 (7,320,576/10,728,331) | batch=128
[TRAIN  68.4%] step 57340/83816 (7,339,520/10,728,331) | batch=128
[TRAIN  68.6%] step 57489/83816 (7,358,592/10,728,331) | batch=128
[TRAIN  68.8%] step 57636/83816 (7,377,408/10,728,331) | batch=128
[TRAIN  68.9%] step 57784/83816 (7,396,352/10,728,331) | batch=128
[TRAIN  69.1%] step 57932/83816 (7,415,296/10,728,331) | batch=128
[TRAIN  69.3%] step 58079/83816 (7,434,112/10,728,331) | batch=128
[TRAIN  69.5%] step 58226/83816 (7,452,928/10,728,331) | batch=128
[TRAIN  69.6%] step 58373/83816 (7,471,744/10,728,331) | batch=128
[TRAIN  69.8%] step 58520/83816 (7,490,560/10,728,331) | batch=128
[TRAIN  70.0%] step 58668/83816 (7,509,504/10,728,331) | batch=128
[TRAIN  70.2%] step 58816/83816 (7,528,448/10,728,331) | batch=128
[TRAIN  70.4%] step 58965/83816 (7,547,520/10,728,331) | batch=128
[TRAIN  70.5%] step 59113/83816 (7,566,464/10,728,331) | batch=128
[TRAIN  70.7%] step 59261/83816 (7,585,408/10,728,331) | batch=128
[TRAIN  70.9%] step 59408/83816 (7,604,224/10,728,331) | batch=128
[TRAIN  71.1%] step 59556/83816 (7,623,168/10,728,331) | batch=128
[TRAIN  71.2%] step 59704/83816 (7,642,112/10,728,331) | batch=128
[TRAIN  71.4%] step 59852/83816 (7,661,056/10,728,331) | batch=128
[TRAIN  71.6%] step 60001/83816 (7,680,128/10,728,331) | batch=128
[TRAIN  71.8%] step 60149/83816 (7,699,072/10,728,331) | batch=128
[TRAIN  71.9%] step 60297/83816 (7,718,016/10,728,331) | batch=128
[TRAIN  72.1%] step 60443/83816 (7,736,704/10,728,331) | batch=128
[TRAIN  72.3%] step 60591/83816 (7,755,648/10,728,331) | batch=128
[TRAIN  72.5%] step 60738/83816 (7,774,464/10,728,331) | batch=128
[TRAIN  72.6%] step 60886/83816 (7,793,408/10,728,331) | batch=128
[TRAIN  72.8%] step 61034/83816 (7,812,352/10,728,331) | batch=128
[TRAIN  73.0%] step 61180/83816 (7,831,040/10,728,331) | batch=128
[TRAIN  73.2%] step 61327/83816 (7,849,856/10,728,331) | batch=128
[TRAIN  73.3%] step 61475/83816 (7,868,800/10,728,331) | batch=128
[TRAIN  73.5%] step 61623/83816 (7,887,744/10,728,331) | batch=128
[TRAIN  73.7%] step 61771/83816 (7,906,688/10,728,331) | batch=128
[TRAIN  73.9%] step 61920/83816 (7,925,760/10,728,331) | batch=128
[TRAIN  74.1%] step 62069/83816 (7,944,832/10,728,331) | batch=128
[TRAIN  74.2%] step 62216/83816 (7,963,648/10,728,331) | batch=128
[TRAIN  74.4%] step 62363/83816 (7,982,464/10,728,331) | batch=128
[TRAIN  74.6%] step 62512/83816 (8,001,536/10,728,331) | batch=128
[TRAIN  74.8%] step 62660/83816 (8,020,480/10,728,331) | batch=128
[TRAIN  74.9%] step 62808/83816 (8,039,424/10,728,331) | batch=128
[TRAIN  75.1%] step 62957/83816 (8,058,496/10,728,331) | batch=128
[TRAIN  75.3%] step 63108/83816 (8,077,824/10,728,331) | batch=128
[TRAIN  75.5%] step 63257/83816 (8,096,896/10,728,331) | batch=128
[TRAIN  75.7%] step 63407/83816 (8,116,096/10,728,331) | batch=128
[TRAIN  75.8%] step 63556/83816 (8,135,168/10,728,331) | batch=128
[TRAIN  76.0%] step 63704/83816 (8,154,112/10,728,331) | batch=128
[TRAIN  76.2%] step 63853/83816 (8,173,184/10,728,331) | batch=128
[TRAIN  76.4%] step 64001/83816 (8,192,128/10,728,331) | batch=128
[TRAIN  76.5%] step 64150/83816 (8,211,200/10,728,331) | batch=128
[TRAIN  76.7%] step 64297/83816 (8,230,016/10,728,331) | batch=128
[TRAIN  76.9%] step 64445/83816 (8,248,960/10,728,331) | batch=128
[TRAIN  77.1%] step 64594/83816 (8,268,032/10,728,331) | batch=128
[TRAIN  77.2%] step 64745/83816 (8,287,360/10,728,331) | batch=128
[TRAIN  77.4%] step 64894/83816 (8,306,432/10,728,331) | batch=128
[TRAIN  77.6%] step 65042/83816 (8,325,376/10,728,331) | batch=128
[TRAIN  77.8%] step 65191/83816 (8,344,448/10,728,331) | batch=128
[TRAIN  78.0%] step 65339/83816 (8,363,392/10,728,331) | batch=128
[TRAIN  78.1%] step 65487/83816 (8,382,336/10,728,331) | batch=128
[TRAIN  78.3%] step 65635/83816 (8,401,280/10,728,331) | batch=128
[TRAIN  78.5%] step 65784/83816 (8,420,352/10,728,331) | batch=128
[TRAIN  78.7%] step 65932/83816 (8,439,296/10,728,331) | batch=128
[TRAIN  78.8%] step 66080/83816 (8,458,240/10,728,331) | batch=128
[TRAIN  79.0%] step 66228/83816 (8,477,184/10,728,331) | batch=128
[TRAIN  79.2%] step 66376/83816 (8,496,128/10,728,331) | batch=128
[TRAIN  79.4%] step 66525/83816 (8,515,200/10,728,331) | batch=128
[TRAIN  79.5%] step 66673/83816 (8,534,144/10,728,331) | batch=128
[TRAIN  79.7%] step 66822/83816 (8,553,216/10,728,331) | batch=128
[TRAIN  79.9%] step 66970/83816 (8,572,160/10,728,331) | batch=128
[TRAIN  80.1%] step 67118/83816 (8,591,104/10,728,331) | batch=128
[TRAIN  80.3%] step 67266/83816 (8,610,048/10,728,331) | batch=128
[TRAIN  80.4%] step 67413/83816 (8,628,864/10,728,331) | batch=128
[TRAIN  80.6%] step 67562/83816 (8,647,936/10,728,331) | batch=128
[TRAIN  80.8%] step 67710/83816 (8,666,880/10,728,331) | batch=128
[TRAIN  81.0%] step 67859/83816 (8,685,952/10,728,331) | batch=128
[TRAIN  81.1%] step 68006/83816 (8,704,768/10,728,331) | batch=128
[TRAIN  81.3%] step 68153/83816 (8,723,584/10,728,331) | batch=128
[TRAIN  81.5%] step 68300/83816 (8,742,400/10,728,331) | batch=128
[TRAIN  81.7%] step 68449/83816 (8,761,472/10,728,331) | batch=128
[TRAIN  81.8%] step 68597/83816 (8,780,416/10,728,331) | batch=128
[TRAIN  82.0%] step 68748/83816 (8,799,744/10,728,331) | batch=128
[TRAIN  82.2%] step 68898/83816 (8,818,944/10,728,331) | batch=128
[TRAIN  82.4%] step 69048/83816 (8,838,144/10,728,331) | batch=128
[TRAIN  82.6%] step 69196/83816 (8,857,088/10,728,331) | batch=128
[TRAIN  82.7%] step 69345/83816 (8,876,160/10,728,331) | batch=128
[TRAIN  82.9%] step 69495/83816 (8,895,360/10,728,331) | batch=128
[TRAIN  83.1%] step 69645/83816 (8,914,560/10,728,331) | batch=128
[TRAIN  83.3%] step 69794/83816 (8,933,632/10,728,331) | batch=128
[TRAIN  83.4%] step 69942/83816 (8,952,576/10,728,331) | batch=128
[TRAIN  83.6%] step 70092/83816 (8,971,776/10,728,331) | batch=128
[TRAIN  83.8%] step 70241/83816 (8,990,848/10,728,331) | batch=128
[TRAIN  84.0%] step 70390/83816 (9,009,920/10,728,331) | batch=128
[TRAIN  84.2%] step 70539/83816 (9,028,992/10,728,331) | batch=128
[TRAIN  84.3%] step 70686/83816 (9,047,808/10,728,331) | batch=128
[TRAIN  84.5%] step 70834/83816 (9,066,752/10,728,331) | batch=128
[TRAIN  84.7%] step 70982/83816 (9,085,696/10,728,331) | batch=128
[TRAIN  84.9%] step 71132/83816 (9,104,896/10,728,331) | batch=128
[TRAIN  85.0%] step 71280/83816 (9,123,840/10,728,331) | batch=128
[TRAIN  85.2%] step 71429/83816 (9,142,912/10,728,331) | batch=128
[TRAIN  85.4%] step 71577/83816 (9,161,856/10,728,331) | batch=128
[TRAIN  85.6%] step 71727/83816 (9,181,056/10,728,331) | batch=128
[TRAIN  85.8%] step 71876/83816 (9,200,128/10,728,331) | batch=128
[TRAIN  85.9%] step 72025/83816 (9,219,200/10,728,331) | batch=128
[TRAIN  86.1%] step 72174/83816 (9,238,272/10,728,331) | batch=128
[TRAIN  86.3%] step 72323/83816 (9,257,344/10,728,331) | batch=128
[TRAIN  86.5%] step 72473/83816 (9,276,544/10,728,331) | batch=128
[TRAIN  86.6%] step 72622/83816 (9,295,616/10,728,331) | batch=128
[TRAIN  86.8%] step 72770/83816 (9,314,560/10,728,331) | batch=128
[TRAIN  87.0%] step 72921/83816 (9,333,888/10,728,331) | batch=128
[TRAIN  87.2%] step 73070/83816 (9,352,960/10,728,331) | batch=128
[TRAIN  87.4%] step 73219/83816 (9,372,032/10,728,331) | batch=128
[TRAIN  87.5%] step 73368/83816 (9,391,104/10,728,331) | batch=128
[TRAIN  87.7%] step 73517/83816 (9,410,176/10,728,331) | batch=128
[TRAIN  87.9%] step 73666/83816 (9,429,248/10,728,331) | batch=128
[TRAIN  88.1%] step 73815/83816 (9,448,320/10,728,331) | batch=128
[TRAIN  88.2%] step 73965/83816 (9,467,520/10,728,331) | batch=128
[TRAIN  88.4%] step 74114/83816 (9,486,592/10,728,331) | batch=128
[TRAIN  88.6%] step 74263/83816 (9,505,664/10,728,331) | batch=128
[TRAIN  88.8%] step 74413/83816 (9,524,864/10,728,331) | batch=128
[TRAIN  89.0%] step 74561/83816 (9,543,808/10,728,331) | batch=128
[TRAIN  89.1%] step 74711/83816 (9,563,008/10,728,331) | batch=128
[TRAIN  89.3%] step 74861/83816 (9,582,208/10,728,331) | batch=128
[TRAIN  89.5%] step 75010/83816 (9,601,280/10,728,331) | batch=128
[TRAIN  89.7%] step 75158/83816 (9,620,224/10,728,331) | batch=128
[TRAIN  89.9%] step 75308/83816 (9,639,424/10,728,331) | batch=128
[TRAIN  90.0%] step 75457/83816 (9,658,496/10,728,331) | batch=128
[TRAIN  90.2%] step 75606/83816 (9,677,568/10,728,331) | batch=128
[TRAIN  90.4%] step 75755/83816 (9,696,640/10,728,331) | batch=128
[TRAIN  90.6%] step 75904/83816 (9,715,712/10,728,331) | batch=128
[TRAIN  90.7%] step 76053/83816 (9,734,784/10,728,331) | batch=128
[TRAIN  90.9%] step 76202/83816 (9,753,856/10,728,331) | batch=128
[TRAIN  91.1%] step 76353/83816 (9,773,184/10,728,331) | batch=128
[TRAIN  91.3%] step 76502/83816 (9,792,256/10,728,331) | batch=128
[TRAIN  91.5%] step 76650/83816 (9,811,200/10,728,331) | batch=128
[TRAIN  91.6%] step 76799/83816 (9,830,272/10,728,331) | batch=128
[TRAIN  91.8%] step 76947/83816 (9,849,216/10,728,331) | batch=128
[TRAIN  92.0%] step 77096/83816 (9,868,288/10,728,331) | batch=128
[TRAIN  92.2%] step 77245/83816 (9,887,360/10,728,331) | batch=128
[TRAIN  92.3%] step 77392/83816 (9,906,176/10,728,331) | batch=128
[TRAIN  92.5%] step 77540/83816 (9,925,120/10,728,331) | batch=128
[TRAIN  92.7%] step 77689/83816 (9,944,192/10,728,331) | batch=128
[TRAIN  92.9%] step 77840/83816 (9,963,520/10,728,331) | batch=128
[TRAIN  93.0%] step 77988/83816 (9,982,464/10,728,331) | batch=128
[TRAIN  93.2%] step 78136/83816 (10,001,408/10,728,331) | batch=128
[TRAIN  93.4%] step 78285/83816 (10,020,480/10,728,331) | batch=128
[TRAIN  93.6%] step 78433/83816 (10,039,424/10,728,331) | batch=128
[TRAIN  93.8%] step 78582/83816 (10,058,496/10,728,331) | batch=128
[TRAIN  93.9%] step 78731/83816 (10,077,568/10,728,331) | batch=128
[TRAIN  94.1%] step 78878/83816 (10,096,384/10,728,331) | batch=128
[TRAIN  94.3%] step 79026/83816 (10,115,328/10,728,331) | batch=128
[TRAIN  94.5%] step 79174/83816 (10,134,272/10,728,331) | batch=128
[TRAIN  94.6%] step 79321/83816 (10,153,088/10,728,331) | batch=128
[TRAIN  94.8%] step 79469/83816 (10,172,032/10,728,331) | batch=128
[TRAIN  95.0%] step 79617/83816 (10,190,976/10,728,331) | batch=128
[TRAIN  95.2%] step 79766/83816 (10,210,048/10,728,331) | batch=128
[TRAIN  95.3%] step 79915/83816 (10,229,120/10,728,331) | batch=128
[TRAIN  95.5%] step 80063/83816 (10,248,064/10,728,331) | batch=128
[TRAIN  95.7%] step 80212/83816 (10,267,136/10,728,331) | batch=128
[TRAIN  95.9%] step 80360/83816 (10,286,080/10,728,331) | batch=128
[TRAIN  96.1%] step 80509/83816 (10,305,152/10,728,331) | batch=128
[TRAIN  96.2%] step 80658/83816 (10,324,224/10,728,331) | batch=128
[TRAIN  96.4%] step 80806/83816 (10,343,168/10,728,331) | batch=128
[TRAIN  96.6%] step 80955/83816 (10,362,240/10,728,331) | batch=128
[TRAIN  96.8%] step 81104/83816 (10,381,312/10,728,331) | batch=128
[TRAIN  96.9%] step 81252/83816 (10,400,256/10,728,331) | batch=128
[TRAIN  97.1%] step 81400/83816 (10,419,200/10,728,331) | batch=128
[TRAIN  97.3%] step 81548/83816 (10,438,144/10,728,331) | batch=128
[TRAIN  97.5%] step 81697/83816 (10,457,216/10,728,331) | batch=128
[TRAIN  97.6%] step 81844/83816 (10,476,032/10,728,331) | batch=128
[TRAIN  97.8%] step 81991/83816 (10,494,848/10,728,331) | batch=128
[TRAIN  98.0%] step 82136/83816 (10,513,408/10,728,331) | batch=128
[TRAIN  98.2%] step 82284/83816 (10,532,352/10,728,331) | batch=128
[TRAIN  98.4%] step 82434/83816 (10,551,552/10,728,331) | batch=128
[TRAIN  98.5%] step 82582/83816 (10,570,496/10,728,331) | batch=128
[TRAIN  98.7%] step 82729/83816 (10,589,312/10,728,331) | batch=128
[TRAIN  98.9%] step 82878/83816 (10,608,384/10,728,331) | batch=128
[TRAIN  99.1%] step 83026/83816 (10,627,328/10,728,331) | batch=128
[TRAIN  99.2%] step 83175/83816 (10,646,400/10,728,331) | batch=128
[TRAIN  99.4%] step 83323/83816 (10,665,344/10,728,331) | batch=128
[TRAIN  99.6%] step 83472/83816 (10,684,416/10,728,331) | batch=128
[TRAIN  99.8%] step 83619/83816 (10,703,232/10,728,331) | batch=128
[TRAIN  99.9%] step 83768/83816 (10,722,304/10,728,331) | batch=128
[TRAIN 100.0%] step 83816/83816 (10,728,331/10,728,331) | batch=128

Pass A completado: 10,728,331 muestras procesadas.
PASS B: Streaming datos de evaluacion
[EVAL   0.0%] step 1/17807 (128/2,279,220) | batch=128
[EVAL   1.0%] step 178/17807 (22,784/2,279,220) | batch=128
[EVAL   2.0%] step 354/17807 (45,312/2,279,220) | batch=128
[EVAL   2.9%] step 522/17807 (66,816/2,279,220) | batch=128
[EVAL   3.9%] step 691/17807 (88,448/2,279,220) | batch=128
[EVAL   4.8%] step 849/17807 (108,672/2,279,220) | batch=128
[EVAL   5.7%] step 1019/17807 (130,432/2,279,220) | batch=128
[EVAL   6.6%] step 1183/17807 (151,424/2,279,220) | batch=128
[EVAL   7.6%] step 1346/17807 (172,288/2,279,220) | batch=128
[EVAL   8.5%] step 1508/17807 (193,024/2,279,220) | batch=128
[EVAL   9.3%] step 1663/17807 (212,864/2,279,220) | batch=128
[EVAL  10.3%] step 1830/17807 (234,240/2,279,220) | batch=128
[EVAL  11.2%] step 1997/17807 (255,616/2,279,220) | batch=128
[EVAL  12.2%] step 2165/17807 (277,120/2,279,220) | batch=128
[EVAL  13.1%] step 2329/17807 (298,112/2,279,220) | batch=128
[EVAL  14.1%] step 2502/17807 (320,256/2,279,220) | batch=128
[EVAL  15.0%] step 2665/17807 (341,120/2,279,220) | batch=128
[EVAL  15.8%] step 2822/17807 (361,216/2,279,220) | batch=128
[EVAL  16.8%] step 2991/17807 (382,848/2,279,220) | batch=128
[EVAL  17.7%] step 3157/17807 (404,096/2,279,220) | batch=128
[EVAL  18.6%] step 3317/17807 (424,576/2,279,220) | batch=128
[EVAL  19.5%] step 3478/17807 (445,184/2,279,220) | batch=128
[EVAL  20.4%] step 3638/17807 (465,664/2,279,220) | batch=128
[EVAL  21.4%] step 3807/17807 (487,296/2,279,220) | batch=128
[EVAL  22.3%] step 3968/17807 (507,904/2,279,220) | batch=128
[EVAL  23.2%] step 4130/17807 (528,640/2,279,220) | batch=128
[EVAL  24.1%] step 4289/17807 (548,992/2,279,220) | batch=128
[EVAL  25.0%] step 4447/17807 (569,216/2,279,220) | batch=128
[EVAL  25.9%] step 4613/17807 (590,464/2,279,220) | batch=128
[EVAL  26.8%] step 4775/17807 (611,200/2,279,220) | batch=128
[EVAL  27.7%] step 4935/17807 (631,680/2,279,220) | batch=128
[EVAL  28.6%] step 5095/17807 (652,160/2,279,220) | batch=128
[EVAL  29.5%] step 5251/17807 (672,128/2,279,220) | batch=128
[EVAL  30.5%] step 5423/17807 (694,144/2,279,220) | batch=128
[EVAL  31.4%] step 5586/17807 (715,008/2,279,220) | batch=128
[EVAL  32.3%] step 5755/17807 (736,640/2,279,220) | batch=128
[EVAL  33.2%] step 5913/17807 (756,864/2,279,220) | batch=128
[EVAL  34.1%] step 6075/17807 (777,600/2,279,220) | batch=128
[EVAL  35.0%] step 6241/17807 (798,848/2,279,220) | batch=128
[EVAL  36.0%] step 6407/17807 (820,096/2,279,220) | batch=128
[EVAL  36.9%] step 6567/17807 (840,576/2,279,220) | batch=128
[EVAL  37.8%] step 6722/17807 (860,416/2,279,220) | batch=128
[EVAL  38.6%] step 6881/17807 (880,768/2,279,220) | batch=128
[EVAL  39.6%] step 7056/17807 (903,168/2,279,220) | batch=128
[EVAL  40.5%] step 7219/17807 (924,032/2,279,220) | batch=128
[EVAL  41.4%] step 7377/17807 (944,256/2,279,220) | batch=128
[EVAL  42.3%] step 7538/17807 (964,864/2,279,220) | batch=128
[EVAL  43.2%] step 7695/17807 (984,960/2,279,220) | batch=128
[EVAL  44.1%] step 7860/17807 (1,006,080/2,279,220) | batch=128
[EVAL  45.1%] step 8024/17807 (1,027,072/2,279,220) | batch=128
[EVAL  46.0%] step 8183/17807 (1,047,424/2,279,220) | batch=128
[EVAL  46.9%] step 8344/17807 (1,068,032/2,279,220) | batch=128
[EVAL  47.8%] step 8507/17807 (1,088,896/2,279,220) | batch=128
[EVAL  48.7%] step 8673/17807 (1,110,144/2,279,220) | batch=128
[EVAL  49.6%] step 8836/17807 (1,131,008/2,279,220) | batch=128
[EVAL  50.5%] step 8995/17807 (1,151,360/2,279,220) | batch=128
[EVAL  51.4%] step 9152/17807 (1,171,456/2,279,220) | batch=128
[EVAL  52.3%] step 9317/17807 (1,192,576/2,279,220) | batch=128
[EVAL  53.2%] step 9481/17807 (1,213,568/2,279,220) | batch=128
[EVAL  54.1%] step 9642/17807 (1,234,176/2,279,220) | batch=128
[EVAL  55.1%] step 9804/17807 (1,254,912/2,279,220) | batch=128
[EVAL  55.9%] step 9960/17807 (1,274,880/2,279,220) | batch=128
[EVAL  56.9%] step 10126/17807 (1,296,128/2,279,220) | batch=128
[EVAL  57.8%] step 10288/17807 (1,316,864/2,279,220) | batch=128
[EVAL  58.7%] step 10456/17807 (1,338,368/2,279,220) | batch=128
[EVAL  59.6%] step 10616/17807 (1,358,848/2,279,220) | batch=128
[EVAL  60.5%] step 10771/17807 (1,378,688/2,279,220) | batch=128
[EVAL  61.6%] step 10965/17807 (1,403,520/2,279,220) | batch=128
[EVAL  62.5%] step 11132/17807 (1,424,896/2,279,220) | batch=128
[EVAL  63.5%] step 11312/17807 (1,447,936/2,279,220) | batch=128
[EVAL  64.4%] step 11472/17807 (1,468,416/2,279,220) | batch=128
[EVAL  65.4%] step 11640/17807 (1,489,920/2,279,220) | batch=128
[EVAL  66.3%] step 11802/17807 (1,510,656/2,279,220) | batch=128
[EVAL  67.1%] step 11956/17807 (1,530,368/2,279,220) | batch=128
[EVAL  68.0%] step 12109/17807 (1,549,952/2,279,220) | batch=128
[EVAL  68.9%] step 12263/17807 (1,569,664/2,279,220) | batch=128
[EVAL  69.7%] step 12415/17807 (1,589,120/2,279,220) | batch=128
[EVAL  70.6%] step 12569/17807 (1,608,832/2,279,220) | batch=128
[EVAL  71.5%] step 12723/17807 (1,628,544/2,279,220) | batch=128
[EVAL  72.3%] step 12876/17807 (1,648,128/2,279,220) | batch=128
[EVAL  73.2%] step 13029/17807 (1,667,712/2,279,220) | batch=128
[EVAL  74.0%] step 13182/17807 (1,687,296/2,279,220) | batch=128
[EVAL  74.9%] step 13335/17807 (1,706,880/2,279,220) | batch=128
[EVAL  75.7%] step 13488/17807 (1,726,464/2,279,220) | batch=128
[EVAL  76.6%] step 13641/17807 (1,746,048/2,279,220) | batch=128
[EVAL  77.5%] step 13795/17807 (1,765,760/2,279,220) | batch=128
[EVAL  78.3%] step 13948/17807 (1,785,344/2,279,220) | batch=128
[EVAL  79.2%] step 14101/17807 (1,804,928/2,279,220) | batch=128
[EVAL  80.0%] step 14254/17807 (1,824,512/2,279,220) | batch=128
[EVAL  80.9%] step 14406/17807 (1,843,968/2,279,220) | batch=128
[EVAL  81.8%] step 14559/17807 (1,863,552/2,279,220) | batch=128
[EVAL  82.6%] step 14710/17807 (1,882,880/2,279,220) | batch=128
[EVAL  83.5%] step 14862/17807 (1,902,336/2,279,220) | batch=128
[EVAL  84.3%] step 15016/17807 (1,922,048/2,279,220) | batch=128
[EVAL  85.2%] step 15168/17807 (1,941,504/2,279,220) | batch=128
[EVAL  86.0%] step 15321/17807 (1,961,088/2,279,220) | batch=128
[EVAL  86.9%] step 15475/17807 (1,980,800/2,279,220) | batch=128
[EVAL  87.8%] step 15628/17807 (2,000,384/2,279,220) | batch=128
[EVAL  88.6%] step 15780/17807 (2,019,840/2,279,220) | batch=128
[EVAL  89.5%] step 15932/17807 (2,039,296/2,279,220) | batch=128
[EVAL  90.3%] step 16085/17807 (2,058,880/2,279,220) | batch=128
[EVAL  91.2%] step 16240/17807 (2,078,720/2,279,220) | batch=128
[EVAL  92.1%] step 16392/17807 (2,098,176/2,279,220) | batch=128
[EVAL  92.9%] step 16545/17807 (2,117,760/2,279,220) | batch=128
[EVAL  93.8%] step 16699/17807 (2,137,472/2,279,220) | batch=128
[EVAL  94.6%] step 16852/17807 (2,157,056/2,279,220) | batch=128
[EVAL  95.5%] step 17007/17807 (2,176,896/2,279,220) | batch=128
[EVAL  96.4%] step 17160/17807 (2,196,480/2,279,220) | batch=128
[EVAL  97.2%] step 17313/17807 (2,216,064/2,279,220) | batch=128
[EVAL  98.1%] step 17468/17807 (2,235,904/2,279,220) | batch=128
[EVAL  99.0%] step 17621/17807 (2,255,488/2,279,220) | batch=128
[EVAL  99.8%] step 17775/17807 (2,275,200/2,279,220) | batch=128
[EVAL 100.0%] step 17807/17807 (2,279,220/2,279,220) | batch=128
A) CLASIFICACION A NIVEL DE COMENTARIO

EVAL comentario_last_token_sin_balanceo
Accuracy: 0.3577 | Balanced Acc: 0.4962 | Precision macro: 0.4981 | Recall macro: 0.4962 | F1 macro: 0.3348 | F1 weighted: 0.4271
0: prec=0.1250 rec=0.6815 f1=0.2113
1: prec=0.8711 rec=0.3110 f1=0.4583
precision    recall  f1-score   support

0       0.13      0.68      0.21    287766
1       0.87      0.31      0.46   1991454

accuracy                           0.36   2279220
macro avg       0.50      0.50      0.33   2279220
weighted avg       0.78      0.36      0.43   2279220

Confusion matrix:
[[ 196114   91652]
[1372201  619253]]

EVAL comentario_last_token_balanceo_manual
Accuracy: 0.3637 | Balanced Acc: 0.4979 | Precision macro: 0.4989 | Recall macro: 0.4979 | F1 macro: 0.3392 | F1 weighted: 0.4343
0: prec=0.1256 rec=0.6774 f1=0.2119
1: prec=0.8723 rec=0.3183 f1=0.4664
precision    recall  f1-score   support

0       0.13      0.68      0.21    287766
1       0.87      0.32      0.47   1991454

accuracy                           0.36   2279220
macro avg       0.50      0.50      0.34   2279220
weighted avg       0.78      0.36      0.43   2279220

Confusion matrix:
[[ 194937   92829]
[1357497  633957]]

EVAL comentario_last_token_undersampling
Accuracy: 0.5161 | Balanced Acc: 0.5323 | Precision macro: 0.5142 | Recall macro: 0.5323 | F1 macro: 0.4363 | F1 weighted: 0.5948
0: prec=0.1406 rec=0.5539 f1=0.2242
1: prec=0.8879 rec=0.5106 f1=0.6483
precision    recall  f1-score   support

0       0.14      0.55      0.22    287766
1       0.89      0.51      0.65   1991454

accuracy                           0.52   2279220
macro avg       0.51      0.53      0.44   2279220
weighted avg       0.79      0.52      0.59   2279220

Confusion matrix:
[[ 159406  128360]
[ 974663 1016791]]

EVAL comentario_mean_sin_balanceo
Accuracy: 0.6133 | Balanced Acc: 0.4948 | Precision macro: 0.4974 | Recall macro: 0.4948 | F1 macro: 0.4635 | F1 weighted: 0.6754
0: prec=0.1229 rec=0.3362 f1=0.1800
1: prec=0.8720 rec=0.6533 f1=0.7470
precision    recall  f1-score   support

0       0.12      0.34      0.18    287766
1       0.87      0.65      0.75   1991454

accuracy                           0.61   2279220
macro avg       0.50      0.49      0.46   2279220
weighted avg       0.78      0.61      0.68   2279220

Confusion matrix:
[[  96748  191018]
[ 690359 1301095]]

EVAL comentario_mean_balanceo_manual
Accuracy: 0.6165 | Balanced Acc: 0.4975 | Precision macro: 0.4988 | Recall macro: 0.4975 | F1 macro: 0.4659 | F1 weighted: 0.6779
0: prec=0.1247 rec=0.3384 f1=0.1822
1: prec=0.8729 rec=0.6567 f1=0.7495
precision    recall  f1-score   support

0       0.12      0.34      0.18    287766
1       0.87      0.66      0.75   1991454

accuracy                           0.62   2279220
macro avg       0.50      0.50      0.47   2279220
weighted avg       0.78      0.62      0.68   2279220

Confusion matrix:
[[  97385  190381]
[ 683752 1307702]]

EVAL comentario_mean_undersampling
Accuracy: 0.5479 | Balanced Acc: 0.5275 | Precision macro: 0.5122 | Recall macro: 0.5275 | F1 macro: 0.4502 | F1 weighted: 0.6235
0: prec=0.1397 rec=0.5002 f1=0.2184
1: prec=0.8848 rec=0.5548 f1=0.6820
precision    recall  f1-score   support

0       0.14      0.50      0.22    287766
1       0.88      0.55      0.68   1991454

accuracy                           0.55   2279220
macro avg       0.51      0.53      0.45   2279220
weighted avg       0.79      0.55      0.62   2279220

Confusion matrix:
[[ 143936  143830]
[ 886581 1104873]]
B) CLASIFICACION A NIVEL DE USUARIO

Usuarios mean_of_last: train=6,357 eval=1,363
0: train=707 eval=168
1: train=5,650 eval=1,195
ENTRENANDO: usuario_mean_of_last_sin_balanceo
Train users: 6,357 | Eval users: 1,363

EVAL usuario_mean_of_last_sin_balanceo
Accuracy: 0.6192 | Balanced Acc: 0.5782 | Precision macro: 0.5356 | Recall macro: 0.5782 | F1 macro: 0.4988 | F1 weighted: 0.6839
0: prec=0.1670 rec=0.5238 f1=0.2532
1: prec=0.9043 rec=0.6326 f1=0.7445
precision    recall  f1-score   support

0       0.17      0.52      0.25       168
1       0.90      0.63      0.74      1195

accuracy                           0.62      1363
macro avg       0.54      0.58      0.50      1363
weighted avg       0.81      0.62      0.68      1363

Confusion matrix:
[[ 88  80]
[439 756]]
ENTRENANDO: usuario_mean_of_last_balanceo_manual
Train users: 6,357 | Eval users: 1,363

EVAL usuario_mean_of_last_balanceo_manual
Accuracy: 0.6324 | Balanced Acc: 0.6088 | Precision macro: 0.5496 | Recall macro: 0.6088 | F1 macro: 0.5162 | F1 weighted: 0.6949
0: prec=0.1841 rec=0.5774 f1=0.2791
1: prec=0.9151 rec=0.6402 f1=0.7533
precision    recall  f1-score   support

0       0.18      0.58      0.28       168
1       0.92      0.64      0.75      1195

accuracy                           0.63      1363
macro avg       0.55      0.61      0.52      1363
weighted avg       0.82      0.63      0.69      1363

Confusion matrix:
[[ 97  71]
[430 765]]
Undersampling: min_count=707 (de {0: 707, 1: 5650})
ENTRENANDO: usuario_mean_of_last_undersampling
Train users: 1,414 | Eval users: 1,363

EVAL usuario_mean_of_last_undersampling
Accuracy: 0.5290 | Balanced Acc: 0.5984 | Precision macro: 0.5426 | Recall macro: 0.5984 | F1 macro: 0.4594 | F1 weighted: 0.6055
0: prec=0.1643 rec=0.6905 f1=0.2654
1: prec=0.9209 rec=0.5063 f1=0.6533
precision    recall  f1-score   support

0       0.16      0.69      0.27       168
1       0.92      0.51      0.65      1195

accuracy                           0.53      1363
macro avg       0.54      0.60      0.46      1363
weighted avg       0.83      0.53      0.61      1363

Confusion matrix:
[[116  52]
[590 605]]

Usuarios mean_of_mean: train=6,357 eval=1,363
0: train=707 eval=168
1: train=5,650 eval=1,195
ENTRENANDO: usuario_mean_of_mean_sin_balanceo
Train users: 6,357 | Eval users: 1,363

EVAL usuario_mean_of_mean_sin_balanceo
Accuracy: 0.6471 | Balanced Acc: 0.5762 | Precision macro: 0.5363 | Recall macro: 0.5762 | F1 macro: 0.5105 | F1 weighted: 0.7053
0: prec=0.1705 rec=0.4821 f1=0.2519
1: prec=0.9020 rec=0.6703 f1=0.7691
precision    recall  f1-score   support

0       0.17      0.48      0.25       168
1       0.90      0.67      0.77      1195

accuracy                           0.65      1363
macro avg       0.54      0.58      0.51      1363
weighted avg       0.81      0.65      0.71      1363

Confusion matrix:
[[ 81  87]
[394 801]]
ENTRENANDO: usuario_mean_of_mean_balanceo_manual
Train users: 6,357 | Eval users: 1,363

EVAL usuario_mean_of_mean_balanceo_manual
Accuracy: 0.6559 | Balanced Acc: 0.6017 | Precision macro: 0.5482 | Recall macro: 0.6017 | F1 macro: 0.5248 | F1 weighted: 0.7129
0: prec=0.1858 rec=0.5298 f1=0.2751
1: prec=0.9106 rec=0.6736 f1=0.7744
precision    recall  f1-score   support

0       0.19      0.53      0.28       168
1       0.91      0.67      0.77      1195

accuracy                           0.66      1363
macro avg       0.55      0.60      0.52      1363
weighted avg       0.82      0.66      0.71      1363

Confusion matrix:
[[ 89  79]
[390 805]]
Undersampling: min_count=707 (de {0: 707, 1: 5650})
ENTRENANDO: usuario_mean_of_mean_undersampling
Train users: 1,414 | Eval users: 1,363

EVAL usuario_mean_of_mean_undersampling
Accuracy: 0.5591 | Balanced Acc: 0.6462 | Precision macro: 0.5632 | Recall macro: 0.6462 | F1 macro: 0.4886 | F1 weighted: 0.6316
0: prec=0.1858 rec=0.7619 f1=0.2987
1: prec=0.9407 rec=0.5305 f1=0.6784
precision    recall  f1-score   support

0       0.19      0.76      0.30       168
1       0.94      0.53      0.68      1195

accuracy                           0.56      1363
macro avg       0.56      0.65      0.49      1363
weighted avg       0.85      0.56      0.63      1363

Confusion matrix:
[[128  40]
[561 634]]
MEJOR MODELO EN EVAL
usuario_mean_of_mean_balanceo_manual | F1 macro=0.5248 | Recall macro=0.6017 | Precision macro=0.5482
MEJOR MODELO POR NIVEL EN EVAL
[comentario] comentario_mean_balanceo_manual | F1 macro=0.4659 | Recall macro=0.4975 | Precision macro=0.4988
[usuario] usuario_mean_of_mean_balanceo_manual | F1 macro=0.5248 | Recall macro=0.6017 | Precision macro=0.5482
PASS C: Streaming datos de test (mejor por nivel)
[TEST   0.0%] step 1/20229 (128/2,589,216) | batch=128
[TEST   0.8%] step 171/20229 (21,888/2,589,216) | batch=128
[TEST   1.7%] step 348/20229 (44,544/2,589,216) | batch=128
[TEST   2.6%] step 532/20229 (68,096/2,589,216) | batch=128
[TEST   3.5%] step 699/20229 (89,472/2,589,216) | batch=128
[TEST   4.3%] step 877/20229 (112,256/2,589,216) | batch=128
[TEST   5.2%] step 1046/20229 (133,888/2,589,216) | batch=128
[TEST   6.0%] step 1216/20229 (155,648/2,589,216) | batch=128
[TEST   6.9%] step 1394/20229 (178,432/2,589,216) | batch=128
[TEST   7.7%] step 1566/20229 (200,448/2,589,216) | batch=128
[TEST   8.6%] step 1734/20229 (221,952/2,589,216) | batch=128
[TEST   9.4%] step 1892/20229 (242,176/2,589,216) | batch=128
[TEST  10.2%] step 2065/20229 (264,320/2,589,216) | batch=128
[TEST  11.0%] step 2231/20229 (285,568/2,589,216) | batch=128
[TEST  11.9%] step 2403/20229 (307,584/2,589,216) | batch=128
[TEST  12.7%] step 2576/20229 (329,728/2,589,216) | batch=128
[TEST  13.6%] step 2741/20229 (350,848/2,589,216) | batch=128
[TEST  14.4%] step 2909/20229 (372,352/2,589,216) | batch=128
[TEST  15.2%] step 3070/20229 (392,960/2,589,216) | batch=128
[TEST  16.0%] step 3232/20229 (413,696/2,589,216) | batch=128
[TEST  16.8%] step 3401/20229 (435,328/2,589,216) | batch=128
[TEST  17.7%] step 3578/20229 (457,984/2,589,216) | batch=128
[TEST  18.5%] step 3744/20229 (479,232/2,589,216) | batch=128
[TEST  19.3%] step 3908/20229 (500,224/2,589,216) | batch=128
[TEST  20.1%] step 4071/20229 (521,088/2,589,216) | batch=128
[TEST  21.0%] step 4240/20229 (542,720/2,589,216) | batch=128
[TEST  21.8%] step 4415/20229 (565,120/2,589,216) | batch=128
[TEST  22.7%] step 4585/20229 (586,880/2,589,216) | batch=128
[TEST  23.5%] step 4748/20229 (607,744/2,589,216) | batch=128
[TEST  24.3%] step 4915/20229 (629,120/2,589,216) | batch=128
[TEST  25.2%] step 5088/20229 (651,264/2,589,216) | batch=128
[TEST  26.0%] step 5261/20229 (673,408/2,589,216) | batch=128
[TEST  26.8%] step 5431/20229 (695,168/2,589,216) | batch=128
[TEST  27.7%] step 5594/20229 (716,032/2,589,216) | batch=128
[TEST  28.5%] step 5758/20229 (737,024/2,589,216) | batch=128
[TEST  29.3%] step 5934/20229 (759,552/2,589,216) | batch=128
[TEST  30.2%] step 6101/20229 (780,928/2,589,216) | batch=128
[TEST  31.0%] step 6266/20229 (802,048/2,589,216) | batch=128
[TEST  31.8%] step 6429/20229 (822,912/2,589,216) | batch=128
[TEST  32.6%] step 6592/20229 (843,776/2,589,216) | batch=128
[TEST  33.4%] step 6760/20229 (865,280/2,589,216) | batch=128
[TEST  34.3%] step 6929/20229 (886,912/2,589,216) | batch=128
[TEST  35.1%] step 7099/20229 (908,672/2,589,216) | batch=128
[TEST  35.9%] step 7267/20229 (930,176/2,589,216) | batch=128
[TEST  36.7%] step 7428/20229 (950,784/2,589,216) | batch=128
[TEST  37.5%] step 7587/20229 (971,136/2,589,216) | batch=128
[TEST  38.3%] step 7757/20229 (992,896/2,589,216) | batch=128
[TEST  39.2%] step 7930/20229 (1,015,040/2,589,216) | batch=128
[TEST  40.0%] step 8097/20229 (1,036,416/2,589,216) | batch=128
[TEST  40.8%] step 8262/20229 (1,057,536/2,589,216) | batch=128
[TEST  41.7%] step 8430/20229 (1,079,040/2,589,216) | batch=128
[TEST  42.5%] step 8600/20229 (1,100,800/2,589,216) | batch=128
[TEST  43.4%] step 8772/20229 (1,122,816/2,589,216) | batch=128
[TEST  44.2%] step 8942/20229 (1,144,576/2,589,216) | batch=128
[TEST  45.0%] step 9105/20229 (1,165,440/2,589,216) | batch=128
[TEST  45.8%] step 9263/20229 (1,185,664/2,589,216) | batch=128
[TEST  46.6%] step 9436/20229 (1,207,808/2,589,216) | batch=128
[TEST  47.5%] step 9601/20229 (1,228,928/2,589,216) | batch=128
[TEST  48.3%] step 9771/20229 (1,250,688/2,589,216) | batch=128
[TEST  49.1%] step 9937/20229 (1,271,936/2,589,216) | batch=128
[TEST  49.9%] step 10101/20229 (1,292,928/2,589,216) | batch=128
[TEST  50.8%] step 10272/20229 (1,314,816/2,589,216) | batch=128
[TEST  51.6%] step 10443/20229 (1,336,704/2,589,216) | batch=128
[TEST  52.5%] step 10613/20229 (1,358,464/2,589,216) | batch=128
[TEST  53.3%] step 10778/20229 (1,379,584/2,589,216) | batch=128
[TEST  54.1%] step 10940/20229 (1,400,320/2,589,216) | batch=128
[TEST  54.9%] step 11109/20229 (1,421,952/2,589,216) | batch=128
[TEST  55.7%] step 11270/20229 (1,442,560/2,589,216) | batch=128
[TEST  56.6%] step 11444/20229 (1,464,832/2,589,216) | batch=128
[TEST  57.4%] step 11609/20229 (1,485,952/2,589,216) | batch=128
[TEST  58.2%] step 11771/20229 (1,506,688/2,589,216) | batch=128
[TEST  59.0%] step 11938/20229 (1,528,064/2,589,216) | batch=128
[TEST  60.0%] step 12129/20229 (1,552,512/2,589,216) | batch=128
[TEST  61.2%] step 12389/20229 (1,585,792/2,589,216) | batch=128
[TEST  62.3%] step 12599/20229 (1,612,672/2,589,216) | batch=128
[TEST  63.1%] step 12763/20229 (1,633,664/2,589,216) | batch=128
[TEST  63.9%] step 12919/20229 (1,653,632/2,589,216) | batch=128
[TEST  64.6%] step 13073/20229 (1,673,344/2,589,216) | batch=128
[TEST  65.4%] step 13229/20229 (1,693,312/2,589,216) | batch=128
[TEST  66.2%] step 13386/20229 (1,713,408/2,589,216) | batch=128
[TEST  66.9%] step 13542/20229 (1,733,376/2,589,216) | batch=128
[TEST  67.7%] step 13698/20229 (1,753,344/2,589,216) | batch=128
[TEST  68.5%] step 13856/20229 (1,773,568/2,589,216) | batch=128
[TEST  69.3%] step 14014/20229 (1,793,792/2,589,216) | batch=128
[TEST  70.1%] step 14172/20229 (1,814,016/2,589,216) | batch=128
[TEST  70.8%] step 14330/20229 (1,834,240/2,589,216) | batch=128
[TEST  71.6%] step 14488/20229 (1,854,464/2,589,216) | batch=128
[TEST  72.4%] step 14646/20229 (1,874,688/2,589,216) | batch=128
[TEST  73.2%] step 14805/20229 (1,895,040/2,589,216) | batch=128
[TEST  74.0%] step 14962/20229 (1,915,136/2,589,216) | batch=128
[TEST  74.7%] step 15118/20229 (1,935,104/2,589,216) | batch=128
[TEST  75.5%] step 15275/20229 (1,955,200/2,589,216) | batch=128
[TEST  76.3%] step 15434/20229 (1,975,552/2,589,216) | batch=128
[TEST  77.1%] step 15591/20229 (1,995,648/2,589,216) | batch=128
[TEST  77.9%] step 15750/20229 (2,016,000/2,589,216) | batch=128
[TEST  78.7%] step 15910/20229 (2,036,480/2,589,216) | batch=128
[TEST  79.4%] step 16068/20229 (2,056,704/2,589,216) | batch=128
[TEST  80.2%] step 16225/20229 (2,076,800/2,589,216) | batch=128
[TEST  81.0%] step 16383/20229 (2,097,024/2,589,216) | batch=128
[TEST  81.8%] step 16541/20229 (2,117,248/2,589,216) | batch=128
[TEST  82.6%] step 16699/20229 (2,137,472/2,589,216) | batch=128
[TEST  83.3%] step 16856/20229 (2,157,568/2,589,216) | batch=128
[TEST  84.1%] step 17013/20229 (2,177,664/2,589,216) | batch=128
[TEST  84.9%] step 17170/20229 (2,197,760/2,589,216) | batch=128
[TEST  85.7%] step 17327/20229 (2,217,856/2,589,216) | batch=128
[TEST  86.4%] step 17483/20229 (2,237,824/2,589,216) | batch=128
[TEST  87.2%] step 17642/20229 (2,258,176/2,589,216) | batch=128
[TEST  88.0%] step 17800/20229 (2,278,400/2,589,216) | batch=128
[TEST  88.8%] step 17957/20229 (2,298,496/2,589,216) | batch=128
[TEST  89.5%] step 18114/20229 (2,318,592/2,589,216) | batch=128
[TEST  90.3%] step 18270/20229 (2,338,560/2,589,216) | batch=128
[TEST  91.1%] step 18428/20229 (2,358,784/2,589,216) | batch=128
[TEST  91.9%] step 18585/20229 (2,378,880/2,589,216) | batch=128
[TEST  92.7%] step 18743/20229 (2,399,104/2,589,216) | batch=128
[TEST  93.4%] step 18900/20229 (2,419,200/2,589,216) | batch=128
[TEST  94.2%] step 19058/20229 (2,439,424/2,589,216) | batch=128
[TEST  95.0%] step 19215/20229 (2,459,520/2,589,216) | batch=128
[TEST  95.8%] step 19372/20229 (2,479,616/2,589,216) | batch=128
[TEST  96.5%] step 19529/20229 (2,499,712/2,589,216) | batch=128
[TEST  97.3%] step 19688/20229 (2,520,064/2,589,216) | batch=128
[TEST  98.1%] step 19846/20229 (2,540,288/2,589,216) | batch=128
[TEST  98.9%] step 20004/20229 (2,560,512/2,589,216) | batch=128
[TEST  99.7%] step 20162/20229 (2,580,736/2,589,216) | batch=128
[TEST 100.0%] step 20229/20229 (2,589,216/2,589,216) | batch=128

TEST comentario_mean_balanceo_manual
Accuracy: 0.6145 | Balanced Acc: 0.5014 | Precision macro: 0.5007 | Recall macro: 0.5014 | F1 macro: 0.4660 | F1 weighted: 0.6777
0: prec=0.1251 rec=0.3508 f1=0.1844
1: prec=0.8762 rec=0.6519 f1=0.7476
precision    recall  f1-score   support

0       0.13      0.35      0.18    321635
1       0.88      0.65      0.75   2267581

accuracy                           0.61   2589216
macro avg       0.50      0.50      0.47   2589216
weighted avg       0.78      0.61      0.68   2589216

Confusion matrix:
[[ 112836  208799]
[ 789278 1478303]]

TEST usuario_mean_of_mean_balanceo_manual
Accuracy: 0.6405 | Balanced Acc: 0.5792 | Precision macro: 0.5345 | Recall macro: 0.5792 | F1 macro: 0.5019 | F1 weighted: 0.7053
0: prec=0.1571 rec=0.5000 f1=0.2391
1: prec=0.9118 rec=0.6584 f1=0.7646
precision    recall  f1-score   support

0       0.16      0.50      0.24       154
1       0.91      0.66      0.76      1209

accuracy                           0.64      1363
macro avg       0.53      0.58      0.50      1363
weighted avg       0.83      0.64      0.71      1363

Confusion matrix:
[[ 77  77]
[413 796]]

MEJOR MODELO POR NIVEL EVALUADO EN TEST
[comentario] comentario_mean_balanceo_manual | Accuracy=0.6145 | BalAcc=0.5014 | F1 macro=0.4660 | Recall macro=0.5014 | Precision macro=0.5007
[usuario] usuario_mean_of_mean_balanceo_manual | Accuracy=0.6405 | BalAcc=0.5792 | F1 macro=0.5019 | Recall macro=0.5792 | Precision macro=0.5345
RESUMEN DE RESULTADOS (EVAL)
Config                                           Acc  BalAcc  F1mac     F1_0     F1_1
comentario_last_token_sin_balanceo            0.3577 0.49623 0.3348   0.2113   0.4583
comentario_last_token_balanceo_manual         0.3637 0.49788 0.3392   0.2119   0.4664
comentario_last_token_undersampling           0.5161 0.53226 0.4363   0.2242   0.6483
comentario_mean_sin_balanceo                  0.6133 0.49477 0.4635   0.1800   0.7470
comentario_mean_balanceo_manual               0.6165 0.49754 0.4659   0.1822   0.7495
comentario_mean_undersampling                 0.5479 0.52750 0.4502   0.2184   0.6820
usuario_mean_of_last_sin_balanceo             0.6192 0.57822 0.4988   0.2532   0.7445
usuario_mean_of_last_balanceo_manual          0.6324 0.60877 0.5162   0.2791   0.7533
usuario_mean_of_last_undersampling            0.5290 0.59838 0.4594   0.2654   0.6533
usuario_mean_of_mean_sin_balanceo             0.6471 0.57622 0.5105   0.2519   0.7691
usuario_mean_of_mean_balanceo_manual          0.6559 0.60170 0.5248   0.2751   0.7744
usuario_mean_of_mean_undersampling            0.5591 0.64622 0.4886   0.2987   0.6784
test_comentario_mean_balanceo_manual          0.6145 0.50137 0.4660   0.1844   0.7476
test_usuario_mean_of_mean_balanceo_manual     0.6405 0.57920 0.5019   0.2391   0.7646

Resumen guardado en: modelos/intuitive_qwen_sae_activaciones/resultados_resumen.json
COMPLETADO - Mejor modelo evaluado tambien en test
