[2026-04-01 11:47:26] Launcher MBTI secuencial arrancado
[2026-04-01 11:47:26] CUDA_VISIBLE_DEVICES=0
[2026-04-01 11:47:26] Log maestro: /home/aitziber.l/TFM/logs/mbti_secuencial_20260401_114726.log
[2026-04-01 11:47:26] Esperando a que termine el proceso 44035 antes de arrancar la cola
[2026-04-01 21:26:59] El proceso 44035 ha terminado; comienza la ejecucion secuencial
[2026-04-01 21:26:59] Limpiando contenido de /hdd/aitziber.l
[2026-04-01 21:27:23] Limpieza completada en /hdd/aitziber.l
[2026-04-01 21:27:23] Iniciando clasificacion_mbti/introverted/clasificador_introverted_gpt_activaciones.py
======================================================================
CLASIFICADOR INTROVERTED - ACTIVACIONES DIRECTAS GPT-2 (NO SAE)
======================================================================

============================================================
PREPARACIÓN DE DATASET PARA CLASIFICACIÓN DE INTROVERTED
============================================================

1. Cargando comentarios...
Se eliminaron 198 filas de comentarios con 'body' nulo o vacío.
   ✓ 17,639,864 comentarios cargados

2. Cargando autores...
   ✓ 10,295 autores cargados

3. Filtrando autores con 'introverted' conocido...
   ✓ 9,078 autores con introverted conocido
   (Eliminados 1,217 autores con introverted nulo)

4. Uniendo comentarios con introverted por autor...
   ✓ 15,569,453 comentarios con info de introverted
   (Eliminados 2,070,411 comentarios sin introverted conocido)

5. Distribución de introverted:
   1: 12,357,911 comentarios (79.4%)
   0: 3,211,542 comentarios (20.6%)

============================================================
✓ Dataset de introverted preparado y listo para usar
============================================================
Distribucion de introverted: {1: 12357911, 0: 3211542}

Extrayendo activaciones de GPT-2 para 15,569,453 comentarios...
Hookpoint: transformer.h.8, batch_size: 32
Warning: You are sending unauthenticated requests to the HF Hub. Please set a HF_TOKEN to enable higher rate limits and faster downloads.
`torch_dtype` is deprecated! Use `dtype` instead!
Loading weights:   0%|          | 0/148 [00:00<?, ?it/s]Loading weights:  22%|██▏       | 32/148 [00:00<00:00, 319.90it/s]Loading weights:  80%|███████▉  | 118/148 [00:00<00:00, 625.92it/s]Loading weights: 100%|██████████| 148/148 [00:00<00:00, 494.08it/s]
  [  0.0%] step 1/486546 (32/15,569,453 comentarios)
  [  4.6%] step 22385/486546 (716,320/15,569,453 comentarios)
  [  9.2%] step 44820/486546 (1,434,240/15,569,453 comentarios)
  [ 13.8%] step 67327/486546 (2,154,464/15,569,453 comentarios)
  [ 18.4%] step 89751/486546 (2,872,032/15,569,453 comentarios)
  [ 23.1%] step 112177/486546 (3,589,664/15,569,453 comentarios)
  [ 27.7%] step 134583/486546 (4,306,656/15,569,453 comentarios)
  [ 32.3%] step 156984/486546 (5,023,488/15,569,453 comentarios)
  [ 36.9%] step 179442/486546 (5,742,144/15,569,453 comentarios)
  [ 41.5%] step 201821/486546 (6,458,272/15,569,453 comentarios)
  [ 46.1%] step 224314/486546 (7,178,048/15,569,453 comentarios)
  [ 50.8%] step 246997/486546 (7,903,904/15,569,453 comentarios)
  [ 55.4%] step 269744/486546 (8,631,808/15,569,453 comentarios)
  [ 60.1%] step 292323/486546 (9,354,336/15,569,453 comentarios)
  [ 64.8%] step 315062/486546 (10,081,984/15,569,453 comentarios)
  [ 69.4%] step 337755/486546 (10,808,160/15,569,453 comentarios)
  [ 74.1%] step 360358/486546 (11,531,456/15,569,453 comentarios)
  [ 78.7%] step 382854/486546 (12,251,328/15,569,453 comentarios)
  [ 83.3%] step 405375/486546 (12,972,000/15,569,453 comentarios)
  [ 87.9%] step 427827/486546 (13,690,464/15,569,453 comentarios)
  [ 92.6%] step 450473/486546 (14,415,136/15,569,453 comentarios)
  [ 97.3%] step 473344/486546 (15,147,008/15,569,453 comentarios)
  [100.0%] step 486546/486546 (15,569,453/15,569,453 comentarios)
Activaciones guardadas en data/activaciones_gpt2_introverted/
Cargando activaciones desde data/activaciones_gpt2_introverted/ ...
  last_token: (15569453, 768), mean_token: (15569453, 768)

Activaciones: hidden_size=768, comentarios=15,569,453
  0: 3,211,542 (20.6%)
  1: 12,357,911 (79.4%)

######################################################################
# A) CLASIFICACION A NIVEL DE COMENTARIO
######################################################################
Splits de usuarios guardados en data/splits_introverted/
Split de comentarios (por usuario) guardado en data/splits_introverted/split_comentarios_por_usuario.npz
  Sin leakage: cada usuario aparece en un unico split.

Split comentarios: train=10,696,781 eval=2,475,331 test=2,397,341
  0: train=2,056,595 eval=664,740
  1: train=8,640,186 eval=1,810,591

  Ajustando StandardScaler para last_token (incremental)...
    Scaler ajustado sobre 10,696,781 muestras

============================================================
ENTRENANDO: comentario_last_token_sin_balanceo
  Train: 10,696,781 | Eval: 2,475,331
  Pesos de clase: ninguno (todos 1.0)
============================================================
  [Epoch 1] 100.0% (2612/2612)

=== EVAL comentario_last_token_sin_balanceo ===
Accuracy: 0.7314 | Balanced Acc: 0.5000 | F1 macro: 0.4225 | F1 weighted: 0.6180
         0: prec=0.3962 rec=0.0000 f1=0.0001
         1: prec=0.7315 rec=1.0000 f1=0.8449
              precision    recall  f1-score   support

           0       0.40      0.00      0.00    664740
           1       0.73      1.00      0.84   1810591

    accuracy                           0.73   2475331
   macro avg       0.56      0.50      0.42   2475331
weighted avg       0.64      0.73      0.62   2475331

Confusion matrix:
[[     21  664719]
 [     32 1810559]]
  -> Modelo guardado: modelos/introverted_gpt_activaciones/comentario_last_token_sin_balanceo.pkl

============================================================
ENTRENANDO: comentario_last_token_balanceo_manual
  Train: 10,696,781 | Eval: 2,475,331
  Pesos de clase: 0=1.100, 1=0.900
============================================================
  [Epoch 1] 100.0% (2612/2612)

=== EVAL comentario_last_token_balanceo_manual ===
Accuracy: 0.7314 | Balanced Acc: 0.5001 | F1 macro: 0.4227 | F1 weighted: 0.6181
         0: prec=0.3743 rec=0.0003 f1=0.0006
         1: prec=0.7315 rec=0.9998 f1=0.8448
              precision    recall  f1-score   support

           0       0.37      0.00      0.00    664740
           1       0.73      1.00      0.84   1810591

    accuracy                           0.73   2475331
   macro avg       0.55      0.50      0.42   2475331
weighted avg       0.64      0.73      0.62   2475331

Confusion matrix:
[[    204  664536]
 [    341 1810250]]
  -> Modelo guardado: modelos/introverted_gpt_activaciones/comentario_last_token_balanceo_manual.pkl
  comentario/last_token: limite resampling=87,381 (~2.00 GiB de working set, budget=2.0 GiB)

  Submuestreando 10,696,781 -> 87,381 para resampling...

  Aplicando SMOTE sobre 87,381 muestras...
    Antes 0: 16,800
    Antes 1: 70,581
    Despues 0: 70,581
    Despues 1: 70,581

============================================================
ENTRENANDO: comentario_last_token_SMOTE
  Train: 141,162 | Eval: 2,475,331
============================================================
  [Epoch 1] 100.0% (35/35)

=== EVAL comentario_last_token_SMOTE ===
Accuracy: 0.5342 | Balanced Acc: 0.5200 | F1 macro: 0.4971 | F1 weighted: 0.5603
         0: prec=0.2856 rec=0.4892 f1=0.3606
         1: prec=0.7460 rec=0.5507 f1=0.6336
              precision    recall  f1-score   support

           0       0.29      0.49      0.36    664740
           1       0.75      0.55      0.63   1810591

    accuracy                           0.53   2475331
   macro avg       0.52      0.52      0.50   2475331
weighted avg       0.62      0.53      0.56   2475331

Confusion matrix:
[[325219 339521]
 [813557 997034]]
  -> Modelo guardado: modelos/introverted_gpt_activaciones/comentario_last_token_SMOTE.pkl

  Aplicando ADASYN sobre 87,381 muestras...
    Antes 0: 16,800
    Antes 1: 70,581
    Despues 0: 67,666
    Despues 1: 70,581

============================================================
ENTRENANDO: comentario_last_token_ADASYN
  Train: 138,247 | Eval: 2,475,331
============================================================
  [Epoch 1] 100.0% (34/34)

=== EVAL comentario_last_token_ADASYN ===
Accuracy: 0.5478 | Balanced Acc: 0.5180 | F1 macro: 0.5017 | F1 weighted: 0.5719
         0: prec=0.2851 rec=0.4536 f1=0.3501
         1: prec=0.7438 rec=0.5824 f1=0.6533
              precision    recall  f1-score   support

           0       0.29      0.45      0.35    664740
           1       0.74      0.58      0.65   1810591

    accuracy                           0.55   2475331
   macro avg       0.51      0.52      0.50   2475331
weighted avg       0.62      0.55      0.57   2475331

Confusion matrix:
[[ 301502  363238]
 [ 756100 1054491]]
  -> Modelo guardado: modelos/introverted_gpt_activaciones/comentario_last_token_ADASYN.pkl

  Ajustando StandardScaler para mean (incremental)...
    Scaler ajustado sobre 10,696,781 muestras

============================================================
ENTRENANDO: comentario_mean_sin_balanceo
  Train: 10,696,781 | Eval: 2,475,331
  Pesos de clase: ninguno (todos 1.0)
============================================================
  [Epoch 1] 100.0% (2612/2612)

=== EVAL comentario_mean_sin_balanceo ===
Accuracy: 0.7315 | Balanced Acc: 0.5000 | F1 macro: 0.4225 | F1 weighted: 0.6181
         0: prec=0.5955 rec=0.0001 f1=0.0002
         1: prec=0.7315 rec=1.0000 f1=0.8449
              precision    recall  f1-score   support

           0       0.60      0.00      0.00    664740
           1       0.73      1.00      0.84   1810591

    accuracy                           0.73   2475331
   macro avg       0.66      0.50      0.42   2475331
weighted avg       0.69      0.73      0.62   2475331

Confusion matrix:
[[     53  664687]
 [     36 1810555]]
  -> Modelo guardado: modelos/introverted_gpt_activaciones/comentario_mean_sin_balanceo.pkl

============================================================
ENTRENANDO: comentario_mean_balanceo_manual
  Train: 10,696,781 | Eval: 2,475,331
  Pesos de clase: 0=1.100, 1=0.900
============================================================
  [Epoch 1] 100.0% (2612/2612)

=== EVAL comentario_mean_balanceo_manual ===
Accuracy: 0.7315 | Balanced Acc: 0.5003 | F1 macro: 0.4234 | F1 weighted: 0.6185
         0: prec=0.5186 rec=0.0009 f1=0.0018
         1: prec=0.7316 rec=0.9997 f1=0.8449
              precision    recall  f1-score   support

           0       0.52      0.00      0.00    664740
           1       0.73      1.00      0.84   1810591

    accuracy                           0.73   2475331
   macro avg       0.63      0.50      0.42   2475331
weighted avg       0.67      0.73      0.62   2475331

Confusion matrix:
[[    612  664128]
 [    568 1810023]]
  -> Modelo guardado: modelos/introverted_gpt_activaciones/comentario_mean_balanceo_manual.pkl
  comentario/mean: limite resampling=87,381 (~2.00 GiB de working set, budget=2.0 GiB)

  Submuestreando 10,696,781 -> 87,381 para resampling...

  Aplicando SMOTE sobre 87,381 muestras...
    Antes 0: 16,800
    Antes 1: 70,581
    Despues 0: 70,581
    Despues 1: 70,581

============================================================
ENTRENANDO: comentario_mean_SMOTE
  Train: 141,162 | Eval: 2,475,331
============================================================
  [Epoch 1] 100.0% (35/35)

=== EVAL comentario_mean_SMOTE ===
Accuracy: 0.5566 | Balanced Acc: 0.5175 | F1 macro: 0.5046 | F1 weighted: 0.5789
         0: prec=0.2854 rec=0.4330 f1=0.3441
         1: prec=0.7431 rec=0.6020 f1=0.6651
              precision    recall  f1-score   support

           0       0.29      0.43      0.34    664740
           1       0.74      0.60      0.67   1810591

    accuracy                           0.56   2475331
   macro avg       0.51      0.52      0.50   2475331
weighted avg       0.62      0.56      0.58   2475331

Confusion matrix:
[[ 287844  376896]
 [ 720600 1089991]]
  -> Modelo guardado: modelos/introverted_gpt_activaciones/comentario_mean_SMOTE.pkl

  Aplicando ADASYN sobre 87,381 muestras...
    Antes 0: 16,800
    Antes 1: 70,581
    Despues 0: 66,304
    Despues 1: 70,581

============================================================
ENTRENANDO: comentario_mean_ADASYN
  Train: 136,885 | Eval: 2,475,331
============================================================
  [Epoch 1] 100.0% (34/34)

=== EVAL comentario_mean_ADASYN ===
Accuracy: 0.5602 | Balanced Acc: 0.5133 | F1 macro: 0.5031 | F1 weighted: 0.5811
         0: prec=0.2819 rec=0.4122 f1=0.3348
         1: prec=0.7401 rec=0.6145 f1=0.6715
              precision    recall  f1-score   support

           0       0.28      0.41      0.33    664740
           1       0.74      0.61      0.67   1810591

    accuracy                           0.56   2475331
   macro avg       0.51      0.51      0.50   2475331
weighted avg       0.62      0.56      0.58   2475331

Confusion matrix:
[[ 273992  390748]
 [ 697988 1112603]]
  -> Modelo guardado: modelos/introverted_gpt_activaciones/comentario_mean_ADASYN.pkl

######################################################################
# B) CLASIFICACION A NIVEL DE USUARIO
######################################################################
Splits de usuarios cargados desde data/splits_introverted/

Split usuarios: train=6,354 eval=1,362 test=1,362

  Agregando features por usuario para mean_of_last...

============================================================
ENTRENANDO: usuario_mean_of_last_sin_balanceo
  Train users: 6,354 | Eval users: 1,362
  Pesos de clase: ninguno (todos 1.0)
============================================================

=== EVAL usuario_mean_of_last_sin_balanceo ===
Accuracy: 0.7621 | Balanced Acc: 0.5274 | F1 macro: 0.5046 | F1 weighted: 0.6955
         0: prec=0.4444 rec=0.0883 f1=0.1474
         1: prec=0.7775 rec=0.9665 f1=0.8618
              precision    recall  f1-score   support

           0       0.44      0.09      0.15       317
           1       0.78      0.97      0.86      1045

    accuracy                           0.76      1362
   macro avg       0.61      0.53      0.50      1362
weighted avg       0.70      0.76      0.70      1362

Confusion matrix:
[[  28  289]
 [  35 1010]]
  -> Modelo guardado: modelos/introverted_gpt_activaciones/usuario_mean_of_last_sin_balanceo.pkl

============================================================
ENTRENANDO: usuario_mean_of_last_balanceo_manual
  Train users: 6,354 | Eval users: 1,362
  Pesos de clase: 0=1.100, 1=0.900
============================================================

=== EVAL usuario_mean_of_last_balanceo_manual ===
Accuracy: 0.7577 | Balanced Acc: 0.5487 | F1 macro: 0.5444 | F1 weighted: 0.7110
         0: prec=0.4425 rec=0.1577 f1=0.2326
         1: prec=0.7862 rec=0.9397 f1=0.8561
              precision    recall  f1-score   support

           0       0.44      0.16      0.23       317
           1       0.79      0.94      0.86      1045

    accuracy                           0.76      1362
   macro avg       0.61      0.55      0.54      1362
weighted avg       0.71      0.76      0.71      1362

Confusion matrix:
[[ 50 267]
 [ 63 982]]
  -> Modelo guardado: modelos/introverted_gpt_activaciones/usuario_mean_of_last_balanceo_manual.pkl

  Usuarios train dist:
    0: 1,320
    1: 5,034

  Aplicando SMOTE a nivel usuario (6,354 usuarios)...
  usuario/mean_of_last: limite resampling=6,354 (~0.15 GiB de working set, budget=2.0 GiB)
    Despues 0: 5,034
    Despues 1: 5,034

============================================================
ENTRENANDO: usuario_mean_of_last_SMOTE
  Train users: 10,068 | Eval users: 1,362
============================================================

=== EVAL usuario_mean_of_last_SMOTE ===
Accuracy: 0.6292 | Balanced Acc: 0.6298 | F1 macro: 0.5822 | F1 weighted: 0.6571
         0: prec=0.3401 rec=0.6309 f1=0.4420
         1: prec=0.8488 rec=0.6287 f1=0.7224
              precision    recall  f1-score   support

           0       0.34      0.63      0.44       317
           1       0.85      0.63      0.72      1045

    accuracy                           0.63      1362
   macro avg       0.59      0.63      0.58      1362
weighted avg       0.73      0.63      0.66      1362

Confusion matrix:
[[200 117]
 [388 657]]
  -> Modelo guardado: modelos/introverted_gpt_activaciones/usuario_mean_of_last_SMOTE.pkl

  Aplicando ADASYN a nivel usuario (6,354 usuarios)...
  usuario/mean_of_last: limite resampling=6,354 (~0.15 GiB de working set, budget=2.0 GiB)
    Despues 0: 5,039
    Despues 1: 5,034

============================================================
ENTRENANDO: usuario_mean_of_last_ADASYN
  Train users: 10,073 | Eval users: 1,362
============================================================

=== EVAL usuario_mean_of_last_ADASYN ===
Accuracy: 0.6344 | Balanced Acc: 0.6343 | F1 macro: 0.5868 | F1 weighted: 0.6617
         0: prec=0.3448 rec=0.6341 f1=0.4467
         1: prec=0.8511 rec=0.6344 f1=0.7270
              precision    recall  f1-score   support

           0       0.34      0.63      0.45       317
           1       0.85      0.63      0.73      1045

    accuracy                           0.63      1362
   macro avg       0.60      0.63      0.59      1362
weighted avg       0.73      0.63      0.66      1362

Confusion matrix:
[[201 116]
 [382 663]]
  -> Modelo guardado: modelos/introverted_gpt_activaciones/usuario_mean_of_last_ADASYN.pkl

  Agregando features por usuario para mean_of_mean...

============================================================
ENTRENANDO: usuario_mean_of_mean_sin_balanceo
  Train users: 6,354 | Eval users: 1,362
  Pesos de clase: ninguno (todos 1.0)
============================================================

=== EVAL usuario_mean_of_mean_sin_balanceo ===
Accuracy: 0.7658 | Balanced Acc: 0.5463 | F1 macro: 0.5374 | F1 weighted: 0.7111
         0: prec=0.4886 rec=0.1356 f1=0.2123
         1: prec=0.7849 rec=0.9569 f1=0.8624
              precision    recall  f1-score   support

           0       0.49      0.14      0.21       317
           1       0.78      0.96      0.86      1045

    accuracy                           0.77      1362
   macro avg       0.64      0.55      0.54      1362
weighted avg       0.72      0.77      0.71      1362

Confusion matrix:
[[  43  274]
 [  45 1000]]
  -> Modelo guardado: modelos/introverted_gpt_activaciones/usuario_mean_of_mean_sin_balanceo.pkl

============================================================
ENTRENANDO: usuario_mean_of_mean_balanceo_manual
  Train users: 6,354 | Eval users: 1,362
  Pesos de clase: 0=1.100, 1=0.900
============================================================

=== EVAL usuario_mean_of_mean_balanceo_manual ===
Accuracy: 0.7592 | Balanced Acc: 0.5519 | F1 macro: 0.5488 | F1 weighted: 0.7135
         0: prec=0.4522 rec=0.1640 f1=0.2407
         1: prec=0.7875 rec=0.9397 f1=0.8569
              precision    recall  f1-score   support

           0       0.45      0.16      0.24       317
           1       0.79      0.94      0.86      1045

    accuracy                           0.76      1362
   macro avg       0.62      0.55      0.55      1362
weighted avg       0.71      0.76      0.71      1362

Confusion matrix:
[[ 52 265]
 [ 63 982]]
  -> Modelo guardado: modelos/introverted_gpt_activaciones/usuario_mean_of_mean_balanceo_manual.pkl

  Usuarios train dist:
    0: 1,320
    1: 5,034

  Aplicando SMOTE a nivel usuario (6,354 usuarios)...
  usuario/mean_of_mean: limite resampling=6,354 (~0.15 GiB de working set, budget=2.0 GiB)
    Despues 0: 5,034
    Despues 1: 5,034

============================================================
ENTRENANDO: usuario_mean_of_mean_SMOTE
  Train users: 10,068 | Eval users: 1,362
============================================================

=== EVAL usuario_mean_of_mean_SMOTE ===
Accuracy: 0.6410 | Balanced Acc: 0.6320 | F1 macro: 0.5893 | F1 weighted: 0.6672
         0: prec=0.3470 rec=0.6151 f1=0.4437
         1: prec=0.8475 rec=0.6488 f1=0.7350
              precision    recall  f1-score   support

           0       0.35      0.62      0.44       317
           1       0.85      0.65      0.73      1045

    accuracy                           0.64      1362
   macro avg       0.60      0.63      0.59      1362
weighted avg       0.73      0.64      0.67      1362

Confusion matrix:
[[195 122]
 [367 678]]
  -> Modelo guardado: modelos/introverted_gpt_activaciones/usuario_mean_of_mean_SMOTE.pkl

  Aplicando ADASYN a nivel usuario (6,354 usuarios)...
  usuario/mean_of_mean: limite resampling=6,354 (~0.15 GiB de working set, budget=2.0 GiB)
    Despues 0: 5,069
    Despues 1: 5,034

============================================================
ENTRENANDO: usuario_mean_of_mean_ADASYN
  Train users: 10,103 | Eval users: 1,362
============================================================

=== EVAL usuario_mean_of_mean_ADASYN ===
Accuracy: 0.6322 | Balanced Acc: 0.6295 | F1 macro: 0.5836 | F1 weighted: 0.6596
         0: prec=0.3414 rec=0.6246 f1=0.4415
         1: prec=0.8478 rec=0.6344 f1=0.7258
              precision    recall  f1-score   support

           0       0.34      0.62      0.44       317
           1       0.85      0.63      0.73      1045

    accuracy                           0.63      1362
   macro avg       0.59      0.63      0.58      1362
weighted avg       0.73      0.63      0.66      1362

Confusion matrix:
[[198 119]
 [382 663]]
  -> Modelo guardado: modelos/introverted_gpt_activaciones/usuario_mean_of_mean_ADASYN.pkl


======================================================================
RESUMEN DE RESULTADOS (EVAL)
======================================================================
Config                                           Acc  BalAcc  F1mac     F1_0     F1_1
-------------------------------------------------------------------------------------
comentario_last_token_sin_balanceo            0.7314 0.50001 0.4225   0.0001   0.8449
comentario_last_token_balanceo_manual         0.7314 0.50006 0.4227   0.0006   0.8448
comentario_last_token_SMOTE                   0.5342 0.51996 0.4971   0.3606   0.6336
comentario_last_token_ADASYN                  0.5478 0.51798 0.5017   0.3501   0.6533
comentario_mean_sin_balanceo                  0.7315 0.50003 0.4225   0.0002   0.8449
comentario_mean_balanceo_manual               0.7315 0.50030 0.4234   0.0018   0.8449
comentario_mean_SMOTE                         0.5566 0.51751 0.5046   0.3441   0.6651
comentario_mean_ADASYN                        0.5602 0.51334 0.5031   0.3348   0.6715
usuario_mean_of_last_sin_balanceo             0.7621 0.52742 0.5046   0.1474   0.8618
usuario_mean_of_last_balanceo_manual          0.7577 0.54872 0.5444   0.2326   0.8561
usuario_mean_of_last_SMOTE                    0.6292 0.62981 0.5822   0.4420   0.7224
usuario_mean_of_last_ADASYN                   0.6344 0.63426 0.5868   0.4467   0.7270
usuario_mean_of_mean_sin_balanceo             0.7658 0.54629 0.5374   0.2123   0.8624
usuario_mean_of_mean_balanceo_manual          0.7592 0.55188 0.5488   0.2407   0.8569
usuario_mean_of_mean_SMOTE                    0.6410 0.63197 0.5893   0.4437   0.7350
usuario_mean_of_mean_ADASYN                   0.6322 0.62953 0.5836   0.4415   0.7258

Resumen guardado en: modelos/introverted_gpt_activaciones/resultados_resumen.json

======================================================================
COMPLETADO - Test reservado para uso futuro
======================================================================
[2026-04-02 19:18:02] Finalizado correctamente: clasificacion_mbti/introverted/clasificador_introverted_gpt_activaciones.py
[2026-04-02 19:18:02] Limpiando contenido de /hdd/aitziber.l
[2026-04-02 19:18:03] Limpieza completada en /hdd/aitziber.l
[2026-04-02 19:18:03] Iniciando clasificacion_mbti/introverted/clasificador_introverted_sae_activaciones.py
======================================================================
CLASIFICADOR INTROVERTED - REPRESENTACIONES SAE SOBRE GPT-2
======================================================================

============================================================
PREPARACIÓN DE DATASET PARA CLASIFICACIÓN DE INTROVERTED
============================================================

1. Cargando comentarios...
Se eliminaron 198 filas de comentarios con 'body' nulo o vacío.
   ✓ 17,639,864 comentarios cargados

2. Cargando autores...
   ✓ 10,295 autores cargados

3. Filtrando autores con 'introverted' conocido...
   ✓ 9,078 autores con introverted conocido
   (Eliminados 1,217 autores con introverted nulo)

4. Uniendo comentarios con introverted por autor...
   ✓ 15,569,453 comentarios con info de introverted
   (Eliminados 2,070,411 comentarios sin introverted conocido)

5. Distribución de introverted:
   1: 12,357,911 comentarios (79.4%)
   0: 3,211,542 comentarios (20.6%)

============================================================
✓ Dataset de introverted preparado y listo para usar
============================================================
Distribucion de introverted: {1: 12357911, 0: 3211542}

Extrayendo representaciones SAE para 15,569,453 comentarios...
SAE: sae-ckpts/sae-gpt2-comments
Device: cuda:0
CUDA disponible: True
GPU actual: 0
Nombre GPU: NVIDIA RTX A6000
SAE cargada: 16384 latentes, k=64, hookpoint=transformer.h.8
Features dtype: float16 | RAM estimada features: 950.3 GiB
Loading weights:   0%|          | 0/148 [00:00<?, ?it/s]Loading weights: 100%|██████████| 148/148 [00:00<00:00, 1245.31it/s]Loading weights: 100%|██████████| 148/148 [00:00<00:00, 1239.50it/s]
Warning: You are sending unauthenticated requests to the HF Hub. Please set a HF_TOKEN to enable higher rate limits and faster downloads.
  [  0.0%] step 1/486546 (32/15,569,453 comentarios) | batch=32
  [  7.0%] step 34176/486546 (1,093,632/15,569,453 comentarios) | batch=32
  [ 14.0%] step 68336/486546 (2,186,752/15,569,453 comentarios) | batch=32
  [ 21.1%] step 102514/486546 (3,280,448/15,569,453 comentarios) | batch=32
  [ 28.1%] step 136623/486546 (4,371,936/15,569,453 comentarios) | batch=32
  [ 35.1%] step 170722/486546 (5,463,104/15,569,453 comentarios) | batch=32
  [ 42.1%] step 204918/486546 (6,557,376/15,569,453 comentarios) | batch=32
  [ 49.2%] step 239143/486546 (7,652,576/15,569,453 comentarios) | batch=32
  [ 56.2%] step 273377/486546 (8,748,064/15,569,453 comentarios) | batch=32
/home/aitziber.l/TFM/run_mbti_after_pid_44035.sh: line 57: 101684 Bus error               (core dumped) python3 -u "$abs_path"
[2026-04-03 04:07:51] ERROR: clasificacion_mbti/introverted/clasificador_introverted_sae_activaciones.py fallo con exit code 135
