nohup: ignoring input
Pipeline en GPU 0: perceiving + thinking (gpt + sae)
Iniciando clasificacion_mbti/perceiving/clasificador_perceiving_gpt_activaciones.py
Activaciones GPT redirigidas a /hdd/aitziber.l/activaciones_gpt2_perceiving
CLASIFICADOR PERCEIVING - ACTIVACIONES DIRECTAS GPT-2 (NO SAE)
Preparación de Dataset para Clasificación de PERCEIVING
1. Cargando comentarios...
Se eliminaron 198 filas de comentarios con 'body' nulo o vacío. 17,639,864 comentarios cargados
2. Cargando autores... 10,295 autores cargados
3. Filtrando autores con 'perceiving' conocido... 9,074 autores con perceiving conocido (Eliminados 1,221 autores con perceiving nulo)

4. Uniendo comentarios con perceiving por autor... 15,582,276 comentarios con info de perceiving (Eliminados 2,057,588 comentarios sin perceiving conocido)
5. Distribución de perceiving: 1: 8,963,702 comentarios (57.5%) 0: 6,618,574 comentarios (42.5%)
Dataset de perceiving preparado y listo para usar
Distribucion de perceiving: {1: 8963702, 0: 6618574}
Extrayendo activaciones de GPT-2 para 15,582,276 comentarios...
Hookpoint: transformer.h.8, batch_size: 128, workers: 16
Warning: You are sending unauthenticated requests to the HF Hub. Please set a HF_TOKEN to enable higher rate limits and faster downloads.
`torch_dtype` is deprecated! Use `dtype` instead!

Loading weights:   0%|          | 0/148 [00:00<?, ?it/s]
Loading weights: 100%|██████████| 148/148 [00:00<00:00, 1133.47it/s]
Loading weights: 100%|██████████| 148/148 [00:00<00:00, 1129.70it/s]
Modelo truncado a las primeras 9 capas (skip h.9..h.11 + LM head)
torch.compile activado (dynamic=True)
Calculando longitudes y ordenando por longitud (bucketing)...
[  0.0%] step 1/121737 (128/15,582,276 comentarios, seq_len_batch=1)
[100.0%] step 121737/121737 (15,582,276/15,582,276 comentarios, seq_len_batch=256)
Volcando activaciones a data/activaciones_gpt2_perceiving/ ...
Activaciones guardadas en data/activaciones_gpt2_perceiving/
Cargando activaciones desde data/activaciones_gpt2_perceiving/ ...
last_token: (15582276, 768), mean_token: (15582276, 768)
Activaciones: hidden_size=768, comentarios=15,582,276
0: 6,618,574 (42.5%)
1: 8,963,702 (57.5%)
# A) CLASIFICACION A NIVEL DE COMENTARIO
Splits de usuarios guardados en data/splits_perceiving/
Split de comentarios (por usuario) guardado en data/splits_perceiving/split_comentarios_por_usuario.npz
Sin leakage: cada usuario aparece en un unico split.
Split comentarios: train=10,998,355 eval=2,452,738 test=2,131,183
0: train=4,657,754 eval=1,044,937
1: train=6,340,601 eval=1,407,801
Ajustando StandardScaler para last_token (incremental)...
Scaler ajustado sobre 10,998,355 muestras
ENTRENANDO: comentario_last_token_sin_balanceo Train: 10,998,355 | Eval: 2,452,738 Pesos de clase: ninguno (todos 1.0) [Epoch 1] 100.0% (2686/2686)

EVAL comentario_last_token_sin_balanceo
Accuracy: 0.5616 | Balanced Acc: 0.5164 | Precision macro: 0.5259 | Recall macro: 0.5164 | F1 macro: 0.4869 | F1 weighted: 0.5158
0: prec=0.4678 rec=0.2112 f1=0.2911
1: prec=0.5839 rec=0.8216 f1=0.6827
precision    recall  f1-score   support

0       0.47      0.21      0.29   1044937
1       0.58      0.82      0.68   1407801

accuracy                           0.56   2452738
macro avg       0.53      0.52      0.49   2452738
weighted avg       0.53      0.56      0.52   2452738

Confusion matrix:
[[ 220742  824195]
[ 251129 1156672]]
ENTRENANDO: comentario_last_token_balanceo_manual Train: 10,998,355 | Eval: 2,452,738 Pesos de clase: 0=1.100, 1=0.900 [Epoch 1] 100.0% (2686/2686)
EVAL comentario_last_token_balanceo_manual
Accuracy: 0.5421 | Balanced Acc: 0.5244 | Precision macro: 0.5254 | Recall macro: 0.5244 | F1 macro: 0.5235 | F1 weighted: 0.5374
0: prec=0.4577 rec=0.4048 f1=0.4296
1: prec=0.5931 rec=0.6440 f1=0.6175
precision    recall  f1-score   support

0       0.46      0.40      0.43   1044937
1       0.59      0.64      0.62   1407801

accuracy                           0.54   2452738
macro avg       0.53      0.52      0.52   2452738
weighted avg       0.54      0.54      0.54   2452738

Confusion matrix:
[[422964 621973]
[501233 906568]] Undersampling: min_count=4,657,754 (de {0: 4657754, 1: 6340601})
ENTRENANDO: comentario_last_token_undersampling
Train: 9,315,508 | Eval: 2,452,738
Pesos de clase: ninguno (todos 1.0)
[Epoch 1] 100.0% (2275/2275)
EVAL comentario_last_token_undersampling
Accuracy: 0.5242 | Balanced Acc: 0.5244 | Precision macro: 0.5239 | Recall macro: 0.5244 | F1 macro: 0.5215 | F1 weighted: 0.5269
0: prec=0.4500 rec=0.5257 f1=0.4849
1: prec=0.5978 rec=0.5232 f1=0.5580
precision    recall  f1-score   support

0       0.45      0.53      0.48   1044937
1       0.60      0.52      0.56   1407801

accuracy                           0.52   2452738
macro avg       0.52      0.52      0.52   2452738
weighted avg       0.53      0.52      0.53   2452738
Confusion matrix:
[[549330 495607]
[671294 736507]]
Ajustando StandardScaler para mean (incremental)... Scaler ajustado sobre 10,998,355 muestras
ENTRENANDO: comentario_mean_sin_balanceo
Train: 10,998,355 | Eval: 2,452,738
Pesos de clase: ninguno (todos 1.0)
[Epoch 1] 100.0% (2686/2686)
EVAL comentario_mean_sin_balanceo
Accuracy: 0.5584 | Balanced Acc: 0.5166 | Precision macro: 0.5241 | Recall macro: 0.5166 | F1 macro: 0.4931 | F1 weighted: 0.5200
0: prec=0.4639 rec=0.2340 f1=0.3110
1: prec=0.5843 rec=0.7993 f1=0.6751
precision    recall  f1-score   support

0       0.46      0.23      0.31   1044937
1       0.58      0.80      0.68   1407801

accuracy                           0.56   2452738
macro avg       0.52      0.52      0.49   2452738
weighted avg       0.53      0.56      0.52   2452738

Confusion matrix:
[[ 244484  800453]
[ 282573 1125228]]
ENTRENANDO: comentario_mean_balanceo_manual Train: 10,998,355 | Eval: 2,452,738 Pesos de clase: 0=1.100, 1=0.900 [Epoch 1] 100.0% (2686/2686)

EVAL comentario_mean_balanceo_manual
Accuracy: 0.5396 | Balanced Acc: 0.5245 | Precision macro: 0.5251 | Recall macro: 0.5245 | F1 macro: 0.5242 | F1 weighted: 0.5369
0: prec=0.4564 rec=0.4225 f1=0.4388
1: prec=0.5937 rec=0.6264 f1=0.6096
precision    recall  f1-score   support

0       0.46      0.42      0.44   1044937
1       0.59      0.63      0.61   1407801

accuracy                           0.54   2452738
macro avg       0.53      0.52      0.52   2452738
weighted avg       0.54      0.54      0.54   2452738

Confusion matrix:
[[441515 603422]
[525912 881889]]Undersampling: min_count=4,657,754 (de {0: 4657754, 1: 6340601})
ENTRENANDO: comentario_mean_undersampling
Train: 9,315,508 | Eval: 2,452,738
Pesos de clase: ninguno (todos 1.0)
[Epoch 1] 100.0% (2275/2275)

EVAL comentario_mean_undersampling
Accuracy: 0.5253 | Balanced Acc: 0.5234 | Precision macro: 0.5229 | Recall macro: 0.5234 | F1 macro: 0.5214 | F1 weighted: 0.5278
0: prec=0.4497 rec=0.5103 f1=0.4781
1: prec=0.5961 rec=0.5364 f1=0.5647
precision    recall  f1-score   support

0       0.45      0.51      0.48   1044937
1       0.60      0.54      0.56   1407801

accuracy                           0.53   2452738
macro avg       0.52      0.52      0.52   2452738
weighted avg       0.53      0.53      0.53   2452738

Confusion matrix:
[[533264 511673]
[652644 755157]]

# B) CLASIFICACION A NIVEL DE USUARIO
Splits de usuarios cargados desde data/splits_perceiving/
Split usuarios: train=6,351 eval=1,361 test=1,362
Agregando features por usuario para mean_of_last...
ENTRENANDO: usuario_mean_of_last_sin_balanceo
Train users: 6,351 | Eval users: 1,361
Pesos de clase: ninguno (todos 1.0)

EVAL usuario_mean_of_last_sin_balanceo
Accuracy: 0.6032 | Balanced Acc: 0.5740 | Precision macro: 0.5863 | Recall macro: 0.5740 | F1 macro: 0.5699 | F1 weighted: 0.5883
0: prec=0.5443 rec=0.3837 f1=0.4501
1: prec=0.6283 rec=0.7643 f1=0.6897
precision    recall  f1-score   support

0       0.54      0.38      0.45       576
1       0.63      0.76      0.69       785

accuracy                           0.60      1361
macro avg       0.59      0.57      0.57      1361
weighted avg       0.59      0.60      0.59      1361

Confusion matrix:
[[221 355]
[185 600]]
ENTRENANDO: usuario_mean_of_last_balanceo_manual
Train users: 6,351 | Eval users: 1,361
Pesos de clase: 0=1.100, 1=0.900

EVAL usuario_mean_of_last_balanceo_manual
Accuracy: 0.5900 | Balanced Acc: 0.5762 | Precision macro: 0.5776 | Recall macro: 0.5762 | F1 macro: 0.5765 | F1 weighted: 0.5881
0: prec=0.5166 rec=0.4861 f1=0.5009
1: prec=0.6386 rec=0.6662 f1=0.6521
precision    recall  f1-score   support

0       0.52      0.49      0.50       576
1       0.64      0.67      0.65       785

accuracy                           0.59      1361
macro avg       0.58      0.58      0.58      1361
weighted avg       0.59      0.59      0.59      1361

Confusion matrix:
[[280 296]
[262 523]]Undersampling: min_count=2,619 (de {0: 2619, 1: 3732})
ENTRENANDO: usuario_mean_of_last_undersampling
Train users: 5,238 | Eval users: 1,361
Pesos de clase: ninguno (todos 1.0)

EVAL usuario_mean_of_last_undersampling
Accuracy: 0.5981 | Balanced Acc: 0.5938 | Precision macro: 0.5923 | Recall macro: 0.5938 | F1 macro: 0.5923 | F1 weighted: 0.5998
0: prec=0.5233 rec=0.5660 f1=0.5438
1: prec=0.6612 rec=0.6217 f1=0.6408
precision    recall  f1-score   support

0       0.52      0.57      0.54       576
1       0.66      0.62      0.64       785

accuracy                           0.60      1361
macro avg       0.59      0.59      0.59      1361
weighted avg       0.60      0.60      0.60      1361

Confusion matrix:
[[326 250]
[297 488]]
Agregando features por usuario para mean_of_mean...
ENTRENANDO: usuario_mean_of_mean_sin_balanceo
Train users: 6,351 | Eval users: 1,361
Pesos de clase: ninguno (todos 1.0)
EVAL usuario_mean_of_mean_sin_balanceo
Accuracy: 0.6069 | Balanced Acc: 0.5823 | Precision macro: 0.5913 | Recall macro: 0.5823 | F1 macro: 0.5807 | F1 weighted: 0.5968
0: prec=0.5461 rec=0.4219 f1=0.4760
1: prec=0.6365 rec=0.7427 f1=0.6855
precision    recall  f1-score   support

0       0.55      0.42      0.48       576
1       0.64      0.74      0.69       785

accuracy                           0.61      1361
macro avg       0.59      0.58      0.58      1361
weighted avg       0.60      0.61      0.60      1361
Confusion matrix:
[[243 333]
[202 583]]
ENTRENANDO: usuario_mean_of_mean_balanceo_manual Train users: 6,351 | Eval users: 1,361 Pesos de clase: 0=1.100, 1=0.900
EVAL usuario_mean_of_mean_balanceo_manual
Accuracy: 0.6054 | Balanced Acc: 0.5953 | Precision macro: 0.5956 | Recall macro: 0.5953 | F1 macro: 0.5954 | F1 weighted: 0.6052
0: prec=0.5342 rec=0.5295 f1=0.5318
1: prec=0.6570 rec=0.6611 f1=0.6590
precision    recall  f1-score   support

0       0.53      0.53      0.53       576
1       0.66      0.66      0.66       785

accuracy                           0.61      1361
macro avg       0.60      0.60      0.60      1361
weighted avg       0.60      0.61      0.61      1361
Confusion matrix:
[[305 271]
[266 519]]Undersampling: min_count=2,619 (de {0: 2619, 1: 3732})
ENTRENANDO: usuario_mean_of_mean_undersampling Train users: 5,238 | Eval users: 1,361 Pesos de clase: ninguno (todos 1.0)
EVAL usuario_mean_of_mean_undersampling
Accuracy: 0.5966 | Balanced Acc: 0.5909 | Precision macro: 0.5897 | Recall macro: 0.5909 | F1 macro: 0.5899 | F1 weighted: 0.5980
0: prec=0.5221 rec=0.5538 f1=0.5375
1: prec=0.6573 rec=0.6280 f1=0.6423
precision    recall  f1-score   support

0       0.52      0.55      0.54       576
1       0.66      0.63      0.64       785

accuracy                           0.60      1361
macro avg       0.59      0.59      0.59      1361
weighted avg       0.60      0.60      0.60      1361
Confusion matrix:
[[319 257]
[292 493]]
comentario_last_token_sin_balanceo            0.5616 0.51643 0.4869   0.2911   0.6827
comentario_last_token_balanceo_manual         0.5421 0.52437 0.5235   0.4296   0.6175
comentario_last_token_undersampling           0.5242 0.52443 0.5215   0.4849   0.5580
comentario_mean_sin_balanceo                  0.5584 0.51663 0.4931   0.3110   0.6751
comentario_mean_balanceo_manual               0.5396 0.52448 0.5242   0.4388   0.6096
comentario_mean_undersampling                 0.5253 0.52337 0.5214   0.4781   0.5647
usuario_mean_of_last_sin_balanceo             0.6032 0.57401 0.5699   0.4501   0.6897
usuario_mean_of_last_balanceo_manual          0.5900 0.57618 0.5765   0.5009   0.6521
usuario_mean_of_last_undersampling            0.5981 0.59381 0.5923   0.5438   0.6408
usuario_mean_of_mean_sin_balanceo             0.6069 0.58228 0.5807   0.4760   0.6855
usuario_mean_of_mean_balanceo_manual          0.6054 0.59533 0.5954   0.5318   0.6590
usuario_mean_of_mean_undersampling            0.5966 0.59092 0.5899   0.5375   0.6423
MEJOR MODELO EN EVAL
usuario_mean_of_mean_balanceo_manual | F1 macro=0.5954 | Recall macro=0.5953 | Precision macro=0.5956
Mejor Modelo por Nivel en EVAL
[comentario] comentario_mean_balanceo_manual | F1 macro=0.5242 | Recall macro=0.5245 | Precision macro=0.5251
[usuario] usuario_mean_of_mean_balanceo_manual | F1 macro=0.5954 | Recall macro=0.5953 | Precision macro=0.5956

TEST comentario_mean_balanceo_manual
Accuracy: 0.5242 | Balanced Acc: 0.5064 | Precision macro: 0.5067 | Recall macro: 0.5064 | F1 macro: 0.5049 | F1 weighted: 0.5186
0: prec=0.4382 rec=0.3803 f1=0.4072
1: prec=0.5753 rec=0.6326 f1=0.6026
precision    recall  f1-score   support

0       0.44      0.38      0.41    915883
1       0.58      0.63      0.60   1215300

accuracy                           0.52   2131183
macro avg       0.51      0.51      0.50   2131183
weighted avg       0.52      0.52      0.52   2131183

Confusion matrix:
[[348289 567594]
[446504 768796]]

TEST usuario_mean_of_mean_balanceo_manual
Accuracy: 0.6101 | Balanced Acc: 0.5974 | Precision macro: 0.5977 | Recall macro: 0.5974 | F1 macro: 0.5975 | F1 weighted: 0.6098
0: prec=0.5296 rec=0.5230 f1=0.5263
1: prec=0.6658 rec=0.6717 f1=0.6687
precision    recall  f1-score   support

0       0.53      0.52      0.53       564
1       0.67      0.67      0.67       798

accuracy                           0.61      1362
macro avg       0.60      0.60      0.60      1362
weighted avg       0.61      0.61      0.61      1362

Confusion matrix:
[[295 269]
[262 536]]

Mejor Modelo por Nivel Evaluado en TEST
[comentario] comentario_mean_balanceo_manual | Accuracy=0.5242 | BalAcc=0.5064 | F1 macro=0.5049 | Recall macro=0.5064 | Precision macro=0.5067
[usuario] usuario_mean_of_mean_balanceo_manual | Accuracy=0.6101 | BalAcc=0.5974 | F1 macro=0.5975 | Recall macro=0.5974 | Precision macro=0.5977
Resumen guardado en: modelos/perceiving_gpt_activaciones/resultados_resumen.json
COMPLETADO - Mejor modelo evaluado tambien en test    Activaciones temporales eliminadas: /hdd/aitziber.l/activaciones_gpt2_perceiving  OK: clasificacion_mbti/perceiving/clasificador_perceiving_gpt_activaciones.py completado (1h 15m)  Iniciando clasificacion_mbti/perceiving/clasificador_perceiving_sae_activaciones.py    Cache SAE eliminada: /hdd/aitziber.l/activaciones_sae_gpt2_perceiving
CLASIFICADOR PERCEIVING - SAE SOBRE GPT-2 (STREAMING)
Preparación de Dataset para Clasificación de PERCEIVING
1. Cargando comentarios...
Se eliminaron 198 filas de comentarios con 'body' nulo o vacío.17,639,864 comentarios cargados
2. Cargando autores...10,295 autores cargados
3. Filtrando autores con 'perceiving' conocido...9,074 autores con perceiving conocido(Eliminados 1,221 autores con perceiving nulo)
4. Uniendo comentarios con perceiving por autor...15,582,276 comentarios con info de perceiving(Eliminados 2,057,588 comentarios sin perceiving conocido)
5. Distribución de perceiving:1: 8,963,702 comentarios (57.5%)0: 6,618,574 comentarios (42.5%)
Dataset de perceiving preparado y listo para usar
Distribucion de perceiving: {1: 8963702, 0: 6618574}
Splits de usuarios cargados desde data/splits_perceiving/
Comentarios: train=10,998,355 eval=2,452,738 test=2,131,183
0: train=4,657,754 eval=1,044,937 test=915,883
1: train=6,340,601 eval=1,407,801 test=1,215,300
SAE cargada: 16384 latentes, k=64, hookpoint=transformer.h.8
Warning: You are sending unauthenticated requests to the HF Hub. Please set a HF_TOKEN to enable higher rate limits and faster downloads.
Loading weights:   0%|          | 0/148 [00:00<?, ?it/s]
Loading weights: 100%|██████████| 148/148 [00:00<00:00, 1310.05it/s]
Loading weights: 100%|██████████| 148/148 [00:00<00:00, 1304.13it/s]
Modelo truncado a las primeras 9 capas (skip h.9..h.11)
torch.compile activado (dynamic=True)
num_latents=16384
Undersampling: min_count=4,657,754 (de {0: 4657754, 1: 6340601})
Undersampling: 9,315,508 muestras seleccionadas de 10,998,355

# PASS A: Streaming datos de entrenamiento
[TRAIN   0.0%] step 1/343699 (32/10,998,355) | batch=32 [TRAIN  12.6%] step 43477/343699 (1,391,264/10,998,355) | batch=32 [TRAIN  24.6%] step 84628/343699 (2,708,096/10,998,355) | batch=32 [TRAIN  36.9%] step 126777/343699 (4,056,864/10,998,355) | batch=32 [TRAIN  50.3%] step 172869/343699 (5,531,808/10,998,355) | batch=32 [TRAIN  62.1%] step 213358/343699 (6,827,456/10,998,355) | batch=32 [TRAIN  73.5%] step 252677/343699 (8,085,664/10,998,355) | batch=32 [TRAIN  85.0%] step 292198/343699 (9,350,336/10,998,355) | batch=32 [TRAIN  96.8%] step 332839/343699 (10,650,848/10,998,355) | batch=32 [TRAIN 100.0%] step 343699/343699 (10,998,355/10,998,355) | batch=32
Pass A completado: 10,998,355 muestras procesadas.

# PASS B: Streaming datos de evaluacion

[EVAL   0.0%] step 1/76649 (32/2,452,738) | batch=32
[EVAL  95.5%] step 73188/76649 (2,342,016/2,452,738) | batch=32
[EVAL 100.0%] step 76649/76649 (2,452,738/2,452,738) | batch=32

# A) CLASIFICACION A NIVEL DE COMENTARIO
EVAL comentario_last_token_sin_balanceo
Accuracy: 0.4919 | Balanced Acc: 0.5186 | Precision macro: 0.5208 | Recall macro: 0.5186 | F1 macro: 0.4864 | F1 weighted: 0.4785
0: prec=0.4394 rec=0.6988 f1=0.5396
1: prec=0.6021 rec=0.3383 f1=0.4332
precision    recall  f1-score   support

0       0.44      0.70      0.54   1044937
1       0.60      0.34      0.43   1407801

accuracy                           0.49   2452738
macro avg       0.52      0.52      0.49   2452738
weighted avg       0.53      0.49      0.48   2452738
Confusion matrix:
[[730182 314755]
[931503 476298]]
EVAL comentario_last_token_balanceo_manual
Accuracy: 0.5043 | Balanced Acc: 0.5147 | Precision macro: 0.5146 | Recall macro: 0.5147 | F1 macro: 0.5043 | F1 weighted: 0.5048
0: prec=0.4387 rec=0.5848 f1=0.5013
1: prec=0.5906 rec=0.4446 f1=0.5073
precision    recall  f1-score   support

0       0.44      0.58      0.50   1044937
1       0.59      0.44      0.51   1407801

accuracy                           0.50   2452738
macro avg       0.51      0.51      0.50   2452738
weighted avg       0.53      0.50      0.50   2452738
Confusion matrix:
[[611066 433871]
[781887 625914]]
EVAL comentario_last_token_undersampling
Accuracy: 0.5068 | Balanced Acc: 0.5136 | Precision macro: 0.5134 | Recall macro: 0.5136 | F1 macro: 0.5063 | F1 weighted: 0.5085
0: prec=0.4383 rec=0.5599 f1=0.4917
1: prec=0.5886 rec=0.4673 f1=0.5210
precision    recall  f1-score   support

0       0.44      0.56      0.49   1044937
1       0.59      0.47      0.52   1407801

accuracy                           0.51   2452738
macro avg       0.51      0.51      0.51   2452738
weighted avg       0.52      0.51      0.51   2452738
Confusion matrix:
[[585049 459888]
[749914 657887]]
EVAL comentario_mean_sin_balanceo
Accuracy: 0.5228 | Balanced Acc: 0.5184 | Precision macro: 0.5180 | Recall macro: 0.5184 | F1 macro: 0.5173 | F1 weighted: 0.5250
0: prec=0.4453 rec=0.4882 f1=0.4657
1: prec=0.5908 rec=0.5486 f1=0.5689
precision    recall  f1-score   support

0       0.45      0.49      0.47   1044937
1       0.59      0.55      0.57   1407801

accuracy                           0.52   2452738
macro avg       0.52      0.52      0.52   2452738
weighted avg       0.53      0.52      0.52   2452738
Confusio matrix:
[[510114 534823]
[635532 772269]]
EVAL comentario_mean_balanceo_manual
Accuracy: 0.5198 | Balanced Acc: 0.5176 | Precision macro: 0.5173 | Recall macro: 0.5176 | F1 macro: 0.5158 | F1 weighted: 0.5223
0: prec=0.4439 rec=0.5033 f1=0.4717
1: prec=0.5907 rec=0.5320 f1=0.5598
precision    recall  f1-score   support

0       0.44      0.50      0.47   1044937
1       0.59      0.53      0.56   1407801

accuracy                           0.52   2452738
macro avg       0.52      0.52      0.52   2452738
weighted avg       0.53      0.52      0.52   2452738
Confusion matrix:
[[525915 519022]
[658885 748916]]
EVAL comentario_mean_undersampling
Accuracy: 0.5168 | Balanced Acc: 0.5165 | Precision macro: 0.5161 | Recall macro: 0.5165 | F1 macro: 0.5138 | F1 weighted: 0.5194
0: prec=0.4423 rec=0.5143 f1=0.4756
1: prec=0.5899 rec=0.5186 f1=0.5520
precision    recall  f1-score   support

0       0.44      0.51      0.48   1044937
1       0.59      0.52      0.55   1407801

accuracy                           0.52   2452738
macro avg       0.52      0.52      0.51   2452738
weighted avg       0.53      0.52      0.52   2452738

Confusion matrix:
[[537439 507498]
[677690 730111]]

# B) CLASIFICACION A NIVEL DE USUARIO

Usuarios mean_of_last: train=6,351 eval=1,361
0: train=2,619 eval=576
1: train=3,732 eval=785
ENTRENANDO: usuario_mean_of_last_sin_balanceo
Train users: 6,351 | Eval users: 1,361

EVAL usuario_mean_of_last_sin_balanceo
Accuracy: 0.5555 | Balanced Acc: 0.5543 | Precision macro: 0.5531 | Recall macro: 0.5543 | F1 macro: 0.5516 | F1 weighted: 0.5580
0: prec=0.4780 rec=0.5469 f1=0.5101
1: prec=0.6282 rec=0.5618 f1=0.5931
precision    recall  f1-score   support

0       0.48      0.55      0.51       576
1       0.63      0.56      0.59       785

accuracy                           0.56      1361
macro avg       0.55      0.55      0.55      1361
weighted avg       0.56      0.56      0.56      1361

Confusion matrix:
[[315 261]
[344 441]]
ENTRENANDO: usuario_mean_of_last_balanceo_manual
Train users: 6,351 | Eval users: 1,361

EVAL usuario_mean_of_last_balanceo_manual
Accuracy: 0.5525 | Balanced Acc: 0.5525 | Precision macro: 0.5513 | Recall macro: 0.5525 | F1 macro: 0.5493 | F1 weighted: 0.5552
0: prec=0.4753 rec=0.5521 f1=0.5108
1: prec=0.6272 rec=0.5529 f1=0.5877
precision    recall  f1-score   support

0       0.48      0.55      0.51       576
1       0.63      0.55      0.59       785

accuracy                           0.55      1361
macro avg       0.55      0.55      0.55      1361
weighted avg       0.56      0.55      0.56      1361

Confusion matrix:
[[318 258]
[351 434]]
Undersampling: min_count=2,619 (de {0: 2619, 1: 3732})
ENTRENANDO: usuario_mean_of_last_undersampling
Train users: 5,238 | Eval users: 1,361

EVAL usuario_mean_of_last_undersampling
Accuracy: 0.5599 | Balanced Acc: 0.5630 | Precision macro: 0.5615 | Recall macro: 0.5630 | F1 macro: 0.5579 | F1 weighted: 0.5624
0: prec=0.4835 rec=0.5833 f1=0.5287
1: prec=0.6396 rec=0.5427 f1=0.5872
precision    recall  f1-score   support

0       0.48      0.58      0.53       576
1       0.64      0.54      0.59       785

accuracy                           0.56      1361
macro avg       0.56      0.56      0.56      1361
weighted avg       0.57      0.56      0.56      1361

Confusion matrix:
[[336 240]
[359 426]]

Usuarios mean_of_mean: train=6,351 eval=1,361
0: train=2,619 eval=576
1: train=3,732 eval=785
ENTRENANDO: usuario_mean_of_mean_sin_balanceo
Train users: 6,351 | Eval users: 1,361

EVAL usuario_mean_of_mean_sin_balanceo
Accuracy: 0.6025 | Balanced Acc: 0.5965 | Precision macro: 0.5953 | Recall macro: 0.5965 | F1 macro: 0.5956 | F1 weighted: 0.6037
0: prec=0.5288 rec=0.5573 f1=0.5427
1: prec=0.6618 rec=0.6357 f1=0.6485
precision    recall  f1-score   support

0       0.53      0.56      0.54       576
1       0.66      0.64      0.65       785

accuracy                           0.60      1361
macro avg       0.60      0.60      0.60      1361
weighted avg       0.61      0.60      0.60      1361

Confusion matrix:
[[321 255]
[286 499]]
ENTRENANDO: usuario_mean_of_mean_balanceo_manual
Train users: 6,351 | Eval users: 1,361

EVAL usuario_mean_of_mean_balanceo_manual
Accuracy: 0.5878 | Balanced Acc: 0.5854 | Precision macro: 0.5836 | Recall macro: 0.5854 | F1 macro: 0.5831 | F1 weighted: 0.5899
0: prec=0.5117 rec=0.5694 f1=0.5390
1: prec=0.6556 rec=0.6013 f1=0.6272
precision    recall  f1-score   support

0       0.51      0.57      0.54       576
1       0.66      0.60      0.63       785

accuracy                           0.59      1361
macro avg       0.58      0.59      0.58      1361
weighted avg       0.59      0.59      0.59      1361

Confusion matrix:
[[328 248]
[313 472]]
Undersampling: min_count=2,619 (de {0: 2619, 1: 3732})
ENTRENANDO: usuario_mean_of_mean_undersampling
Train users: 5,238 | Eval users: 1,361

EVAL usuario_mean_of_mean_undersampling
Accuracy: 0.5672 | Balanced Acc: 0.5668 | Precision macro: 0.5653 | Recall macro: 0.5668 | F1 macro: 0.5637 | F1 weighted: 0.5697
0: prec=0.4902 rec=0.5642 f1=0.5246
1: prec=0.6404 rec=0.5694 f1=0.6028
precision    recall  f1-score   support

0       0.49      0.56      0.52       576
1       0.64      0.57      0.60       785

accuracy                           0.57      1361
macro avg       0.57      0.57      0.56      1361
weighted avg       0.58      0.57      0.57      1361

Confusion matrix:
[[325 251]
[338 447]]
MEJOR MODELO EN EVAL
usuario_mean_of_mean_sin_balanceo | F1 macro=0.5956 | Recall macro=0.5965 | Precision macro=0.5953

Mejor Modelo por Nivel en EVAL
[comentario] comentario_mean_sin_balanceo | F1 macro=0.5173 | Recall macro=0.5184 | Precision macro=0.5180
[usuario] usuario_mean_of_mean_sin_balanceo | F1 macro=0.5956 | Recall macro=0.5965 | Precision macro=0.5953

# PASS C: Streaming datos de test (mejor por nivel)

[TEST   0.0%] step 1/66600 (32/2,131,183) | batch=32
[TEST 100.0%] step 66600/66600 (2,131,183/2,131,183) | batch=32

TEST comentario_mean_sin_balanceo
Accuracy: 0.5059 | Balanced Acc: 0.4993 | Precision macro: 0.4993 | Recall macro: 0.4993 | F1 macro: 0.4990 | F1 weighted: 0.5073
0: prec=0.4290 rec=0.4517 f1=0.4401
1: prec=0.5696 rec=0.5468 f1=0.5580
precision    recall  f1-score   support

0       0.43      0.45      0.44    915883
1       0.57      0.55      0.56   1215300

accuracy                           0.51   2131183
macro avg       0.50      0.50      0.50   2131183
weighted avg       0.51      0.51      0.51   2131183

Confusion matrix:
[[413744 502139]
[550798 664502]]
TEST usuario_mean_of_mean_sin_balanceo
Accuracy: 0.5977 | Balanced Acc: 0.5940 | Precision macro: 0.5917 | Recall macro: 0.5940 | F1 macro: 0.5914 | F1 weighted: 0.6001
0: prec=0.5127 rec=0.5727 f1=0.5410
1: prec=0.6708 rec=0.6153 f1=0.6418
precision    recall  f1-score   support

0       0.51      0.57      0.54       564
1       0.67      0.62      0.64       798

accuracy                           0.60      1362
macro avg       0.59      0.59      0.59      1362
weighted avg       0.61      0.60      0.60      1362
Confusion matrix:
[[323 241]
[307 491]]
Mejor Modelo por Nivel Evaluado en TEST [comentario] comentario_mean_sin_balanceo | Accuracy=0.5059 | BalAcc=0.4993 | F1 macro=0.4990 | Recall macro=0.4993 | Precision macro=0.4993 [usuario] usuario_mean_of_mean_sin_balanceo | Accuracy=0.5977 | BalAcc=0.5940 | F1 macro=0.5914 | Recall macro=0.5940 | Precision macro=0.5917
RESUMEN DE RESULTADOS (EVAL)
comentario_last_token_sin_balanceo            0.4919 0.51855 0.4864   0.5396   0.4332
comentario_last_token_balanceo_manual         0.5043 0.51470 0.5043   0.5013   0.5073
comentario_last_token_undersampling           0.5068 0.51360 0.5063   0.4917   0.5210
comentario_mean_sin_balanceo                  0.5228 0.51837 0.5173   0.4657   0.5689
comentario_mean_balanceo_manual               0.5198 0.51764 0.5158   0.4717   0.5598
comentario_mean_undersampling                 0.5168 0.51647 0.5138   0.4756   0.5520
usuario_mean_of_last_sin_balanceo             0.5555 0.55433 0.5516   0.5101   0.5931
usuario_mean_of_last_balanceo_manual          0.5525 0.55247 0.5493   0.5108   0.5877
usuario_mean_of_last_undersampling            0.5599 0.56300 0.5579   0.5287   0.5872
usuario_mean_of_mean_sin_balanceo             0.6025 0.59648 0.5956   0.5427   0.6485
usuario_mean_of_mean_balanceo_manual          0.5878 0.58536 0.5831   0.5390   0.6272
usuario_mean_of_mean_undersampling            0.5672 0.56683 0.5637   0.5246   0.6028
test_comentario_mean_sin_balanceo             0.5059 0.49926 0.4990   0.4401   0.5580
test_usuario_mean_of_mean_sin_balanceo        0.5977 0.59399 0.5914   0.5410   0.6418
Resumen guardado en: modelos/perceiving_sae_activaciones/resultados_resumen.json
COMPLETADO - Mejor modelo evaluado tambien en test [2026-05-01 19:42:03] OK: clasificacion_mbti/perceiving/clasificador_perceiving_sae_activaciones.py completado (9h 59m) [2026-05-01 19:42:03] Iniciando clasificacion_mbti/thinking/clasificador_thinking_gpt_activaciones.py [2026-05-01 19:42:03]   Activaciones GPT redirigidas a /hdd/aitziber.l/activaciones_gpt2_thinking
CLASIFICADOR THINKING - ACTIVACIONES DIRECTAS GPT-2 (NO SAE)
Preparación de Dataset para Clasificación de THINKING
1. Cargando comentarios...
Se eliminaron 198 filas de comentarios con 'body' nulo o vacío.17,639,864 comentarios cargados

2. Cargando autores...10,295 autores cargados

3. Filtrando autores con 'thinking' conocido...9,080 autores con thinking conocido(Eliminados 1,215 autores con thinking nulo)

4. Uniendo comentarios con thinking por autor...15,581,291 comentarios con info de thinking(Eliminados 2,058,573 comentarios sin thinking conocido)
5. Distribución de thinking:1: 11,388,118 comentarios (73.1%)0: 4,193,173 comentarios (26.9%)
Dataset de thinking preparado y listo para usar
Distribucion de thinking: {1: 11388118, 0: 4193173}
Extrayendo activaciones de GPT-2 para 15,581,291 comentarios...
Hookpoint: transformer.h.8, batch_size: 128, workers: 16
Warning: You are sending unauthenticated requests to the HF Hub. Please set a HF_TOKEN to enable higher rate limits and faster downloads.
`torch_dtype` is deprecated! Use `dtype` instead!
Loading weights:   0%|          | 0/148 [00:00<?, ?it/s]
Loading weights: 100%|██████████| 148/148 [00:00<00:00, 1130.84it/s]
Loading weights: 100%|██████████| 148/148 [00:00<00:00, 1126.90it/s]
Modelo truncado a las primeras 9 capas (skip h.9..h.11 + LM head)
torch.compile activado (dynamic=True)
Calculando longitudes y ordenando por longitud (bucketing)...
[  0.0%] step 1/121729 (128/15,581,291 comentarios, seq_len_batch=1)
[100.0%] step 121729/121729 (15,581,291/15,581,291 comentarios, seq_len_batch=256)
Volcando activaciones a data/activaciones_gpt2_thinking/ ...
Activaciones guardadas en data/activaciones_gpt2_thinking/
Cargando activaciones desde data/activaciones_gpt2_thinking/ ...
last_token: (15581291, 768), mean_token: (15581291, 768)
Activaciones: hidden_size=768, comentarios=15,581,291
0: 4,193,173 (26.9%)
1: 11,388,118 (73.1%)

# A) CLASIFICACION A NIVEL DE COMENTARIO
Splits de usuarios guardados en data/splits_thinking/
Split de comentarios (por usuario) guardado en data/splits_thinking/split_comentarios_por_usuario.npz
Sin leakage: cada usuario aparece en un unico split.
Split comentarios: train=10,992,938 eval=2,435,982 test=2,152,371
0: train=2,997,939 eval=609,330
1: train=7,994,999 eval=1,826,652
Ajustando StandardScaler para last_token (incremental)...
Scaler ajustado sobre 10,992,938 muestras
ENTRENANDO: comentario_last_token_sin_balanceo
Train: 10,992,938 | Eval: 2,435,982
Pesos de clase: ninguno (todos 1.0)
[Epoch 1] 100.0% (2684/2684)
EVAL comentario_last_token_sin_balanceo
Accuracy: 0.7450 | Balanced Acc: 0.5219 | Precision macro: 0.6007 | Recall macro: 0.5219 | F1 macro: 0.4899 | F1 weighted: 0.6701
0: prec=0.4430 rec=0.0755 f1=0.1291
1: prec=0.7585 rec=0.9683 f1=0.8506
precision    recall  f1-score   support

0       0.44      0.08      0.13    609330
1       0.76      0.97      0.85   1826652

accuracy                           0.75   2435982
macro avg       0.60      0.52      0.49   2435982
weighted avg       0.68      0.75      0.67   2435982

Confusion matrix:
[[  46026  563304]
[  57861 1768791]]
ENTRENANDO: comentario_last_token_balanceo_manual
Train: 10,992,938 | Eval: 2,435,982
Pesos de clase: 0=1.100, 1=0.900
[Epoch 1] 100.0% (2684/2684)
EVAL comentario_last_token_balanceo_manual
Accuracy: 0.7326 | Balanced Acc: 0.5360 | Precision macro: 0.5837 | Recall macro: 0.5360 | F1 macro: 0.5248 | F1 weighted: 0.6819
0: prec=0.4028 rec=0.1426 f1=0.2106
1: prec=0.7647 rec=0.9295 f1=0.8391
precision    recall  f1-score   support

0       0.40      0.14      0.21    609330
1       0.76      0.93      0.84   1826652

accuracy                           0.73   2435982
macro avg       0.58      0.54      0.52   2435982
weighted avg       0.67      0.73      0.68   2435982

Confusion matrix:
[[  86893  522437]
[ 128853 1697799]]
Undersampling: min_count=2,997,939 (de {0: 2997939, 1: 7994999})
ENTRENANDO: comentario_last_token_undersampling
Train: 5,995,878 | Eval: 2,435,982
Pesos de clase: ninguno (todos 1.0)
[Epoch 1] 100.0% (1464/1464)
EVAL comentario_last_token_undersampling
Accuracy: 0.5626 | Balanced Acc: 0.5725 | Precision macro: 0.5544 | Recall macro: 0.5725 | F1 macro: 0.5292 | F1 weighted: 0.5919
0: prec=0.3064 rec=0.5922 f1=0.4038
1: prec=0.8025 rec=0.5527 f1=0.6546
precision    recall  f1-score   support

0       0.31      0.59      0.40    609330
1       0.80      0.55      0.65   1826652

accuracy                           0.56   2435982
macro avg       0.55      0.57      0.53   2435982
weighted avg       0.68      0.56      0.59   2435982

Confusion matrix:
[[ 360853  248477]
[ 817033 1009619]]

Ajustando StandardScaler para mean (incremental)...
Scaler ajustado sobre 10,992,938 muestras
ENTRENANDO: comentario_mean_sin_balanceo
Train: 10,992,938 | Eval: 2,435,982
Pesos de clase: ninguno (todos 1.0)
[Epoch 1] 100.0% (2684/2684)

EVAL comentario_mean_sin_balanceo
Accuracy: 0.7449 | Balanced Acc: 0.5245 | Precision macro: 0.6034 | Recall macro: 0.5245 | F1 macro: 0.4954 | F1 weighted: 0.6727
0: prec=0.4472 rec=0.0833 f1=0.1405
1: prec=0.7595 rec=0.9656 f1=0.8503
precision    recall  f1-score   support

0       0.45      0.08      0.14    609330
1       0.76      0.97      0.85   1826652

accuracy                           0.74   2435982
macro avg       0.60      0.52      0.50   2435982
weighted avg       0.68      0.74      0.67   2435982
Confusion matrix:
[[  50771  558559]
[  62754 1763898]]
ENTRENANDO: comentario_mean_balanceo_manual
Train: 10,992,938 | Eval: 2,435,982
Pesos de clase: 0=1.100, 1=0.900
[Epoch 1] 100.0% (2684/2684)
EVAL comentario_mean_balanceo_manual
Accuracy: 0.7324 | Balanced Acc: 0.5384 | Precision macro: 0.5857 | Recall macro: 0.5384 | F1 macro: 0.5288 | F1 weighted: 0.6836
0: prec=0.4056 rec=0.1501 f1=0.2191
1: prec=0.7657 rec=0.9266 f1=0.8385
precision    recall  f1-score   support

0       0.41      0.15      0.22    609330
1       0.77      0.93      0.84   1826652

accuracy                           0.73   2435982
macro avg       0.59      0.54      0.53   2435982
weighted avg       0.68      0.73      0.68   2435982
Confusion matrix:
[[  91464  517866]
[ 134050 1692602]]
Undersampling: min_count=2,997,939 (de {0: 2997939, 1: 7994999})
ENTRENANDO: comentario_mean_undersampling
Train: 5,995,878 | Eval: 2,435,982
Pesos de clase: ninguno (todos 1.0)
[Epoch 1] 100.0% (1464/1464)
EVAL comentario_mean_undersampling
Accuracy: 0.5663 | Balanced Acc: 0.5723 | Precision macro: 0.5544 | Recall macro: 0.5723 | F1 macro: 0.5311 | F1 weighted: 0.5953
0: prec=0.3071 rec=0.5843 f1=0.4026
1: prec=0.8016 rec=0.5603 f1=0.6596
precision    recall  f1-score   support

0       0.31      0.58      0.40    609330
1       0.80      0.56      0.66   1826652

accuracy                           0.57   2435982
macro avg       0.55      0.57      0.53   2435982
weighted avg       0.68      0.57      0.60   2435982

Confusion matrix:
[[ 356011  253319]
[ 803160 1023492]]

# B) CLASIFICACION A NIVEL DE USUARIO

Splits de usuarios cargados desde data/splits_thinking/

Split usuarios: train=6,356 eval=1,362 test=1,362

Agregando features por usuario para mean_of_last...
ENTRENANDO: usuario_mean_of_last_sin_balanceo
Train users: 6,356 | Eval users: 1,362
Pesos de clase: ninguno (todos 1.0)

EVAL usuario_mean_of_last_sin_balanceo
Accuracy: 0.7026 | Balanced Acc: 0.6607 | Precision macro: 0.6762 | Recall macro: 0.6607 | F1 macro: 0.6653 | F1 weighted: 0.6958
0: prec=0.6092 rec=0.5071 f1=0.5535
1: prec=0.7432 rec=0.8143 f1=0.7771
precision    recall  f1-score   support

0       0.61      0.51      0.55       495
1       0.74      0.81      0.78       867

accuracy                           0.70      1362
macro avg       0.68      0.66      0.67      1362
weighted avg       0.69      0.70      0.70      1362

Confusion matrix:
[[251 244]
[161 706]]
ENTRENANDO: usuario_mean_of_last_balanceo_manual
Train users: 6,356 | Eval users: 1,362
Pesos de clase: 0=1.100, 1=0.900

EVAL usuario_mean_of_last_balanceo_manual
Accuracy: 0.7063 | Balanced Acc: 0.6740 | Precision macro: 0.6809 | Recall macro: 0.6740 | F1 macro: 0.6767 | F1 weighted: 0.7034
0: prec=0.6044 rec=0.5556 f1=0.5789
1: prec=0.7574 rec=0.7924 f1=0.7745
precision    recall  f1-score   support

0       0.60      0.56      0.58       495
1       0.76      0.79      0.77       867

accuracy                           0.71      1362
macro avg       0.68      0.67      0.68      1362
weighted avg       0.70      0.71      0.70      1362

Confusion matrix:
[[275 220]
[180 687]]
Undersampling: min_count=2,245 (de {0: 2245, 1: 4111})
ENTRENANDO: usuario_mean_of_last_undersampling
Train users: 4,490 | Eval users: 1,362
Pesos de clase: ninguno (todos 1.0)

EVAL usuario_mean_of_last_undersampling
Accuracy: 0.6836 | Balanced Acc: 0.6843 | Precision macro: 0.6721 | Recall macro: 0.6843 | F1 macro: 0.6724 | F1 weighted: 0.6889
0: prec=0.5519 rec=0.6869 f1=0.6121
1: prec=0.7922 rec=0.6817 f1=0.7328
precision    recall  f1-score   support

0       0.55      0.69      0.61       495
1       0.79      0.68      0.73       867

accuracy                           0.68      1362
macro avg       0.67      0.68      0.67      1362
weighted avg       0.70      0.68      0.69      1362

Confusion matrix:
[[340 155]
[276 591]]

Agregando features por usuario para mean_of_mean...
ENTRENANDO: usuario_mean_of_mean_sin_balanceo
Train users: 6,356 | Eval users: 1,362
Pesos de clase: ninguno (todos 1.0)

EVAL usuario_mean_of_mean_sin_balanceo
Accuracy: 0.7210 | Balanced Acc: 0.6760 | Precision macro: 0.6989 | Recall macro: 0.6760 | F1 macro: 0.6822 | F1 weighted: 0.7125
0: prec=0.6471 rec=0.5111 f1=0.5711
1: prec=0.7508 rec=0.8408 f1=0.7933
precision    recall  f1-score   support

0       0.65      0.51      0.57       495
1       0.75      0.84      0.79       867

accuracy                           0.72      1362
macro avg       0.70      0.68      0.68      1362
weighted avg       0.71      0.72      0.71      1362

Confusion matrix:
[[253 242]
[138 729]]
ENTRENANDO: usuario_mean_of_mean_balanceo_manual
Train users: 6,356 | Eval users: 1,362
Pesos de clase: 0=1.100, 1=0.900

EVAL usuario_mean_of_mean_balanceo_manual
Accuracy: 0.7261 | Balanced Acc: 0.6947 | Precision macro: 0.7032 | Recall macro: 0.6947 | F1 macro: 0.6981 | F1 weighted: 0.7232
0: prec=0.6350 rec=0.5798 f1=0.6061
1: prec=0.7714 rec=0.8097 f1=0.7901
precision    recall  f1-score   support

0       0.63      0.58      0.61       495
1       0.77      0.81      0.79       867

accuracy                           0.73      1362
macro avg       0.70      0.69      0.70      1362
weighted avg       0.72      0.73      0.72      1362

Confusion matrix:
[[287 208]
[165 702]]
Undersampling: min_count=2,245 (de {0: 2245, 1: 4111})
ENTRENANDO: usuario_mean_of_mean_undersampling
Train users: 4,490 | Eval users: 1,362
Pesos de clase: ninguno (todos 1.0)

EVAL usuario_mean_of_mean_undersampling
Accuracy: 0.6946 | Balanced Acc: 0.6920 | Precision macro: 0.6805 | Recall macro: 0.6920 | F1 macro: 0.6821 | F1 weighted: 0.6993
0: prec=0.5662 rec=0.6828 f1=0.6190
1: prec=0.7948 rec=0.7013 f1=0.7451
precision    recall  f1-score   support

0       0.57      0.68      0.62       495
1       0.79      0.70      0.75       867

accuracy                           0.69      1362
macro avg       0.68      0.69      0.68      1362
weighted avg       0.71      0.69      0.70      1362

Confusion matrix:
[[338 157]
[259 608]]
RESUMEN DE RESULTADOS (EVAL)
Config                                           Acc  BalAcc  F1mac     F1_0     F1_1
comentario_last_token_sin_balanceo            0.7450 0.52193 0.4899   0.1291   0.8506
comentario_last_token_balanceo_manual         0.7326 0.53603 0.5248   0.2106   0.8391
comentario_last_token_undersampling           0.5626 0.57246 0.5292   0.4038   0.6546
comentario_mean_sin_balanceo                  0.7449 0.52448 0.4954   0.1405   0.8503
comentario_mean_balanceo_manual               0.7324 0.53836 0.5288   0.2191   0.8385
comentario_mean_undersampling                 0.5663 0.57229 0.5311   0.4026   0.6596
usuario_mean_of_last_sin_balanceo             0.7026 0.66069 0.6653   0.5535   0.7771
usuario_mean_of_last_balanceo_manual          0.7063 0.67397 0.6767   0.5789   0.7745
usuario_mean_of_last_undersampling            0.6836 0.68426 0.6724   0.6121   0.7328
usuario_mean_of_mean_sin_balanceo             0.7210 0.67597 0.6822   0.5711   0.7933
usuario_mean_of_mean_balanceo_manual          0.7261 0.69474 0.6981   0.6061   0.7901
usuario_mean_of_mean_undersampling            0.6946 0.69205 0.6821   0.6190   0.7451
MEJOR MODELO EN EVAL
usuario_mean_of_mean_balanceo_manual | F1 macro=0.6981 | Recall macro=0.6947 | Precision macro=0.7032

Mejor Modelo por Nivel en EVAL
[comentario] comentario_mean_undersampling | F1 macro=0.5311 | Recall macro=0.5723 | Precision macro=0.5544
[usuario] usuario_mean_of_mean_balanceo_manual | F1 macro=0.6981 | Recall macro=0.6947 | Precision macro=0.7032

TEST comentario_mean_undersampling
Accuracy: 0.5836 | Balanced Acc: 0.5779 | Precision macro: 0.5623 | Recall macro: 0.5779 | F1 macro: 0.5493 | F1 weighted: 0.6060
0: prec=0.3405 rec=0.5653 f1=0.4250
1: prec=0.7841 rec=0.5905 f1=0.6736
precision    recall  f1-score   support

0       0.34      0.57      0.43    585904
1       0.78      0.59      0.67   1566467

accuracy                           0.58   2152371
macro avg       0.56      0.58      0.55   2152371
weighted avg       0.66      0.58      0.61   2152371

Confusion matrix:
[[331231 254673]
[641533 924934]]

TEST usuario_mean_of_mean_balanceo_manual
Accuracy: 0.7261 | Balanced Acc: 0.6941 | Precision macro: 0.6999 | Recall macro: 0.6941 | F1 macro: 0.6966 | F1 weighted: 0.7241
0: prec=0.6211 rec=0.5839 f1=0.6019
1: prec=0.7786 rec=0.8043 f1=0.7913
precision    recall  f1-score   support

0       0.62      0.58      0.60       483
1       0.78      0.80      0.79       879

accuracy                           0.73      1362
macro avg       0.70      0.69      0.70      1362
weighted avg       0.72      0.73      0.72      1362

Confusion matrix:
[[282 201]
[172 707]]

Mejor Modelo por Nivel Evaluado en TEST
[comentario] comentario_mean_undersampling | Accuracy=0.5836 | BalAcc=0.5779 | F1 macro=0.5493 | Recall macro=0.5779 | Precision macro=0.5623
[usuario] usuario_mean_of_mean_balanceo_manual | Accuracy=0.7261 | BalAcc=0.6941 | F1 macro=0.6966 | Recall macro=0.6941 | Precision macro=0.6999

Resumen guardado en: modelos/thinking_gpt_activaciones/resultados_resumen.json
COMPLETADO - Mejor modelo evaluado tambien en test
[2026-05-01 20:57:23]   Activaciones temporales eliminadas: /hdd/aitziber.l/activaciones_gpt2_thinking
[2026-05-01 20:57:23] OK: clasificacion_mbti/thinking/clasificador_thinking_gpt_activaciones.py completado (1h 15m)
[2026-05-01 20:57:23] Iniciando clasificacion_mbti/thinking/clasificador_thinking_sae_activaciones.py
[2026-05-01 20:57:24]   Cache SAE eliminada: /hdd/aitziber.l/activaciones_sae_gpt2_thinking
CLASIFICADOR THINKING - SAE SOBRE GPT-2 (STREAMING)
Preparación de Dataset para Clasificación de THINKING

1. Cargando comentarios...
Se eliminaron 198 filas de comentarios con 'body' nulo o vacío.
17,639,864 comentarios cargados

2. Cargando autores...
10,295 autores cargados

3. Filtrando autores con 'thinking' conocido...
9,080 autores con thinking conocido
(Eliminados 1,215 autores con thinking nulo)

4. Uniendo comentarios con thinking por autor...
15,581,291 comentarios con info de thinking
(Eliminados 2,058,573 comentarios sin thinking conocido)

5. Distribución de thinking:
1: 11,388,118 comentarios (73.1%)
0: 4,193,173 comentarios (26.9%)
Dataset de thinking preparado y listo para usar
Distribucion de thinking: {1: 11388118, 0: 4193173}
Splits de usuarios cargados desde data/splits_thinking/

Comentarios: train=10,992,938 eval=2,435,982 test=2,152,371
0: train=2,997,939 eval=609,330 test=585,904
1: train=7,994,999 eval=1,826,652 test=1,566,467
SAE cargada: 16384 latentes, k=64, hookpoint=transformer.h.8
Warning: You are sending unauthenticated requests to the HF Hub. Please set a HF_TOKEN to enable higher rate limits and faster downloads.

Loading weights:   0%|          | 0/148 [00:00<?, ?it/s]
Loading weights: 100%|██████████| 148/148 [00:00<00:00, 1099.76it/s]
Loading weights: 100%|██████████| 148/148 [00:00<00:00, 1095.80it/s]
Modelo truncado a las primeras 9 capas (skip h.9..h.11)
torch.compile activado (dynamic=True)
num_latents=16384
Undersampling: min_count=2,997,939 (de {0: 2997939, 1: 7994999})
Undersampling: 5,995,878 muestras seleccionadas de 10,992,938


# PASS A: Streaming datos de entrenamiento

[TRAIN   0.0%] step 1/343530 (32/10,992,938) | batch=32
[TRAIN  12.5%] step 42914/343530 (1,373,248/10,992,938) | batch=32
[TRAIN  25.1%] step 86193/343530 (2,758,176/10,992,938) | batch=32
[TRAIN  38.3%] step 131560/343530 (4,209,920/10,992,938) | batch=32
[TRAIN  51.1%] step 175696/343530 (5,622,272/10,992,938) | batch=32
[TRAIN  64.1%] step 220359/343530 (7,051,488/10,992,938) | batch=32
[TRAIN  76.5%] step 262809/343530 (8,409,888/10,992,938) | batch=32
[TRAIN  87.7%] step 301397/343530 (9,644,704/10,992,938) | batch=32
[TRAIN  99.6%] step 341985/343530 (10,943,520/10,992,938) | batch=32
[TRAIN 100.0%] step 343530/343530 (10,992,938/10,992,938) | batch=32

Pass A completado: 10,992,938 muestras procesadas.


# PASS B: Streaming datos de evaluacion

[EVAL   0.0%] step 1/76125 (32/2,435,982) | batch=32
[EVAL  97.5%] step 74226/76125 (2,375,232/2,435,982) | batch=32
[EVAL 100.0%] step 76125/76125 (2,435,982/2,435,982) | batch=32


# A) CLASIFICACION A NIVEL DE COMENTARIO


EVAL comentario_last_token_sin_balanceo
Accuracy: 0.3900 | Balanced Acc: 0.5141 | Precision macro: 0.5138 | Recall macro: 0.5141 | F1 macro: 0.3899 | F1 weighted: 0.3925
0: prec=0.2573 rec=0.7626 f1=0.3848
1: prec=0.7704 rec=0.2657 f1=0.3951
precision    recall  f1-score   support

0       0.26      0.76      0.38    609330
1       0.77      0.27      0.40   1826652

accuracy                           0.39   2435982
macro avg       0.51      0.51      0.39   2435982
weighted avg       0.64      0.39      0.39   2435982

Confusion matrix:
[[ 464662  144668]
[1341331  485321]]

EVAL comentario_last_token_balanceo_manual
Accuracy: 0.4049 | Balanced Acc: 0.5197 | Precision macro: 0.5183 | Recall macro: 0.5197 | F1 macro: 0.4043 | F1 weighted: 0.4133
0: prec=0.2604 rec=0.7494 f1=0.3865
1: prec=0.7762 rec=0.2900 f1=0.4222
precision    recall  f1-score   support

0       0.26      0.75      0.39    609330
1       0.78      0.29      0.42   1826652

accuracy                           0.40   2435982
macro avg       0.52      0.52      0.40   2435982
weighted avg       0.65      0.40      0.41   2435982

Confusion matrix:
[[ 456650  152680]
[1297014  529638]]

EVAL comentario_last_token_undersampling
Accuracy: 0.5294 | Balanced Acc: 0.5514 | Precision macro: 0.5386 | Recall macro: 0.5514 | F1 macro: 0.5027 | F1 weighted: 0.5603
0: prec=0.2873 rec=0.5952 f1=0.3876
1: prec=0.7898 rec=0.5075 f1=0.6179
precision    recall  f1-score   support

0       0.29      0.60      0.39    609330
1       0.79      0.51      0.62   1826652

accuracy                           0.53   2435982
macro avg       0.54      0.55      0.50   2435982
weighted avg       0.66      0.53      0.56   2435982

Confusion matrix:
[[362689 246641]
[899661 926991]]

EVAL comentario_mean_sin_balanceo
Accuracy: 0.5895 | Balanced Acc: 0.5548 | Precision macro: 0.5427 | Recall macro: 0.5548 | F1 macro: 0.5334 | F1 weighted: 0.6142
0: prec=0.3012 rec=0.4855 f1=0.3717
1: prec=0.7843 rec=0.6242 f1=0.6951
precision    recall  f1-score   support

0       0.30      0.49      0.37    609330
1       0.78      0.62      0.70   1826652

accuracy                           0.59   2435982
macro avg       0.54      0.55      0.53   2435982
weighted avg       0.66      0.59      0.61   2435982

Confusion matrix:
[[ 295848  313482]
[ 686541 1140111]]

EVAL comentario_mean_balanceo_manual
Accuracy: 0.5841 | Balanced Acc: 0.5564 | Precision macro: 0.5436 | Recall macro: 0.5564 | F1 macro: 0.5321 | F1 weighted: 0.6100
0: prec=0.3010 rec=0.5011 f1=0.3761
1: prec=0.7861 rec=0.6117 f1=0.6881
precision    recall  f1-score   support

0       0.30      0.50      0.38    609330
1       0.79      0.61      0.69   1826652

accuracy                           0.58   2435982
macro avg       0.54      0.56      0.53   2435982
weighted avg       0.66      0.58      0.61   2435982

Confusion matrix:
[[ 305352  303978]
[ 709204 1117448]]

EVAL comentario_mean_undersampling
Accuracy: 0.5432 | Balanced Acc: 0.5562 | Precision macro: 0.5421 | Recall macro: 0.5562 | F1 macro: 0.5122 | F1 weighted: 0.5736
0: prec=0.2925 rec=0.5822 f1=0.3893
1: prec=0.7918 rec=0.5301 f1=0.6351
precision    recall  f1-score   support

0       0.29      0.58      0.39    609330
1       0.79      0.53      0.64   1826652

accuracy                           0.54   2435982
macro avg       0.54      0.56      0.51   2435982
weighted avg       0.67      0.54      0.57   2435982

Confusion matrix:
[[354767 254563]
[858302 968350]]


# B) CLASIFICACION A NIVEL DE USUARIO


Usuarios mean_of_last: train=6,356 eval=1,362
0: train=2,245 eval=495
1: train=4,111 eval=867
ENTRENANDO: usuario_mean_of_last_sin_balanceo
Train users: 6,356 | Eval users: 1,362

EVAL usuario_mean_of_last_sin_balanceo
Accuracy: 0.6388 | Balanced Acc: 0.6361 | Precision macro: 0.6271 | Recall macro: 0.6361 | F1 macro: 0.6262 | F1 weighted: 0.6449
0: prec=0.5024 rec=0.6263 f1=0.5576
1: prec=0.7517 rec=0.6459 f1=0.6948
precision    recall  f1-score   support

0       0.50      0.63      0.56       495
1       0.75      0.65      0.69       867

accuracy                           0.64      1362
macro avg       0.63      0.64      0.63      1362
weighted avg       0.66      0.64      0.64      1362

Confusion matrix:
[[310 185]
[307 560]]
ENTRENANDO: usuario_mean_of_last_balanceo_manual
Train users: 6,356 | Eval users: 1,362

EVAL usuario_mean_of_last_balanceo_manual
Accuracy: 0.6300 | Balanced Acc: 0.6344 | Precision macro: 0.6246 | Recall macro: 0.6344 | F1 macro: 0.6206 | F1 weighted: 0.6369
0: prec=0.4931 rec=0.6505 f1=0.5610
1: prec=0.7560 rec=0.6182 f1=0.6802
precision    recall  f1-score   support

0       0.49      0.65      0.56       495
1       0.76      0.62      0.68       867

accuracy                           0.63      1362
macro avg       0.62      0.63      0.62      1362
weighted avg       0.66      0.63      0.64      1362

Confusion matrix:
[[322 173]
[331 536]]
Undersampling: min_count=2,245 (de {0: 2245, 1: 4111})
ENTRENANDO: usuario_mean_of_last_undersampling
Train users: 4,490 | Eval users: 1,362

EVAL usuario_mean_of_last_undersampling
Accuracy: 0.6072 | Balanced Acc: 0.6156 | Precision macro: 0.6070 | Recall macro: 0.6156 | F1 macro: 0.5996 | F1 weighted: 0.6147
0: prec=0.4706 rec=0.6465 f1=0.5447
1: prec=0.7434 rec=0.5848 f1=0.6546
precision    recall  f1-score   support

0       0.47      0.65      0.54       495
1       0.74      0.58      0.65       867

accuracy                           0.61      1362
macro avg       0.61      0.62      0.60      1362
weighted avg       0.64      0.61      0.61      1362

Confusion matrix:
[[320 175]
[360 507]]

Usuarios mean_of_mean: train=6,356 eval=1,362
0: train=2,245 eval=495
1: train=4,111 eval=867
ENTRENANDO: usuario_mean_of_mean_sin_balanceo
Train users: 6,356 | Eval users: 1,362

EVAL usuario_mean_of_mean_sin_balanceo
Accuracy: 0.6946 | Balanced Acc: 0.6951 | Precision macro: 0.6825 | Recall macro: 0.6951 | F1 macro: 0.6834 | F1 weighted: 0.6996
0: prec=0.5646 rec=0.6970 f1=0.6239
1: prec=0.8003 rec=0.6932 f1=0.7429
precision    recall  f1-score   support

0       0.56      0.70      0.62       495
1       0.80      0.69      0.74       867

accuracy                           0.69      1362
macro avg       0.68      0.70      0.68      1362
weighted avg       0.71      0.69      0.70      1362

Confusion matrix:
[[345 150]
[266 601]]
ENTRENANDO: usuario_mean_of_mean_balanceo_manual
Train users: 6,356 | Eval users: 1,362

EVAL usuario_mean_of_mean_balanceo_manual
Accuracy: 0.6872 | Balanced Acc: 0.6841 | Precision macro: 0.6730 | Recall macro: 0.6841 | F1 macro: 0.6744 | F1 weighted: 0.6921
0: prec=0.5578 rec=0.6727 f1=0.6099
1: prec=0.7882 rec=0.6955 f1=0.7390
precision    recall  f1-score   support

0       0.56      0.67      0.61       495
1       0.79      0.70      0.74       867

accuracy                           0.69      1362
macro avg       0.67      0.68      0.67      1362
weighted avg       0.70      0.69      0.69      1362

Confusion matrix:
[[333 162]
[264 603]]
Undersampling: min_count=2,245 (de {0: 2245, 1: 4111})
ENTRENANDO: usuario_mean_of_mean_undersampling
Train users: 4,490 | Eval users: 1,362

EVAL usuario_mean_of_mean_undersampling
Accuracy: 0.6718 | Balanced Acc: 0.6820 | Precision macro: 0.6685 | Recall macro: 0.6820 | F1 macro: 0.6643 | F1 weighted: 0.6780
0: prec=0.5361 rec=0.7192 f1=0.6143
1: prec=0.8009 rec=0.6448 f1=0.7144
precision    recall  f1-score   support

0       0.54      0.72      0.61       495
1       0.80      0.64      0.71       867

accuracy                           0.67      1362
macro avg       0.67      0.68      0.66      1362
weighted avg       0.70      0.67      0.68      1362

Confusion matrix:
[[356 139]
[308 559]]
MEJOR MODELO EN EVAL
usuario_mean_of_mean_sin_balanceo | F1 macro=0.6834 | Recall macro=0.6951 | Precision macro=0.6825

======================================================================
Mejor Modelo por Nivel en EVAL
[comentario] comentario_mean_sin_balanceo | F1 macro=0.5334 | Recall macro=0.5548 | Precision macro=0.5427
[usuario] usuario_mean_of_mean_sin_balanceo | F1 macro=0.6834 | Recall macro=0.6951 | Precision macro=0.6825


# PASS C: Streaming datos de test (mejor por nivel)

[TEST   0.0%] step 1/67262 (32/2,152,371) | batch=32
[TEST 100.0%] step 67262/67262 (2,152,371/2,152,371) | batch=32

TEST comentario_mean_sin_balanceo
Accuracy: 0.5747 | Balanced Acc: 0.5400 | Precision macro: 0.5329 | Recall macro: 0.5400 | F1 macro: 0.5255 | F1 weighted: 0.5951
0: prec=0.3113 rec=0.4640 f1=0.3726
1: prec=0.7545 rec=0.6160 f1=0.6783
precision    recall  f1-score   support

0       0.31      0.46      0.37    585904
1       0.75      0.62      0.68   1566467

accuracy                           0.57   2152371
macro avg       0.53      0.54      0.53   2152371
weighted avg       0.63      0.57      0.60   2152371

Confusion matrix:
[[271874 314030]
[601448 965019]]

TEST usuario_mean_of_mean_sin_balanceo
Accuracy: 0.7034 | Balanced Acc: 0.6988 | Precision macro: 0.6860 | Recall macro: 0.6988 | F1 macro: 0.6885 | F1 weighted: 0.7083
0: prec=0.5680 rec=0.6832 f1=0.6203
1: prec=0.8041 rec=0.7144 f1=0.7566
precision    recall  f1-score   support

0       0.57      0.68      0.62       483
1       0.80      0.71      0.76       879

accuracy                           0.70      1362
macro avg       0.69      0.70      0.69      1362
weighted avg       0.72      0.70      0.71      1362

Confusion matrix:
[[330 153]
[251 628]]


Mejor Modelo por Nivel Evaluado en TEST
[comentario] comentario_mean_sin_balanceo | Accuracy=0.5747 | BalAcc=0.5400 | F1 macro=0.5255 | Recall macro=0.5400 | Precision macro=0.5329
[usuario] usuario_mean_of_mean_sin_balanceo | Accuracy=0.7034 | BalAcc=0.6988 | F1 macro=0.6885 | Recall macro=0.6988 | Precision macro=0.6860
RESUMEN DE RESULTADOS (EVAL)
Config                                           Acc  BalAcc  F1mac     F1_0     F1_1

comentario_last_token_sin_balanceo            0.3900 0.51413 0.3899   0.3848   0.3951
comentario_last_token_balanceo_manual         0.4049 0.51969 0.4043   0.3865   0.4222
comentario_last_token_undersampling           0.5294 0.55135 0.5027   0.3876   0.6179
comentario_mean_sin_balanceo                  0.5895 0.55484 0.5334   0.3717   0.6951
comentario_mean_balanceo_manual               0.5841 0.55644 0.5321   0.3761   0.6881
comentario_mean_undersampling                 0.5432 0.55617 0.5122   0.3893   0.6351
usuario_mean_of_last_sin_balanceo             0.6388 0.63608 0.6262   0.5576   0.6948
usuario_mean_of_last_balanceo_manual          0.6300 0.63436 0.6206   0.5610   0.6802
usuario_mean_of_last_undersampling            0.6072 0.61562 0.5996   0.5447   0.6546
usuario_mean_of_mean_sin_balanceo             0.6946 0.69508 0.6834   0.6239   0.7429
usuario_mean_of_mean_balanceo_manual          0.6872 0.68411 0.6744   0.6099   0.7390
usuario_mean_of_mean_undersampling            0.6718 0.68197 0.6643   0.6143   0.7144
test_comentario_mean_sin_balanceo             0.5747 0.54004 0.5255   0.3726   0.6783
test_usuario_mean_of_mean_sin_balanceo        0.7034 0.69884 0.6885   0.6203   0.7566

Resumen guardado en: modelos/thinking_sae_activaciones/resultados_resumen.json
COMPLETADO - Mejor modelo evaluado tambien en test
[2026-05-02 06:43:25] OK: clasificacion_mbti/thinking/clasificador_thinking_sae_activaciones.py completado (9h 46m)
[2026-05-02 06:43:25] Pipeline perceiving + thinking completado.
.61562 0.5996   0.5447   0.6546
usuario_mean_of_mean_sin_balanceo             0.6946 0.69508 0.6834   0.6239   0.7429
usuario_mean_of_mean_balanceo_manual          0.6872 0.68411 0.6744   0.6099   0.7390
usuario_mean_of_mean_undersampling            0.6718 0.68197 0.6643   0.6143   0.7144
test_comentario_mean_sin_balanceo             0.5747 0.54004 0.5255   0.3726   0.6783
test_usuario_mean_of_mean_sin_balanceo        0.7034 0.69884 0.6885   0.6203   0.7566

Resumen guardado en: modelos/thinking_sae_activaciones/resultados_resumen.json
COMPLETADO - Mejor modelo evaluado tambien en test
[2026-05-02 06:43:25] OK: clasificacion_mbti/thinking/clasificador_thinking_sae_activaciones.py completado (9h 46m)
[2026-05-02 06:43:25] Pipeline perceiving + thinking completado.
