[2026-04-19 16:18:15] PASO 0: Borrar splits antiguos para forzar regeneracion
[2026-04-19 16:18:15] Splits borrados.
[2026-04-19 16:18:15] PASO 1: Entrenamiento SAE (sae_gpt.py)
[2026-04-19 16:18:15]   Device: cuda:0
[2026-04-19 16:18:15]   Checkpoint dir: /hdd/aitziber.l/TFM/sae-ckpts/sae-gpt2-comments
Cargando dataset de todos los comentarios...
Se eliminaron 198 filas de comentarios con 'body' nulo o vacío.
Tamaño del dataset (todos los comentarios): 17639864
Cargando tokenizer y modelo...
`torch_dtype` is deprecated! Use `dtype` instead!
Warning: You are sending unauthenticated requests to the HF Hub. Please set a HF_TOKEN to enable higher rate limits and faster downloads.
Loading weights:   0%|          | 0/148 [00:00<?, ?it/s]Loading weights:  63%|██████▎   | 93/148 [00:00<00:00, 924.21it/s]Loading weights: 100%|██████████| 148/148 [00:00<00:00, 857.04it/s]
Cargando dataset tokenizado desde data/tokenized_gpt2 ...
Configurando SAE...
Dimensión oculta detectada para GPT-2: d_in=768
[autotune] batch=8 | pico VRAM(fwd)=0.74 GiB (1.6%) | est. train ~5%
[autotune] batch=16 | pico VRAM(fwd)=1.26 GiB (2.7%) | est. train ~8%
[autotune] batch=32 | pico VRAM(fwd)=2.30 GiB (4.9%) | est. train ~15%
[autotune] batch=64 | pico VRAM(fwd)=4.39 GiB (9.3%) | est. train ~28%
[autotune] batch=128 | pico VRAM(fwd)=8.56 GiB (18.1%) | est. train ~54%
[autotune] batch=191 | pico VRAM(fwd)=13.68 GiB (28.9%) | est. train ~87%
[autotune] batch final=191 (fwd 28.9%, est. train ~87%)
Batch size usado para entrenamiento SAE: 191
Total tokens: 9,031,610,368 | checkpoint cada 20% = 1,806,322,073 tokens
Checkpoints se guardarán en: /hdd/aitziber.l/TFM/sae-ckpts/sae-gpt2-comments
Configurando entrenamiento de la SAE...
Representaciones SAE/GPT guardadas cada 0 steps
Checkpoint SAE guardado cada 1806322073 tokens
Iniciando entrenamiento de la SAE...
Traceback (most recent call last):
  File "/home/aitziber.l/TFM/sae_gpt.py", line 344, in <module>
    entrenar_sae(ds)
  File "/home/aitziber.l/TFM/sae_gpt.py", line 320, in entrenar_sae
    train_sae(
  File "/home/aitziber.l/TFM/tiny_sae.py", line 178, in train_sae
    model(batch)
  File "/usr/local/lib/python3.10/dist-packages/torch/nn/modules/module.py", line 1775, in _wrapped_call_impl
    return self._call_impl(*args, **kwargs)
  File "/usr/local/lib/python3.10/dist-packages/torch/nn/modules/module.py", line 1786, in _call_impl
    return forward_call(*args, **kwargs)
  File "/home/aitziber.l/.local/lib/python3.10/site-packages/transformers/utils/generic.py", line 855, in wrapper
    output = func(self, *args, **kwargs)
  File "/home/aitziber.l/.local/lib/python3.10/site-packages/transformers/models/gpt2/modeling_gpt2.py", line 691, in forward
    transformer_outputs: BaseModelOutputWithPastAndCrossAttentions = self.transformer(
  File "/usr/local/lib/python3.10/dist-packages/torch/nn/modules/module.py", line 1775, in _wrapped_call_impl
    return self._call_impl(*args, **kwargs)
  File "/usr/local/lib/python3.10/dist-packages/torch/nn/modules/module.py", line 1786, in _call_impl
    return forward_call(*args, **kwargs)
  File "/home/aitziber.l/.local/lib/python3.10/site-packages/transformers/utils/generic.py", line 929, in wrapper
    output = func(self, *args, **kwargs)
  File "/home/aitziber.l/.local/lib/python3.10/site-packages/transformers/utils/output_capturing.py", line 248, in wrapper
    outputs = func(self, *args, **kwargs)
  File "/home/aitziber.l/.local/lib/python3.10/site-packages/transformers/models/gpt2/modeling_gpt2.py", line 617, in forward
    hidden_states = block(
  File "/home/aitziber.l/.local/lib/python3.10/site-packages/transformers/modeling_layers.py", line 93, in __call__
    return super().__call__(*args, **kwargs)
  File "/usr/local/lib/python3.10/dist-packages/torch/nn/modules/module.py", line 1775, in _wrapped_call_impl
    return self._call_impl(*args, **kwargs)
  File "/usr/local/lib/python3.10/dist-packages/torch/nn/modules/module.py", line 1786, in _call_impl
    return forward_call(*args, **kwargs)
  File "/home/aitziber.l/.local/lib/python3.10/site-packages/transformers/models/gpt2/modeling_gpt2.py", line 274, in forward
    attn_output, _ = self.attn(
  File "/usr/local/lib/python3.10/dist-packages/torch/nn/modules/module.py", line 1775, in _wrapped_call_impl
    return self._call_impl(*args, **kwargs)
  File "/usr/local/lib/python3.10/dist-packages/torch/nn/modules/module.py", line 1786, in _call_impl
    return forward_call(*args, **kwargs)
  File "/home/aitziber.l/.local/lib/python3.10/site-packages/transformers/models/gpt2/modeling_gpt2.py", line 211, in forward
    attn_output, attn_weights = attention_interface(
  File "/home/aitziber.l/.local/lib/python3.10/site-packages/transformers/integrations/sdpa_attention.py", line 92, in sdpa_attention_forward
    attn_output = torch.nn.functional.scaled_dot_product_attention(
torch.OutOfMemoryError: CUDA out of memory. Tried to allocate 574.00 MiB. GPU 0 has a total capacity of 47.27 GiB of which 199.25 MiB is free. Process 1526350 has 30.34 GiB memory in use. Including non-PyTorch memory, this process has 16.73 GiB memory in use. Of the allocated memory 15.50 GiB is allocated by PyTorch, and 1.04 GiB is reserved by PyTorch but unallocated. If reserved but unallocated memory is large try setting PYTORCH_CUDA_ALLOC_CONF=expandable_segments:True to avoid fragmentation.  See documentation for Memory Management  (https://pytorch.org/docs/stable/notes/cuda.html#environment-variables)
