[2026-04-27 10:58:08] PASO 0: Borrar splits antiguos de edad para forzar regeneracion
[2026-04-27 10:58:08] PASO 1: Limpiar caches SAE/GPT antiguas de edad
[2026-04-27 10:58:09]   Caches limpiadas
[2026-04-27 10:58:09] PASO 2: Pipeline EDAD secuencial (3 scripts)
[2026-04-27 10:58:09] [1/3] clasificacion_edad/gpt_activaciones/clasificador_edad_gpt_activaciones.py
[2026-04-27 10:58:09] --- Iniciando clasificacion_edad/gpt_activaciones/clasificador_edad_gpt_activaciones.py ---
[2026-04-27 10:58:09]   Activaciones GPT redirigidas a /hdd/aitziber.l/activaciones_gpt2_edad
CLASIFICADOR EDAD - ACTIVACIONES DIRECTAS GPT-2 (NO SAE)
PREPARACIÓN DE DATASET PARA CLASIFICACIÓN DE EDAD

1. Cargando comentarios...
Se eliminaron 198 filas de comentarios con 'body' nulo o vacío.
   ✓ 17,639,864 comentarios cargados

2. Cargando autores...
   ✓ 10,295 autores cargados

3. Uniendo comentarios con edad por autor...
   ✓ 17,639,863 comentarios con info de edad

4. Filtrando solo edad conocida (rangos válidos)...
   ✓ 5,538,809 comentarios con rango de edad válido
   (Eliminados 12,101,054 comentarios con edad nula/fuera de rango)

5. Distribución por rango de edad:
   20_29: 2,811,112 comentarios (50.8%)
   30_39: 1,422,075 comentarios (25.7%)
   14_19: 877,575 comentarios (15.8%)
   40_plus: 428,047 comentarios (7.7%)
✓ Dataset de edad preparado y listo para usar
Rangos de edad presentes: {'20_29': 2811112, '30_39': 1422075, '14_19': 877575, '40_plus': 428047}

Extrayendo activaciones de GPT-2 para 5,538,809 comentarios...
Hookpoint: transformer.h.8, batch_size: 128
Warning: You are sending unauthenticated requests to the HF Hub. Please set a HF_TOKEN to enable higher rate limits and faster downloads.
`torch_dtype` is deprecated! Use `dtype` instead!
Loading weights:   0%|          | 0/148 [00:00<?, ?it/s]Loading weights: 100%|██████████| 148/148 [00:00<00:00, 1105.87it/s]Loading weights: 100%|██████████| 148/148 [00:00<00:00, 1102.73it/s]
  [  0.0%] step 1/43272 (128/5,538,809 comentarios)
  [  2.8%] step 1224/43272 (156,672/5,538,809 comentarios)
  [  5.6%] step 2443/43272 (312,704/5,538,809 comentarios)
  [  8.4%] step 3645/43272 (466,560/5,538,809 comentarios)
  [ 11.2%] step 4862/43272 (622,336/5,538,809 comentarios)
  [ 14.1%] step 6082/43272 (778,496/5,538,809 comentarios)
  [ 16.9%] step 7302/43272 (934,656/5,538,809 comentarios)
  [ 19.7%] step 8517/43272 (1,090,176/5,538,809 comentarios)
  [ 22.5%] step 9731/43272 (1,245,568/5,538,809 comentarios)
  [ 25.3%] step 10943/43272 (1,400,704/5,538,809 comentarios)
  [ 28.1%] step 12156/43272 (1,555,968/5,538,809 comentarios)
  [ 30.9%] step 13368/43272 (1,711,104/5,538,809 comentarios)
  [ 33.7%] step 14579/43272 (1,866,112/5,538,809 comentarios)
  [ 36.4%] step 15746/43272 (2,015,488/5,538,809 comentarios)
  [ 39.2%] step 16958/43272 (2,170,624/5,538,809 comentarios)
  [ 42.0%] step 18171/43272 (2,325,888/5,538,809 comentarios)
  [ 44.8%] step 19384/43272 (2,481,152/5,538,809 comentarios)
  [ 47.6%] step 20598/43272 (2,636,544/5,538,809 comentarios)
  [ 50.4%] step 21812/43272 (2,791,936/5,538,809 comentarios)
  [ 53.2%] step 23028/43272 (2,947,584/5,538,809 comentarios)
  [ 56.0%] step 24243/43272 (3,103,104/5,538,809 comentarios)
  [ 58.8%] step 25459/43272 (3,258,752/5,538,809 comentarios)
