[2026-04-28 16:12:30] Cache SAE eliminada: /hdd/aitziber.l/activaciones_sae_gpt2_genero
[2026-04-28 16:12:30] --- Iniciando clasificacion_genero/gpt_activaciones/top_latentes_activos_genero.py (solo top latentes activos) ---
======================================================================
TOP LATENTES SAE MAS ACTIVOS POR CLASE - genero
======================================================================
PREPARACIÓN DE DATASET PARA SAE/CLASIFICADOR

1. Cargando comentarios...
Se eliminaron 198 filas de comentarios con 'body' nulo o vacío.
   ✓ 17,639,864 comentarios cargados

2. Cargando autores...
   ✓ 10,295 autores cargados

3. Uniendo comentarios con género por autor...
   ✓ 17,639,863 comentarios con info de género

4. Filtrando solo género conocido (m/f)...
   ✓ 7,379,659 comentarios con género m/f
   (Eliminados 10,260,204 con género unknown)

5. Distribución por género:
   m: 4,920,137 comentarios (66.7%)
   f: 2,459,522 comentarios (33.3%)
✓ Dataset preparado y listo para usar
Train comments: 5,264,573
SAE cargada: 16384 latentes, k=64, hookpoint=transformer.h.8
Warning: You are sending unauthenticated requests to the HF Hub. Please set a HF_TOKEN to enable higher rate limits and faster downloads.
Loading weights:   0%|          | 0/148 [00:00<?, ?it/s]Loading weights: 100%|██████████| 148/148 [00:00<00:00, 1356.14it/s]Loading weights: 100%|██████████| 148/148 [00:00<00:00, 1348.89it/s]
num_latents=16384
  [TRAIN   0.0%] step 1/164518 (32/5,264,573) | batch=32
  [TRAIN  17.1%] step 28078/164518 (898,496/5,264,573) | batch=32
  [TRAIN  34.1%] step 56130/164518 (1,796,160/5,264,573) | batch=32
  [TRAIN  51.2%] step 84241/164518 (2,695,712/5,264,573) | batch=32
  [TRAIN  67.7%] step 111369/164518 (3,563,808/5,264,573) | batch=32
  [TRAIN  84.6%] step 139188/164518 (4,454,016/5,264,573) | batch=32
  [TRAIN 100.0%] step 164518/164518 (5,264,573/5,264,573) | batch=32

======================================================================
TOP 30 latentes mas activos por clase (independiente del clasificador)
======================================================================

[Clase female] top 30 latentes por activacion media:
  rank  latent     mean_act    nonzero   mean_other     contrast
     1 L 11265   103.280218     1.0000   111.209696    -7.929478
     2 L 12117    86.078142     1.0000    89.614200    -3.536058
     3 L  4808    77.635497     1.0000    79.330630    -1.695133
     4 L 10130    40.730071     1.0000    43.682712    -2.952642
     5 L  4882    30.051552     1.0000    32.406060    -2.354508
     6 L  2371    24.485746     1.0000    26.404952    -1.919205
     7 L  5394    20.551924     1.0000    22.163411    -1.611488
     8 L 14277    20.465247     1.0000    22.070682    -1.605436
     9 L 10257    19.119241     1.0000    20.605032    -1.485792
    10 L  2155    18.772086     1.0000    20.242255    -1.470169
    11 L  7888    18.141605     1.0000    19.565494    -1.423889
    12 L  5693    18.036088     1.0000    19.422618    -1.386530
    13 L  6893    17.881663     1.0000    19.283186    -1.401523
    14 L  8489    17.309862     1.0000    18.669349    -1.359487
    15 L  1952    17.167094     1.0000    18.370763    -1.203670
    16 L 13654    17.022776     1.0000    18.316407    -1.293631
    17 L   605    16.516031     1.0000    17.802221    -1.286190
    18 L 15486    16.323582     1.0000    17.557229    -1.233647
    19 L 14773    16.305041     1.0000    17.579454    -1.274414
    20 L  3338    16.238711     1.0000    17.512998    -1.274287
    21 L  1852    16.077172     1.0000    17.344064    -1.266892
    22 L 14923    16.020551     1.0000    17.274951    -1.254400
    23 L  1785    15.959071     1.0000    17.211503    -1.252433
    24 L 12142    15.832444     1.0000    17.077192    -1.244749
    25 L  2642    15.756710     1.0000    16.766643    -1.009932
    26 L  8937    15.751199     1.0000    16.984908    -1.233709
    27 L 15188    15.590962     1.0000    16.814481    -1.223519
    28 L 10632    15.555671     1.0000    16.772834    -1.217164
    29 L 12842    15.523650     1.0000    16.743500    -1.219850
    30 L  3954    15.427707     1.0000    16.633215    -1.205508

[Clase male] top 30 latentes por activacion media:
  rank  latent     mean_act    nonzero   mean_other     contrast
     1 L 11265   111.209696     1.0000   103.280218    +7.929478
     2 L 12117    89.614200     1.0000    86.078142    +3.536058
     3 L  4808    79.330630     1.0000    77.635497    +1.695133
     4 L 10130    43.682712     1.0000    40.730071    +2.952642
     5 L  4882    32.406060     1.0000    30.051552    +2.354508
     6 L  2371    26.404952     1.0000    24.485746    +1.919205
     7 L  5394    22.163411     1.0000    20.551924    +1.611488
     8 L 14277    22.070682     1.0000    20.465247    +1.605436
     9 L 10257    20.605032     1.0000    19.119241    +1.485792
    10 L  2155    20.242255     1.0000    18.772086    +1.470169
    11 L  7888    19.565494     1.0000    18.141605    +1.423889
    12 L  5693    19.422618     1.0000    18.036088    +1.386530
    13 L  6893    19.283186     1.0000    17.881663    +1.401523
    14 L  8489    18.669349     1.0000    17.309862    +1.359487
    15 L  1952    18.370763     1.0000    17.167094    +1.203670
    16 L 13654    18.316407     1.0000    17.022776    +1.293631
    17 L   605    17.802221     1.0000    16.516031    +1.286190
    18 L 14773    17.579454     1.0000    16.305041    +1.274414
    19 L 15486    17.557229     1.0000    16.323582    +1.233647
    20 L  3338    17.512998     1.0000    16.238711    +1.274287
    21 L  1852    17.344064     1.0000    16.077172    +1.266892
    22 L 14923    17.274951     1.0000    16.020551    +1.254400
    23 L  1785    17.211503     1.0000    15.959071    +1.252433
    24 L 12142    17.077192     1.0000    15.832444    +1.244749
    25 L  8937    16.984908     1.0000    15.751199    +1.233709
    26 L 15188    16.814481     1.0000    15.590962    +1.223519
    27 L 10632    16.772834     1.0000    15.555671    +1.217164
    28 L  2642    16.766643     1.0000    15.756710    +1.009932
    29 L 12842    16.743500     1.0000    15.523650    +1.219850
    30 L  3954    16.633215     1.0000    15.427707    +1.205508

Resultados guardados en: modelos/genero_sae_interpretabilidad/top_latentes_activos_por_clase.json
[2026-04-28 22:09:26] OK: clasificacion_genero/gpt_activaciones/top_latentes_activos_genero.py completado (5h 56m)
