[2026-04-27 06:41:50] PASO 0: Borrar splits antiguos de edad para forzar regeneracion
[2026-04-27 06:41:50] PASO 1: Limpiar caches SAE/GPT antiguas de edad
[2026-04-27 06:41:51]   Caches limpiadas
[2026-04-27 06:41:51] PASO 2: Pipeline EDAD secuencial (3 scripts)
[2026-04-27 06:41:51] [1/3] clasificacion_edad/gpt_activaciones/clasificador_edad_gpt_activaciones.py
[2026-04-27 06:41:51] --- Iniciando clasificacion_edad/gpt_activaciones/clasificador_edad_gpt_activaciones.py ---
[2026-04-27 06:41:51]   Activaciones GPT redirigidas a /hdd/aitziber.l/activaciones_gpt2_edad
CLASIFICADOR EDAD - ACTIVACIONES DIRECTAS GPT-2 (NO SAE)
PREPARACIÓN DE DATASET PARA CLASIFICACIÓN DE EDAD

1. Cargando comentarios...
Se eliminaron 198 filas de comentarios con 'body' nulo o vacío.
   ✓ 17,639,864 comentarios cargados

2. Cargando autores...
   ✓ 10,295 autores cargados

3. Uniendo comentarios con edad por autor...
   ✓ 17,639,863 comentarios con info de edad

4. Filtrando solo edad conocida (rangos válidos)...
   ✓ 5,538,809 comentarios con rango de edad válido
   (Eliminados 12,101,054 comentarios con edad nula/fuera de rango)

5. Distribución por rango de edad:
   20_29: 2,811,112 comentarios (50.8%)
   30_39: 1,422,075 comentarios (25.7%)
   14_19: 877,575 comentarios (15.8%)
   40_plus: 428,047 comentarios (7.7%)
✓ Dataset de edad preparado y listo para usar
Rangos de edad presentes: {'20_29': 2811112, '30_39': 1422075, '14_19': 877575, '40_plus': 428047}

Extrayendo activaciones de GPT-2 para 5,538,809 comentarios...
Hookpoint: transformer.h.8, batch_size: 128
`torch_dtype` is deprecated! Use `dtype` instead!
Loading weights:   0%|          | 0/148 [00:00<?, ?it/s]Loading weights:  70%|███████   | 104/148 [00:00<00:00, 1038.34it/s]Loading weights: 100%|██████████| 148/148 [00:00<00:00, 892.49it/s] 
Warning: You are sending unauthenticated requests to the HF Hub. Please set a HF_TOKEN to enable higher rate limits and faster downloads.
  [  0.0%] step 1/43272 (128/5,538,809 comentarios)
  [  2.8%] step 1219/43272 (156,032/5,538,809 comentarios)
  [  5.6%] step 2422/43272 (310,016/5,538,809 comentarios)
  [  8.4%] step 3633/43272 (465,024/5,538,809 comentarios)
