[2026-04-24 10:46:10] PASO 0: Borrar splits antiguos de genero para forzar regeneracion
[2026-04-24 10:46:10] PASO 1: Limpiar caches SAE/GPT antiguas de genero
[2026-04-24 10:46:11]   Caches limpiadas
[2026-04-24 10:46:11] PASO 2: Pipeline GENERO secuencial (3 scripts)
[2026-04-24 10:46:11] [1/3] clasificacion_genero/gpt_activaciones/clasificador_genero_gpt_activaciones.py
[2026-04-24 10:46:11] --- Iniciando clasificacion_genero/gpt_activaciones/clasificador_genero_gpt_activaciones.py ---
[2026-04-24 10:46:11]   Activaciones GPT redirigidas a /hdd/aitziber.l/activaciones_gpt2_genero
CLASIFICADOR GENERO - ACTIVACIONES DIRECTAS GPT-2 (NO SAE)
PREPARACIÓN DE DATASET PARA SAE/CLASIFICADOR

1. Cargando comentarios...
Se eliminaron 198 filas de comentarios con 'body' nulo o vacío.
   ✓ 17,639,864 comentarios cargados

2. Cargando autores...
   ✓ 10,295 autores cargados

3. Uniendo comentarios con género por autor...
   ✓ 17,639,863 comentarios con info de género

4. Filtrando solo género conocido (m/f)...
   ✓ 7,379,659 comentarios con género m/f
   (Eliminados 10,260,204 con género unknown)

5. Distribución por género:
   m: 4,920,137 comentarios (66.7%)
   f: 2,459,522 comentarios (33.3%)
✓ Dataset preparado y listo para usar
Generos presentes: {'m': 4920137, 'f': 2459522}

Extrayendo activaciones de GPT-2 para 7,379,659 comentarios...
Hookpoint: transformer.h.8, batch_size: 32
Warning: You are sending unauthenticated requests to the HF Hub. Please set a HF_TOKEN to enable higher rate limits and faster downloads.
`torch_dtype` is deprecated! Use `dtype` instead!
Loading weights:   0%|          | 0/148 [00:00<?, ?it/s]Loading weights: 100%|██████████| 148/148 [00:00<00:00, 1170.24it/s]Loading weights: 100%|██████████| 148/148 [00:00<00:00, 1123.32it/s]
  [  0.0%] step 1/230615 (32/7,379,659 comentarios)
