[2026-04-16 11:25:50] Esperando a que termine PID 430641 (run_thinking_intuitive.sh)...
[2026-04-16 12:00:51] PID 430641 ha terminado. Comenzando relanzamiento SMOTE/ADASYN.
[2026-04-16 12:00:51] ======================================================================
[2026-04-16 12:00:51] RELANZAMIENTO COMPLETO: 12 clasificadores con fix SMOTE/ADASYN
[2026-04-16 12:00:51] ======================================================================
[2026-04-16 12:00:51] [1/12] clasificacion_genero/gpt_activaciones/clasificador_genero_sae_activaciones.py
[2026-04-16 12:00:51] --- Iniciando clasificacion_genero/gpt_activaciones/clasificador_genero_sae_activaciones.py ---
[2026-04-16 12:00:51]   Cache SAE previo eliminado: /hdd/aitziber.l/activaciones_sae_gpt2_genero
Traceback (most recent call last):
  File "/home/aitziber.l/TFM/clasificacion_genero/gpt_activaciones/clasificador_genero_sae_activaciones.py", line 30, in <module>
    import dotenv
ModuleNotFoundError: No module named 'dotenv'
[2026-04-16 12:00:51] ERROR: clasificacion_genero/gpt_activaciones/clasificador_genero_sae_activaciones.py fallo con exit code 1 (0h 0m)
[2026-04-16 12:00:51] CONTINUANDO con el siguiente script pese al error...
[2026-04-16 12:00:51] [2/12] clasificacion_genero/gpt_activaciones/clasificador_genero_gpt_activaciones.py
[2026-04-16 12:00:51] --- Iniciando clasificacion_genero/gpt_activaciones/clasificador_genero_gpt_activaciones.py ---
[2026-04-16 12:00:51]   Activaciones GPT redirigidas a /hdd/aitziber.l/activaciones_gpt2_genero
Traceback (most recent call last):
  File "/home/aitziber.l/TFM/clasificacion_genero/gpt_activaciones/clasificador_genero_gpt_activaciones.py", line 29, in <module>
    import dotenv
ModuleNotFoundError: No module named 'dotenv'
[2026-04-16 12:00:51]   Activaciones temporales eliminadas: /hdd/aitziber.l/activaciones_gpt2_genero
[2026-04-16 12:00:51] ERROR: clasificacion_genero/gpt_activaciones/clasificador_genero_gpt_activaciones.py fallo con exit code 1 (0h 0m)
[2026-04-16 12:00:51] CONTINUANDO con el siguiente script pese al error...
[2026-04-16 12:00:51] [3/12] clasificacion_edad/gpt_activaciones/clasificador_edad_sae_activaciones.py
[2026-04-16 12:00:51] --- Iniciando clasificacion_edad/gpt_activaciones/clasificador_edad_sae_activaciones.py ---
[2026-04-16 12:00:51]   Cache SAE previo eliminado: /hdd/aitziber.l/activaciones_sae_gpt2_edad
Traceback (most recent call last):
  File "/home/aitziber.l/TFM/clasificacion_edad/gpt_activaciones/clasificador_edad_sae_activaciones.py", line 32, in <module>
    import dotenv
ModuleNotFoundError: No module named 'dotenv'
[2026-04-16 12:00:51] ERROR: clasificacion_edad/gpt_activaciones/clasificador_edad_sae_activaciones.py fallo con exit code 1 (0h 0m)
[2026-04-16 12:00:51] CONTINUANDO con el siguiente script pese al error...
[2026-04-16 12:00:51] [4/12] clasificacion_edad/gpt_activaciones/clasificador_edad_gpt_activaciones.py
[2026-04-16 12:00:51] --- Iniciando clasificacion_edad/gpt_activaciones/clasificador_edad_gpt_activaciones.py ---
[2026-04-16 12:00:51]   Activaciones GPT redirigidas a /hdd/aitziber.l/activaciones_gpt2_edad
Traceback (most recent call last):
  File "/home/aitziber.l/TFM/clasificacion_edad/gpt_activaciones/clasificador_edad_gpt_activaciones.py", line 31, in <module>
    import dotenv
ModuleNotFoundError: No module named 'dotenv'
[2026-04-16 12:00:51]   Activaciones temporales eliminadas: /hdd/aitziber.l/activaciones_gpt2_edad
[2026-04-16 12:00:51] ERROR: clasificacion_edad/gpt_activaciones/clasificador_edad_gpt_activaciones.py fallo con exit code 1 (0h 0m)
[2026-04-16 12:00:51] CONTINUANDO con el siguiente script pese al error...
[2026-04-16 12:00:51] [5/12] clasificacion_mbti/introverted/clasificador_introverted_sae_activaciones.py
[2026-04-16 12:00:51] --- Iniciando clasificacion_mbti/introverted/clasificador_introverted_sae_activaciones.py ---
Traceback (most recent call last):
  File "/home/aitziber.l/TFM/clasificacion_mbti/introverted/clasificador_introverted_sae_activaciones.py", line 32, in <module>
    import dotenv
ModuleNotFoundError: No module named 'dotenv'
[2026-04-16 12:00:51] ERROR: clasificacion_mbti/introverted/clasificador_introverted_sae_activaciones.py fallo con exit code 1 (0h 0m)
[2026-04-16 12:00:51] CONTINUANDO con el siguiente script pese al error...
[2026-04-16 12:00:51] [6/12] clasificacion_mbti/introverted/clasificador_introverted_gpt_activaciones.py
[2026-04-16 12:00:51] --- Iniciando clasificacion_mbti/introverted/clasificador_introverted_gpt_activaciones.py ---
[2026-04-16 12:00:51]   Activaciones GPT redirigidas a /hdd/aitziber.l/activaciones_gpt2_clasificacion_mbti/introverted/clasificador_introverted_gpt_activaciones.py
Traceback (most recent call last):
  File "/home/aitziber.l/TFM/clasificacion_mbti/introverted/clasificador_introverted_gpt_activaciones.py", line 31, in <module>
    import dotenv
ModuleNotFoundError: No module named 'dotenv'
[2026-04-16 12:00:51]   Activaciones temporales eliminadas: /hdd/aitziber.l/activaciones_gpt2_clasificacion_mbti/introverted/clasificador_introverted_gpt_activaciones.py
[2026-04-16 12:00:51] ERROR: clasificacion_mbti/introverted/clasificador_introverted_gpt_activaciones.py fallo con exit code 1 (0h 0m)
[2026-04-16 12:00:51] CONTINUANDO con el siguiente script pese al error...
[2026-04-16 12:00:51] [7/12] clasificacion_mbti/intuitive/clasificador_intuitive_sae_activaciones.py
[2026-04-16 12:00:51] --- Iniciando clasificacion_mbti/intuitive/clasificador_intuitive_sae_activaciones.py ---
Traceback (most recent call last):
  File "/home/aitziber.l/TFM/clasificacion_mbti/intuitive/clasificador_intuitive_sae_activaciones.py", line 32, in <module>
    import dotenv
ModuleNotFoundError: No module named 'dotenv'
[2026-04-16 12:00:51] ERROR: clasificacion_mbti/intuitive/clasificador_intuitive_sae_activaciones.py fallo con exit code 1 (0h 0m)
[2026-04-16 12:00:51] CONTINUANDO con el siguiente script pese al error...
[2026-04-16 12:00:51] [8/12] clasificacion_mbti/intuitive/clasificador_intuitive_gpt_activaciones.py
[2026-04-16 12:00:51] --- Iniciando clasificacion_mbti/intuitive/clasificador_intuitive_gpt_activaciones.py ---
[2026-04-16 12:00:51]   Activaciones GPT redirigidas a /hdd/aitziber.l/activaciones_gpt2_clasificacion_mbti/intuitive/clasificador_intuitive_gpt_activaciones.py
Traceback (most recent call last):
  File "/home/aitziber.l/TFM/clasificacion_mbti/intuitive/clasificador_intuitive_gpt_activaciones.py", line 31, in <module>
    import dotenv
ModuleNotFoundError: No module named 'dotenv'
[2026-04-16 12:00:51]   Activaciones temporales eliminadas: /hdd/aitziber.l/activaciones_gpt2_clasificacion_mbti/intuitive/clasificador_intuitive_gpt_activaciones.py
[2026-04-16 12:00:51] ERROR: clasificacion_mbti/intuitive/clasificador_intuitive_gpt_activaciones.py fallo con exit code 1 (0h 0m)
[2026-04-16 12:00:51] CONTINUANDO con el siguiente script pese al error...
[2026-04-16 12:00:51] [9/12] clasificacion_mbti/thinking/clasificador_thinking_sae_activaciones.py
[2026-04-16 12:00:51] --- Iniciando clasificacion_mbti/thinking/clasificador_thinking_sae_activaciones.py ---
Traceback (most recent call last):
  File "/home/aitziber.l/TFM/clasificacion_mbti/thinking/clasificador_thinking_sae_activaciones.py", line 32, in <module>
    import dotenv
ModuleNotFoundError: No module named 'dotenv'
[2026-04-16 12:00:51] ERROR: clasificacion_mbti/thinking/clasificador_thinking_sae_activaciones.py fallo con exit code 1 (0h 0m)
[2026-04-16 12:00:51] CONTINUANDO con el siguiente script pese al error...
[2026-04-16 12:00:51] [10/12] clasificacion_mbti/thinking/clasificador_thinking_gpt_activaciones.py
[2026-04-16 12:00:51] --- Iniciando clasificacion_mbti/thinking/clasificador_thinking_gpt_activaciones.py ---
[2026-04-16 12:00:51]   Activaciones GPT redirigidas a /hdd/aitziber.l/activaciones_gpt2_clasificacion_mbti/thinking/clasificador_thinking_gpt_activaciones.py
Traceback (most recent call last):
  File "/home/aitziber.l/TFM/clasificacion_mbti/thinking/clasificador_thinking_gpt_activaciones.py", line 31, in <module>
    import dotenv
ModuleNotFoundError: No module named 'dotenv'
[2026-04-16 12:00:51]   Activaciones temporales eliminadas: /hdd/aitziber.l/activaciones_gpt2_clasificacion_mbti/thinking/clasificador_thinking_gpt_activaciones.py
[2026-04-16 12:00:51] ERROR: clasificacion_mbti/thinking/clasificador_thinking_gpt_activaciones.py fallo con exit code 1 (0h 0m)
[2026-04-16 12:00:51] CONTINUANDO con el siguiente script pese al error...
[2026-04-16 12:00:51] [11/12] clasificacion_mbti/perceiving/clasificador_perceiving_sae_activaciones.py
[2026-04-16 12:00:51] --- Iniciando clasificacion_mbti/perceiving/clasificador_perceiving_sae_activaciones.py ---
Traceback (most recent call last):
  File "/home/aitziber.l/TFM/clasificacion_mbti/perceiving/clasificador_perceiving_sae_activaciones.py", line 32, in <module>
    import dotenv
ModuleNotFoundError: No module named 'dotenv'
[2026-04-16 12:00:51] ERROR: clasificacion_mbti/perceiving/clasificador_perceiving_sae_activaciones.py fallo con exit code 1 (0h 0m)
[2026-04-16 12:00:51] CONTINUANDO con el siguiente script pese al error...
[2026-04-16 12:00:51] [12/12] clasificacion_mbti/perceiving/clasificador_perceiving_gpt_activaciones.py
[2026-04-16 12:00:51] --- Iniciando clasificacion_mbti/perceiving/clasificador_perceiving_gpt_activaciones.py ---
[2026-04-16 12:00:51]   Activaciones GPT redirigidas a /hdd/aitziber.l/activaciones_gpt2_clasificacion_mbti/perceiving/clasificador_perceiving_gpt_activaciones.py
Traceback (most recent call last):
  File "/home/aitziber.l/TFM/clasificacion_mbti/perceiving/clasificador_perceiving_gpt_activaciones.py", line 31, in <module>
    import dotenv
ModuleNotFoundError: No module named 'dotenv'
[2026-04-16 12:00:51]   Activaciones temporales eliminadas: /hdd/aitziber.l/activaciones_gpt2_clasificacion_mbti/perceiving/clasificador_perceiving_gpt_activaciones.py
[2026-04-16 12:00:51] ERROR: clasificacion_mbti/perceiving/clasificador_perceiving_gpt_activaciones.py fallo con exit code 1 (0h 0m)
[2026-04-16 12:00:51] CONTINUANDO con el siguiente script pese al error...
[2026-04-16 12:00:51] ======================================================================
[2026-04-16 12:00:51] COMPLETADO: 0/12 exitosos, 12 fallidos (0h 0m total)
[2026-04-16 12:00:51] ======================================================================
