[2026-04-13 09:00:46] Iniciando clasificacion_mbti/thinking/clasificador_thinking_sae_activaciones.py
======================================================================
CLASIFICADOR THINKING - SAE SOBRE GPT-2 (STREAMING)
======================================================================

============================================================
PREPARACIÓN DE DATASET PARA CLASIFICACIÓN DE THINKING
============================================================

1. Cargando comentarios...
Se eliminaron 198 filas de comentarios con 'body' nulo o vacío.
   ✓ 17,639,864 comentarios cargados

2. Cargando autores...
   ✓ 10,295 autores cargados

3. Filtrando autores con 'thinking' conocido...
   ✓ 9,080 autores con thinking conocido
   (Eliminados 1,215 autores con thinking nulo)

4. Uniendo comentarios con thinking por autor...
   ✓ 15,581,291 comentarios con info de thinking
   (Eliminados 2,058,573 comentarios sin thinking conocido)

5. Distribución de thinking:
   1: 11,388,118 comentarios (73.1%)
   0: 4,193,173 comentarios (26.9%)

============================================================
✓ Dataset de thinking preparado y listo para usar
============================================================
Distribucion de thinking: {1: 11388118, 0: 4193173}
Splits de usuarios guardados en data/splits_thinking/

Comentarios: train=10,992,938 eval=2,435,982
  0: train=2,997,939 eval=609,330
  1: train=7,994,999 eval=1,826,652
SAE cargada: 16384 latentes, k=64, hookpoint=transformer.h.8
Warning: You are sending unauthenticated requests to the HF Hub. Please set a HF_TOKEN to enable higher rate limits and faster downloads.
Loading weights:   0%|          | 0/148 [00:00<?, ?it/s]Loading weights: 100%|██████████| 148/148 [00:00<00:00, 1320.43it/s]Loading weights: 100%|██████████| 148/148 [00:00<00:00, 1313.82it/s]
num_latents=16384
  comentario/subsample: limite resampling=4,096 (~2.00 GiB de working set, budget=2.0 GiB)

######################################################################
# PASS A: Streaming datos de entrenamiento
######################################################################
  [TRAIN   0.0%] step 1/343530 (32/10,992,938) | batch=32
  [TRAIN   6.8%] step 23200/343530 (742,400/10,992,938) | batch=32
  [TRAIN  13.4%] step 46136/343530 (1,476,352/10,992,938) | batch=32
  [TRAIN  19.2%] step 65920/343530 (2,109,440/10,992,938) | batch=32
  [TRAIN  24.7%] step 84992/343530 (2,719,744/10,992,938) | batch=32
  [TRAIN  30.8%] step 105803/343530 (3,385,696/10,992,938) | batch=32
  [TRAIN  37.3%] step 128238/343530 (4,103,616/10,992,938) | batch=32
  [TRAIN  42.6%] step 146361/343530 (4,683,552/10,992,938) | batch=32
  [TRAIN  49.1%] step 168586/343530 (5,394,752/10,992,938) | batch=32
  [TRAIN  55.8%] step 191562/343530 (6,129,984/10,992,938) | batch=32
  [TRAIN  62.4%] step 214523/343530 (6,864,736/10,992,938) | batch=32
  [TRAIN  68.9%] step 236572/343530 (7,570,304/10,992,938) | batch=32
  [TRAIN  75.3%] step 258540/343530 (8,273,280/10,992,938) | batch=32
  [TRAIN  81.9%] step 281389/343530 (9,004,448/10,992,938) | batch=32
  [TRAIN  88.5%] step 304124/343530 (9,731,968/10,992,938) | batch=32
  [TRAIN  95.0%] step 326517/343530 (10,448,544/10,992,938) | batch=32
  [TRAIN 100.0%] step 343530/343530 (10,992,938/10,992,938) | batch=32

Pass A completado: 10,992,938 muestras procesadas.

  Aplicando SMOTE sobre 4,096 muestras (last_token)...
    Antes 0: 2,048
    Antes 1: 2,048
    Despues 0: 2,048
    Despues 1: 2,048

  Aplicando ADASYN sobre 4,096 muestras (last_token)...
    Antes 0: 2,048
    Antes 1: 2,048
    Despues 0: 2,048
    Despues 1: 2,048

  Aplicando SMOTE sobre 4,096 muestras (mean)...
    Antes 0: 2,048
    Antes 1: 2,048
    Despues 0: 2,048
    Despues 1: 2,048

  Aplicando ADASYN sobre 4,096 muestras (mean)...
    Antes 0: 2,048
    Antes 1: 2,048
    Despues 0: 2,048
    Despues 1: 2,048

######################################################################
# PASS B: Streaming datos de evaluacion
######################################################################
  [EVAL   0.0%] step 1/76125 (32/2,435,982) | batch=32
  [EVAL  37.5%] step 28531/76125 (912,992/2,435,982) | batch=32
  [EVAL  75.0%] step 57112/76125 (1,827,584/2,435,982) | batch=32
  [EVAL 100.0%] step 76125/76125 (2,435,982/2,435,982) | batch=32

######################################################################
# A) CLASIFICACION A NIVEL DE COMENTARIO
######################################################################

=== EVAL comentario_last_token_sin_balanceo ===
Accuracy: 0.3868 | Balanced Acc: 0.5137 | F1 macro: 0.3868 | F1 weighted: 0.3877
         0: prec=0.2570 rec=0.7676 f1=0.3851
         1: prec=0.7702 rec=0.2598 f1=0.3886
              precision    recall  f1-score   support

           0       0.26      0.77      0.39    609330
           1       0.77      0.26      0.39   1826652

    accuracy                           0.39   2435982
   macro avg       0.51      0.51      0.39   2435982
weighted avg       0.64      0.39      0.39   2435982

Confusion matrix:
[[ 467713  141617]
 [1352031  474621]]

=== EVAL comentario_last_token_balanceo_manual ===
Accuracy: 0.4035 | Balanced Acc: 0.5194 | F1 macro: 0.4030 | F1 weighted: 0.4113
         0: prec=0.2602 rec=0.7513 f1=0.3865
         1: prec=0.7760 rec=0.2875 f1=0.4195
              precision    recall  f1-score   support

           0       0.26      0.75      0.39    609330
           1       0.78      0.29      0.42   1826652

    accuracy                           0.40   2435982
   macro avg       0.52      0.52      0.40   2435982
weighted avg       0.65      0.40      0.41   2435982

Confusion matrix:
[[ 457769  151561]
 [1301569  525083]]

=== EVAL comentario_mean_sin_balanceo ===
Accuracy: 0.5926 | Balanced Acc: 0.5537 | F1 macro: 0.5340 | F1 weighted: 0.6166
         0: prec=0.3011 rec=0.4757 f1=0.3687
         1: prec=0.7831 rec=0.6316 f1=0.6993
              precision    recall  f1-score   support

           0       0.30      0.48      0.37    609330
           1       0.78      0.63      0.70   1826652

    accuracy                           0.59   2435982
   macro avg       0.54      0.55      0.53   2435982
weighted avg       0.66      0.59      0.62   2435982

Confusion matrix:
[[ 289832  319498]
 [ 672851 1153801]]

=== EVAL comentario_mean_balanceo_manual ===
Accuracy: 0.5874 | Balanced Acc: 0.5566 | F1 macro: 0.5336 | F1 weighted: 0.6128
         0: prec=0.3019 rec=0.4950 f1=0.3751
         1: prec=0.7859 rec=0.6182 f1=0.6921
              precision    recall  f1-score   support

           0       0.30      0.50      0.38    609330
           1       0.79      0.62      0.69   1826652

    accuracy                           0.59   2435982
   macro avg       0.54      0.56      0.53   2435982
weighted avg       0.66      0.59      0.61   2435982

Confusion matrix:
[[ 301631  307699]
 [ 697329 1129323]]

=== EVAL comentario_last_token_SMOTE ===
Accuracy: 0.5059 | Balanced Acc: 0.5204 | F1 macro: 0.4780 | F1 weighted: 0.5383
         0: prec=0.2649 rec=0.5496 f1=0.3575
         1: prec=0.7658 rec=0.4913 f1=0.5986
              precision    recall  f1-score   support

           0       0.26      0.55      0.36    609330
           1       0.77      0.49      0.60   1826652

    accuracy                           0.51   2435982
   macro avg       0.52      0.52      0.48   2435982
weighted avg       0.64      0.51      0.54   2435982

Confusion matrix:
[[334885 274445]
 [929252 897400]]

=== EVAL comentario_last_token_ADASYN ===
Accuracy: 0.5084 | Balanced Acc: 0.5169 | F1 macro: 0.4780 | F1 weighted: 0.5409
         0: prec=0.2626 rec=0.5339 f1=0.3520
         1: prec=0.7627 rec=0.4999 f1=0.6039
              precision    recall  f1-score   support

           0       0.26      0.53      0.35    609330
           1       0.76      0.50      0.60   1826652

    accuracy                           0.51   2435982
   macro avg       0.51      0.52      0.48   2435982
weighted avg       0.64      0.51      0.54   2435982

Confusion matrix:
[[325298 284032]
 [913562 913090]]

=== EVAL comentario_mean_SMOTE ===
Accuracy: 0.5040 | Balanced Acc: 0.5266 | F1 macro: 0.4793 | F1 weighted: 0.5360
         0: prec=0.2689 rec=0.5717 f1=0.3658
         1: prec=0.7712 rec=0.4814 f1=0.5928
              precision    recall  f1-score   support

           0       0.27      0.57      0.37    609330
           1       0.77      0.48      0.59   1826652

    accuracy                           0.50   2435982
   macro avg       0.52      0.53      0.48   2435982
weighted avg       0.65      0.50      0.54   2435982

Confusion matrix:
[[348376 260954]
 [947243 879409]]

=== EVAL comentario_mean_ADASYN ===
Accuracy: 0.5026 | Balanced Acc: 0.5220 | F1 macro: 0.4768 | F1 weighted: 0.5349
         0: prec=0.2658 rec=0.5607 f1=0.3606
         1: prec=0.7673 rec=0.4833 f1=0.5930
              precision    recall  f1-score   support

           0       0.27      0.56      0.36    609330
           1       0.77      0.48      0.59   1826652

    accuracy                           0.50   2435982
   macro avg       0.52      0.52      0.48   2435982
weighted avg       0.64      0.50      0.53   2435982

Confusion matrix:
[[341656 267674]
 [943882 882770]]

######################################################################
# B) CLASIFICACION A NIVEL DE USUARIO
######################################################################

  Usuarios mean_of_last: train=6,356 eval=1,362
    0: train=2,245 eval=495
    1: train=4,111 eval=867

============================================================
ENTRENANDO: usuario_mean_of_last_sin_balanceo
  Train users: 6,356 | Eval users: 1,362
============================================================

=== EVAL usuario_mean_of_last_sin_balanceo ===
Accuracy: 0.6101 | Balanced Acc: 0.6058 | F1 macro: 0.5969 | F1 weighted: 0.6168
         0: prec=0.4710 rec=0.5899 f1=0.5238
         1: prec=0.7264 rec=0.6217 f1=0.6700
              precision    recall  f1-score   support

           0       0.47      0.59      0.52       495
           1       0.73      0.62      0.67       867

    accuracy                           0.61      1362
   macro avg       0.60      0.61      0.60      1362
weighted avg       0.63      0.61      0.62      1362

Confusion matrix:
[[292 203]
 [328 539]]

============================================================
ENTRENANDO: usuario_mean_of_last_balanceo_manual
  Train users: 6,356 | Eval users: 1,362
============================================================

=== EVAL usuario_mean_of_last_balanceo_manual ===
Accuracy: 0.6109 | Balanced Acc: 0.6124 | F1 macro: 0.6004 | F1 weighted: 0.6181
         0: prec=0.4730 rec=0.6182 f1=0.5359
         1: prec=0.7357 rec=0.6067 f1=0.6650
              precision    recall  f1-score   support

           0       0.47      0.62      0.54       495
           1       0.74      0.61      0.66       867

    accuracy                           0.61      1362
   macro avg       0.60      0.61      0.60      1362
weighted avg       0.64      0.61      0.62      1362

Confusion matrix:
[[306 189]
 [341 526]]

  Aplicando SMOTE a nivel usuario (6,356)...
  usuario/mean_of_last: limite resampling=4,096 (~2.00 GiB de working set, budget=2.0 GiB)
    Despues 0: 2,649
    Despues 1: 2,649

============================================================
ENTRENANDO: usuario_mean_of_last_SMOTE
============================================================

=== EVAL usuario_mean_of_last_SMOTE ===
Accuracy: 0.6021 | Balanced Acc: 0.6185 | F1 macro: 0.5973 | F1 weighted: 0.6093
         0: prec=0.4673 rec=0.6788 f1=0.5535
         1: prec=0.7527 rec=0.5582 f1=0.6411
              precision    recall  f1-score   support

           0       0.47      0.68      0.55       495
           1       0.75      0.56      0.64       867

    accuracy                           0.60      1362
   macro avg       0.61      0.62      0.60      1362
weighted avg       0.65      0.60      0.61      1362

Confusion matrix:
[[336 159]
 [383 484]]

  Aplicando ADASYN a nivel usuario (6,356)...
  usuario/mean_of_last: limite resampling=4,096 (~2.00 GiB de working set, budget=2.0 GiB)
    Despues 0: 2,733
    Despues 1: 2,649

============================================================
ENTRENANDO: usuario_mean_of_last_ADASYN
============================================================

=== EVAL usuario_mean_of_last_ADASYN ===
Accuracy: 0.5977 | Balanced Acc: 0.6038 | F1 macro: 0.5893 | F1 weighted: 0.6053
         0: prec=0.4606 rec=0.6263 f1=0.5308
         1: prec=0.7315 rec=0.5813 f1=0.6478
              precision    recall  f1-score   support

           0       0.46      0.63      0.53       495
           1       0.73      0.58      0.65       867

    accuracy                           0.60      1362
   macro avg       0.60      0.60      0.59      1362
weighted avg       0.63      0.60      0.61      1362

Confusion matrix:
[[310 185]
 [363 504]]

  Usuarios mean_of_mean: train=6,356 eval=1,362
    0: train=2,245 eval=495
    1: train=4,111 eval=867

============================================================
ENTRENANDO: usuario_mean_of_mean_sin_balanceo
  Train users: 6,356 | Eval users: 1,362
============================================================

=== EVAL usuario_mean_of_mean_sin_balanceo ===
Accuracy: 0.6924 | Balanced Acc: 0.6890 | F1 macro: 0.6795 | F1 weighted: 0.6970
         0: prec=0.5640 rec=0.6768 f1=0.6152
         1: prec=0.7917 rec=0.7013 f1=0.7437
              precision    recall  f1-score   support

           0       0.56      0.68      0.62       495
           1       0.79      0.70      0.74       867

    accuracy                           0.69      1362
   macro avg       0.68      0.69      0.68      1362
weighted avg       0.71      0.69      0.70      1362

Confusion matrix:
[[335 160]
 [259 608]]

============================================================
ENTRENANDO: usuario_mean_of_mean_balanceo_manual
  Train users: 6,356 | Eval users: 1,362
============================================================

=== EVAL usuario_mean_of_mean_balanceo_manual ===
Accuracy: 0.6828 | Balanced Acc: 0.6833 | F1 macro: 0.6716 | F1 weighted: 0.6882
         0: prec=0.5512 rec=0.6848 f1=0.6108
         1: prec=0.7912 rec=0.6817 f1=0.7323
              precision    recall  f1-score   support

           0       0.55      0.68      0.61       495
           1       0.79      0.68      0.73       867

    accuracy                           0.68      1362
   macro avg       0.67      0.68      0.67      1362
weighted avg       0.70      0.68      0.69      1362

Confusion matrix:
[[339 156]
 [276 591]]

  Aplicando SMOTE a nivel usuario (6,356)...
  usuario/mean_of_mean: limite resampling=4,096 (~2.00 GiB de working set, budget=2.0 GiB)
    Despues 0: 2,649
    Despues 1: 2,649

============================================================
ENTRENANDO: usuario_mean_of_mean_SMOTE
============================================================

=== EVAL usuario_mean_of_mean_SMOTE ===
Accuracy: 0.6747 | Balanced Acc: 0.6873 | F1 macro: 0.6681 | F1 weighted: 0.6809
         0: prec=0.5386 rec=0.7333 f1=0.6210
         1: prec=0.8081 rec=0.6413 f1=0.7151
              precision    recall  f1-score   support

           0       0.54      0.73      0.62       495
           1       0.81      0.64      0.72       867

    accuracy                           0.67      1362
   macro avg       0.67      0.69      0.67      1362
weighted avg       0.71      0.67      0.68      1362

Confusion matrix:
[[363 132]
 [311 556]]

  Aplicando ADASYN a nivel usuario (6,356)...
  usuario/mean_of_mean: limite resampling=4,096 (~2.00 GiB de working set, budget=2.0 GiB)
    Despues 0: 2,705
    Despues 1: 2,649

============================================================
ENTRENANDO: usuario_mean_of_mean_ADASYN
============================================================

=== EVAL usuario_mean_of_mean_ADASYN ===
Accuracy: 0.6681 | Balanced Acc: 0.6782 | F1 macro: 0.6607 | F1 weighted: 0.6744
         0: prec=0.5323 rec=0.7152 f1=0.6103
         1: prec=0.7977 rec=0.6413 f1=0.7110
              precision    recall  f1-score   support

           0       0.53      0.72      0.61       495
           1       0.80      0.64      0.71       867

    accuracy                           0.67      1362
   macro avg       0.67      0.68      0.66      1362
weighted avg       0.70      0.67      0.67      1362

Confusion matrix:
[[354 141]
 [311 556]]


======================================================================
RESUMEN DE RESULTADOS (EVAL)
======================================================================
Config                                           Acc  BalAcc  F1mac     F1_0     F1_1
-------------------------------------------------------------------------------------
comentario_last_token_sin_balanceo            0.3868 0.51371 0.3868   0.3851   0.3886
comentario_last_token_balanceo_manual         0.4035 0.51936 0.4030   0.3865   0.4195
comentario_mean_sin_balanceo                  0.5926 0.55365 0.5340   0.3687   0.6993
comentario_mean_balanceo_manual               0.5874 0.55663 0.5336   0.3751   0.6921
comentario_last_token_SMOTE                   0.5059 0.52044 0.4780   0.3575   0.5986
comentario_last_token_ADASYN                  0.5084 0.51687 0.4780   0.3520   0.6039
comentario_mean_SMOTE                         0.5040 0.52658 0.4793   0.3658   0.5928
comentario_mean_ADASYN                        0.5026 0.52199 0.4768   0.3606   0.5930
usuario_mean_of_last_sin_balanceo             0.6101 0.60579 0.5969   0.5238   0.6700
usuario_mean_of_last_balanceo_manual          0.6109 0.61244 0.6004   0.5359   0.6650
usuario_mean_of_last_SMOTE                    0.6021 0.61852 0.5973   0.5535   0.6411
usuario_mean_of_last_ADASYN                   0.5977 0.60379 0.5893   0.5308   0.6478
usuario_mean_of_mean_sin_balanceo             0.6924 0.68902 0.6795   0.6152   0.7437
usuario_mean_of_mean_balanceo_manual          0.6828 0.68325 0.6716   0.6108   0.7323
usuario_mean_of_mean_SMOTE                    0.6747 0.68731 0.6681   0.6210   0.7151
usuario_mean_of_mean_ADASYN                   0.6681 0.67822 0.6607   0.6103   0.7110

======================================================================
COMPLETADO - Test reservado para uso futuro
======================================================================
[2026-04-14 03:29:26] Finalizado correctamente: thinking SAE
[2026-04-14 03:29:26] Iniciando clasificacion_mbti/thinking/clasificador_thinking_gpt_activaciones.py
Warning: You are sending unauthenticated requests to the HF Hub. Please set a HF_TOKEN to enable higher rate limits and faster downloads.
`torch_dtype` is deprecated! Use `dtype` instead!
======================================================================
CLASIFICADOR THINKING - ACTIVACIONES DIRECTAS GPT-2 (NO SAE)
======================================================================

============================================================
PREPARACIÓN DE DATASET PARA CLASIFICACIÓN DE THINKING
============================================================

1. Cargando comentarios...
Se eliminaron 198 filas de comentarios con 'body' nulo o vacío.
   ✓ 17,639,864 comentarios cargados

2. Cargando autores...
   ✓ 10,295 autores cargados

3. Filtrando autores con 'thinking' conocido...
   ✓ 9,080 autores con thinking conocido
   (Eliminados 1,215 autores con thinking nulo)

4. Uniendo comentarios con thinking por autor...
   ✓ 15,581,291 comentarios con info de thinking
   (Eliminados 2,058,573 comentarios sin thinking conocido)

5. Distribución de thinking:
   1: 11,388,118 comentarios (73.1%)
   0: 4,193,173 comentarios (26.9%)

============================================================
✓ Dataset de thinking preparado y listo para usar
============================================================
Distribucion de thinking: {1: 11388118, 0: 4193173}

Extrayendo activaciones de GPT-2 para 15,581,291 comentarios...
Hookpoint: transformer.h.8, batch_size: 32
Loading weights:   0%|          | 0/148 [00:00<?, ?it/s]Loading weights:  95%|█████████▍| 140/148 [00:00<00:00, 1395.22it/s]Loading weights: 100%|██████████| 148/148 [00:00<00:00, 1059.86it/s]
  [  0.0%] step 1/486916 (32/15,581,291 comentarios)
  [  4.5%] step 22109/486916 (707,488/15,581,291 comentarios)
  [  9.1%] step 44295/486916 (1,417,440/15,581,291 comentarios)
  [ 13.7%] step 66482/486916 (2,127,424/15,581,291 comentarios)
  [ 18.2%] step 88673/486916 (2,837,536/15,581,291 comentarios)
  [ 22.8%] step 110864/486916 (3,547,648/15,581,291 comentarios)
  [ 27.1%] step 131966/486916 (4,222,912/15,581,291 comentarios)
  [ 31.1%] step 151609/486916 (4,851,488/15,581,291 comentarios)
  [ 35.0%] step 170544/486916 (5,457,408/15,581,291 comentarios)
  [ 38.8%] step 189127/486916 (6,052,064/15,581,291 comentarios)
  [ 42.2%] step 205243/486916 (6,567,776/15,581,291 comentarios)
  [ 46.3%] step 225485/486916 (7,215,520/15,581,291 comentarios)
  [ 49.6%] step 241277/486916 (7,720,864/15,581,291 comentarios)
  [ 52.3%] step 254724/486916 (8,151,168/15,581,291 comentarios)
  [ 55.1%] step 268215/486916 (8,582,880/15,581,291 comentarios)
  [ 57.8%] step 281646/486916 (9,012,672/15,581,291 comentarios)
  [ 60.6%] step 295038/486916 (9,441,216/15,581,291 comentarios)
  [ 63.4%] step 308664/486916 (9,877,248/15,581,291 comentarios)
  [ 66.8%] step 325330/486916 (10,410,560/15,581,291 comentarios)
  [ 70.5%] step 343150/486916 (10,980,800/15,581,291 comentarios)
  [ 74.2%] step 361423/486916 (11,565,536/15,581,291 comentarios)
  [ 78.0%] step 379771/486916 (12,152,672/15,581,291 comentarios)
  [ 81.8%] step 398150/486916 (12,740,800/15,581,291 comentarios)
  [ 85.6%] step 416579/486916 (13,330,528/15,581,291 comentarios)
  [ 89.3%] step 434887/486916 (13,916,384/15,581,291 comentarios)
  [ 93.1%] step 453273/486916 (14,504,736/15,581,291 comentarios)
  [ 96.9%] step 471702/486916 (15,094,464/15,581,291 comentarios)
  [100.0%] step 486916/486916 (15,581,291/15,581,291 comentarios)
Activaciones guardadas en data/activaciones_gpt2_thinking/
Cargando activaciones desde data/activaciones_gpt2_thinking/ ...
  last_token: (15581291, 768), mean_token: (15581291, 768)

Activaciones: hidden_size=768, comentarios=15,581,291
  0: 4,193,173 (26.9%)
  1: 11,388,118 (73.1%)

######################################################################
# A) CLASIFICACION A NIVEL DE COMENTARIO
######################################################################
Splits de usuarios cargados desde data/splits_thinking/
Split de comentarios (por usuario) guardado en data/splits_thinking/split_comentarios_por_usuario.npz
  Sin leakage: cada usuario aparece en un unico split.

Split comentarios: train=10,992,938 eval=2,435,982 test=2,152,371
  0: train=2,997,939 eval=609,330
  1: train=7,994,999 eval=1,826,652

  Ajustando StandardScaler para last_token (incremental)...
    Scaler ajustado sobre 10,992,938 muestras

============================================================
ENTRENANDO: comentario_last_token_sin_balanceo
  Train: 10,992,938 | Eval: 2,435,982
  Pesos de clase: ninguno (todos 1.0)
============================================================
  [Epoch 1] 100.0% (2684/2684)

=== EVAL comentario_last_token_sin_balanceo ===
Accuracy: 0.7450 | Balanced Acc: 0.5213 | F1 macro: 0.4885 | F1 weighted: 0.6695
         0: prec=0.4418 rec=0.0737 f1=0.1264
         1: prec=0.7582 rec=0.9689 f1=0.8507
              precision    recall  f1-score   support

           0       0.44      0.07      0.13    609330
           1       0.76      0.97      0.85   1826652

    accuracy                           0.75   2435982
   macro avg       0.60      0.52      0.49   2435982
weighted avg       0.68      0.75      0.67   2435982

Confusion matrix:
[[  44925  564405]
 [  56751 1769901]]
  -> Modelo guardado: modelos/thinking_gpt_activaciones/comentario_last_token_sin_balanceo.pkl

============================================================
ENTRENANDO: comentario_last_token_balanceo_manual
  Train: 10,992,938 | Eval: 2,435,982
  Pesos de clase: 0=1.100, 1=0.900
============================================================
  [Epoch 1] 100.0% (2684/2684)

=== EVAL comentario_last_token_balanceo_manual ===
Accuracy: 0.7347 | Balanced Acc: 0.5353 | F1 macro: 0.5226 | F1 weighted: 0.6816
         0: prec=0.4090 rec=0.1362 f1=0.2044
         1: prec=0.7643 rec=0.9343 f1=0.8408
              precision    recall  f1-score   support

           0       0.41      0.14      0.20    609330
           1       0.76      0.93      0.84   1826652

    accuracy                           0.73   2435982
   macro avg       0.59      0.54      0.52   2435982
weighted avg       0.68      0.73      0.68   2435982

Confusion matrix:
[[  82996  526334]
 [ 119942 1706710]]
  -> Modelo guardado: modelos/thinking_gpt_activaciones/comentario_last_token_balanceo_manual.pkl
  comentario/last_token: limite resampling=87,381 (~2.00 GiB de working set, budget=2.0 GiB)

  Submuestreando 10,992,938 -> 87,381 para resampling...

  Aplicando SMOTE sobre 87,381 muestras...
    Antes 0: 23,830
    Antes 1: 63,551
    Despues 0: 63,551
    Despues 1: 63,551

============================================================
ENTRENANDO: comentario_last_token_SMOTE
  Train: 127,102 | Eval: 2,435,982
============================================================
  [Epoch 1] 100.0% (32/32)

=== EVAL comentario_last_token_SMOTE ===
Accuracy: 0.5466 | Balanced Acc: 0.5530 | F1 macro: 0.5128 | F1 weighted: 0.5770
         0: prec=0.2910 rec=0.5657 f1=0.3843
         1: prec=0.7885 rec=0.5403 f1=0.6412
              precision    recall  f1-score   support

           0       0.29      0.57      0.38    609330
           1       0.79      0.54      0.64   1826652

    accuracy                           0.55   2435982
   macro avg       0.54      0.55      0.51   2435982
weighted avg       0.66      0.55      0.58   2435982

Confusion matrix:
[[344668 264662]
 [839727 986925]]
  -> Modelo guardado: modelos/thinking_gpt_activaciones/comentario_last_token_SMOTE.pkl

  Aplicando ADASYN sobre 87,381 muestras...
    Antes 0: 23,830
    Antes 1: 63,551
    Despues 0: 59,200
    Despues 1: 63,551

============================================================
ENTRENANDO: comentario_last_token_ADASYN
  Train: 122,751 | Eval: 2,435,982
============================================================
  [Epoch 1] 100.0% (30/30)

=== EVAL comentario_last_token_ADASYN ===
Accuracy: 0.5718 | Balanced Acc: 0.5478 | F1 macro: 0.5224 | F1 weighted: 0.5992
         0: prec=0.2920 rec=0.4998 f1=0.3687
         1: prec=0.7812 rec=0.5959 f1=0.6761
              precision    recall  f1-score   support

           0       0.29      0.50      0.37    609330
           1       0.78      0.60      0.68   1826652

    accuracy                           0.57   2435982
   macro avg       0.54      0.55      0.52   2435982
weighted avg       0.66      0.57      0.60   2435982

Confusion matrix:
[[ 304515  304815]
 [ 738187 1088465]]
  -> Modelo guardado: modelos/thinking_gpt_activaciones/comentario_last_token_ADASYN.pkl

  Ajustando StandardScaler para mean (incremental)...
    Scaler ajustado sobre 10,992,938 muestras

============================================================
ENTRENANDO: comentario_mean_sin_balanceo
  Train: 10,992,938 | Eval: 2,435,982
  Pesos de clase: ninguno (todos 1.0)
============================================================
  [Epoch 1] 100.0% (2684/2684)

=== EVAL comentario_mean_sin_balanceo ===
Accuracy: 0.7449 | Balanced Acc: 0.5242 | F1 macro: 0.4947 | F1 weighted: 0.6724
         0: prec=0.4461 rec=0.0825 f1=0.1392
         1: prec=0.7594 rec=0.9659 f1=0.8503
              precision    recall  f1-score   support

           0       0.45      0.08      0.14    609330
           1       0.76      0.97      0.85   1826652

    accuracy                           0.74   2435982
   macro avg       0.60      0.52      0.49   2435982
weighted avg       0.68      0.74      0.67   2435982

Confusion matrix:
[[  50243  559087]
 [  62372 1764280]]
  -> Modelo guardado: modelos/thinking_gpt_activaciones/comentario_mean_sin_balanceo.pkl

============================================================
ENTRENANDO: comentario_mean_balanceo_manual
  Train: 10,992,938 | Eval: 2,435,982
  Pesos de clase: 0=1.100, 1=0.900
============================================================
  [Epoch 1] 100.0% (2684/2684)

=== EVAL comentario_mean_balanceo_manual ===
Accuracy: 0.7328 | Balanced Acc: 0.5381 | F1 macro: 0.5282 | F1 weighted: 0.6835
         0: prec=0.4067 rec=0.1483 f1=0.2174
         1: prec=0.7656 rec=0.9278 f1=0.8389
              precision    recall  f1-score   support

           0       0.41      0.15      0.22    609330
           1       0.77      0.93      0.84   1826652

    accuracy                           0.73   2435982
   macro avg       0.59      0.54      0.53   2435982
weighted avg       0.68      0.73      0.68   2435982

Confusion matrix:
[[  90393  518937]
 [ 131874 1694778]]
  -> Modelo guardado: modelos/thinking_gpt_activaciones/comentario_mean_balanceo_manual.pkl
  comentario/mean: limite resampling=87,381 (~2.00 GiB de working set, budget=2.0 GiB)

  Submuestreando 10,992,938 -> 87,381 para resampling...

  Aplicando SMOTE sobre 87,381 muestras...
    Antes 0: 23,830
    Antes 1: 63,551
    Despues 0: 63,551
    Despues 1: 63,551

============================================================
ENTRENANDO: comentario_mean_SMOTE
  Train: 127,102 | Eval: 2,435,982
============================================================
  [Epoch 1] 100.0% (32/32)

=== EVAL comentario_mean_SMOTE ===
Accuracy: 0.5734 | Balanced Acc: 0.5620 | F1 macro: 0.5301 | F1 weighted: 0.6014
         0: prec=0.3023 rec=0.5392 f1=0.3874
         1: prec=0.7919 rec=0.5848 f1=0.6728
              precision    recall  f1-score   support

           0       0.30      0.54      0.39    609330
           1       0.79      0.58      0.67   1826652

    accuracy                           0.57   2435982
   macro avg       0.55      0.56      0.53   2435982
weighted avg       0.67      0.57      0.60   2435982

Confusion matrix:
[[ 328528  280802]
 [ 758407 1068245]]
  -> Modelo guardado: modelos/thinking_gpt_activaciones/comentario_mean_SMOTE.pkl

  Aplicando ADASYN sobre 87,381 muestras...
    Antes 0: 23,830
    Antes 1: 63,551
    Despues 0: 57,829
    Despues 1: 63,551

============================================================
ENTRENANDO: comentario_mean_ADASYN
  Train: 121,380 | Eval: 2,435,982
============================================================
  [Epoch 1] 100.0% (30/30)

=== EVAL comentario_mean_ADASYN ===
Accuracy: 0.5961 | Balanced Acc: 0.5647 | F1 macro: 0.5415 | F1 weighted: 0.6206
         0: prec=0.3101 rec=0.5019 f1=0.3833
         1: prec=0.7906 rec=0.6275 f1=0.6997
              precision    recall  f1-score   support

           0       0.31      0.50      0.38    609330
           1       0.79      0.63      0.70   1826652

    accuracy                           0.60   2435982
   macro avg       0.55      0.56      0.54   2435982
weighted avg       0.67      0.60      0.62   2435982

Confusion matrix:
[[ 305830  303500]
 [ 680452 1146200]]
  -> Modelo guardado: modelos/thinking_gpt_activaciones/comentario_mean_ADASYN.pkl

######################################################################
# B) CLASIFICACION A NIVEL DE USUARIO
######################################################################
Splits de usuarios cargados desde data/splits_thinking/

Split usuarios: train=6,356 eval=1,362 test=1,362

  Agregando features por usuario para mean_of_last...

============================================================
ENTRENANDO: usuario_mean_of_last_sin_balanceo
  Train users: 6,356 | Eval users: 1,362
  Pesos de clase: ninguno (todos 1.0)
============================================================

=== EVAL usuario_mean_of_last_sin_balanceo ===
Accuracy: 0.7012 | Balanced Acc: 0.6556 | F1 macro: 0.6606 | F1 weighted: 0.6926
         0: prec=0.6111 rec=0.4889 f1=0.5432
         1: prec=0.7381 rec=0.8224 f1=0.7780
              precision    recall  f1-score   support

           0       0.61      0.49      0.54       495
           1       0.74      0.82      0.78       867

    accuracy                           0.70      1362
   macro avg       0.67      0.66      0.66      1362
weighted avg       0.69      0.70      0.69      1362

Confusion matrix:
[[242 253]
 [154 713]]
  -> Modelo guardado: modelos/thinking_gpt_activaciones/usuario_mean_of_last_sin_balanceo.pkl

============================================================
ENTRENANDO: usuario_mean_of_last_balanceo_manual
  Train users: 6,356 | Eval users: 1,362
  Pesos de clase: 0=1.100, 1=0.900
============================================================

=== EVAL usuario_mean_of_last_balanceo_manual ===
Accuracy: 0.7056 | Balanced Acc: 0.6751 | F1 macro: 0.6773 | F1 weighted: 0.7034
         0: prec=0.6013 rec=0.5636 f1=0.5819
         1: prec=0.7595 rec=0.7866 f1=0.7728
              precision    recall  f1-score   support

           0       0.60      0.56      0.58       495
           1       0.76      0.79      0.77       867

    accuracy                           0.71      1362
   macro avg       0.68      0.68      0.68      1362
weighted avg       0.70      0.71      0.70      1362

Confusion matrix:
[[279 216]
 [185 682]]
  -> Modelo guardado: modelos/thinking_gpt_activaciones/usuario_mean_of_last_balanceo_manual.pkl

  Usuarios train dist:
    0: 2,245
    1: 4,111

  Aplicando SMOTE a nivel usuario (6,356 usuarios)...
  usuario/mean_of_last: limite resampling=6,356 (~0.15 GiB de working set, budget=2.0 GiB)
    Despues 0: 4,111
    Despues 1: 4,111

============================================================
ENTRENANDO: usuario_mean_of_last_SMOTE
  Train users: 8,222 | Eval users: 1,362
============================================================

=== EVAL usuario_mean_of_last_SMOTE ===
Accuracy: 0.6836 | Balanced Acc: 0.6821 | F1 macro: 0.6715 | F1 weighted: 0.6887
         0: prec=0.5528 rec=0.6768 f1=0.6085
         1: prec=0.7884 rec=0.6874 f1=0.7344
              precision    recall  f1-score   support

           0       0.55      0.68      0.61       495
           1       0.79      0.69      0.73       867

    accuracy                           0.68      1362
   macro avg       0.67      0.68      0.67      1362
weighted avg       0.70      0.68      0.69      1362

Confusion matrix:
[[335 160]
 [271 596]]
  -> Modelo guardado: modelos/thinking_gpt_activaciones/usuario_mean_of_last_SMOTE.pkl

  Aplicando ADASYN a nivel usuario (6,356 usuarios)...
  usuario/mean_of_last: limite resampling=6,356 (~0.15 GiB de working set, budget=2.0 GiB)
    Despues 0: 4,085
    Despues 1: 4,111

============================================================
ENTRENANDO: usuario_mean_of_last_ADASYN
  Train users: 8,196 | Eval users: 1,362
============================================================

=== EVAL usuario_mean_of_last_ADASYN ===
Accuracy: 0.6931 | Balanced Acc: 0.6944 | F1 macro: 0.6822 | F1 weighted: 0.6983
         0: prec=0.5626 rec=0.6990 f1=0.6234
         1: prec=0.8005 rec=0.6897 f1=0.7410
              precision    recall  f1-score   support

           0       0.56      0.70      0.62       495
           1       0.80      0.69      0.74       867

    accuracy                           0.69      1362
   macro avg       0.68      0.69      0.68      1362
weighted avg       0.71      0.69      0.70      1362

Confusion matrix:
[[346 149]
 [269 598]]
  -> Modelo guardado: modelos/thinking_gpt_activaciones/usuario_mean_of_last_ADASYN.pkl

  Agregando features por usuario para mean_of_mean...

============================================================
ENTRENANDO: usuario_mean_of_mean_sin_balanceo
  Train users: 6,356 | Eval users: 1,362
  Pesos de clase: ninguno (todos 1.0)
============================================================

=== EVAL usuario_mean_of_mean_sin_balanceo ===
Accuracy: 0.7195 | Balanced Acc: 0.6731 | F1 macro: 0.6794 | F1 weighted: 0.7104
         0: prec=0.6468 rec=0.5030 f1=0.5659
         1: prec=0.7482 rec=0.8431 f1=0.7928
              precision    recall  f1-score   support

           0       0.65      0.50      0.57       495
           1       0.75      0.84      0.79       867

    accuracy                           0.72      1362
   macro avg       0.70      0.67      0.68      1362
weighted avg       0.71      0.72      0.71      1362

Confusion matrix:
[[249 246]
 [136 731]]
  -> Modelo guardado: modelos/thinking_gpt_activaciones/usuario_mean_of_mean_sin_balanceo.pkl

============================================================
ENTRENANDO: usuario_mean_of_mean_balanceo_manual
  Train users: 6,356 | Eval users: 1,362
  Pesos de clase: 0=1.100, 1=0.900
============================================================

=== EVAL usuario_mean_of_mean_balanceo_manual ===
Accuracy: 0.7232 | Balanced Acc: 0.6911 | F1 macro: 0.6946 | F1 weighted: 0.7201
         0: prec=0.6311 rec=0.5737 f1=0.6011
         1: prec=0.7686 rec=0.8085 f1=0.7881
              precision    recall  f1-score   support

           0       0.63      0.57      0.60       495
           1       0.77      0.81      0.79       867

    accuracy                           0.72      1362
   macro avg       0.70      0.69      0.69      1362
weighted avg       0.72      0.72      0.72      1362

Confusion matrix:
[[284 211]
 [166 701]]
  -> Modelo guardado: modelos/thinking_gpt_activaciones/usuario_mean_of_mean_balanceo_manual.pkl

  Usuarios train dist:
    0: 2,245
    1: 4,111

  Aplicando SMOTE a nivel usuario (6,356 usuarios)...
  usuario/mean_of_mean: limite resampling=6,356 (~0.15 GiB de working set, budget=2.0 GiB)
    Despues 0: 4,111
    Despues 1: 4,111

============================================================
ENTRENANDO: usuario_mean_of_mean_SMOTE
  Train users: 8,222 | Eval users: 1,362
============================================================

=== EVAL usuario_mean_of_mean_SMOTE ===
Accuracy: 0.7056 | Balanced Acc: 0.6955 | F1 macro: 0.6896 | F1 weighted: 0.7088
         0: prec=0.5842 rec=0.6586 f1=0.6192
         1: prec=0.7898 rec=0.7324 f1=0.7600
              precision    recall  f1-score   support

           0       0.58      0.66      0.62       495
           1       0.79      0.73      0.76       867

    accuracy                           0.71      1362
   macro avg       0.69      0.70      0.69      1362
weighted avg       0.72      0.71      0.71      1362

Confusion matrix:
[[326 169]
 [232 635]]
  -> Modelo guardado: modelos/thinking_gpt_activaciones/usuario_mean_of_mean_SMOTE.pkl

  Aplicando ADASYN a nivel usuario (6,356 usuarios)...
  usuario/mean_of_mean: limite resampling=6,356 (~0.15 GiB de working set, budget=2.0 GiB)
    Despues 0: 4,251
    Despues 1: 4,111

============================================================
ENTRENANDO: usuario_mean_of_mean_ADASYN
  Train users: 8,362 | Eval users: 1,362
============================================================

=== EVAL usuario_mean_of_mean_ADASYN ===
Accuracy: 0.6997 | Balanced Acc: 0.7052 | F1 macro: 0.6905 | F1 weighted: 0.7051
         0: prec=0.5680 rec=0.7253 f1=0.6371
         1: prec=0.8137 rec=0.6851 f1=0.7439
              precision    recall  f1-score   support

           0       0.57      0.73      0.64       495
           1       0.81      0.69      0.74       867

    accuracy                           0.70      1362
   macro avg       0.69      0.71      0.69      1362
weighted avg       0.72      0.70      0.71      1362

Confusion matrix:
[[359 136]
 [273 594]]
  -> Modelo guardado: modelos/thinking_gpt_activaciones/usuario_mean_of_mean_ADASYN.pkl


======================================================================
RESUMEN DE RESULTADOS (EVAL)
======================================================================
Config                                           Acc  BalAcc  F1mac     F1_0     F1_1
-------------------------------------------------------------------------------------
comentario_last_token_sin_balanceo            0.7450 0.52133 0.4885   0.1264   0.8507
comentario_last_token_balanceo_manual         0.7347 0.53527 0.5226   0.2044   0.8408
comentario_last_token_SMOTE                   0.5466 0.55297 0.5128   0.3843   0.6412
comentario_last_token_ADASYN                  0.5718 0.54782 0.5224   0.3687   0.6761
comentario_mean_sin_balanceo                  0.7449 0.52416 0.4947   0.1392   0.8503
comentario_mean_balanceo_manual               0.7328 0.53808 0.5282   0.2174   0.8389
comentario_mean_SMOTE                         0.5734 0.56199 0.5301   0.3874   0.6728
comentario_mean_ADASYN                        0.5961 0.56470 0.5415   0.3833   0.6997
usuario_mean_of_last_sin_balanceo             0.7012 0.65563 0.6606   0.5432   0.7780
usuario_mean_of_last_balanceo_manual          0.7056 0.67513 0.6773   0.5819   0.7728
usuario_mean_of_last_SMOTE                    0.6836 0.68210 0.6715   0.6085   0.7344
usuario_mean_of_last_ADASYN                   0.6931 0.69436 0.6822   0.6234   0.7410
usuario_mean_of_mean_sin_balanceo             0.7195 0.67308 0.6794   0.5659   0.7928
usuario_mean_of_mean_balanceo_manual          0.7232 0.69114 0.6946   0.6011   0.7881
usuario_mean_of_mean_SMOTE                    0.7056 0.69550 0.6896   0.6192   0.7600
usuario_mean_of_mean_ADASYN                   0.6997 0.70519 0.6905   0.6371   0.7439

Resumen guardado en: modelos/thinking_gpt_activaciones/resultados_resumen.json

======================================================================
COMPLETADO - Test reservado para uso futuro
======================================================================
[2026-04-15 06:43:17] Activaciones temporales de thinking GPT eliminadas
[2026-04-15 06:43:17] Finalizado correctamente: thinking GPT
[2026-04-15 06:43:17] Iniciando clasificacion_mbti/intuitive/clasificador_intuitive_sae_activaciones.py
======================================================================
CLASIFICADOR INTUITIVE - SAE SOBRE GPT-2 (STREAMING)
======================================================================

============================================================
PREPARACIÓN DE DATASET PARA CLASIFICACIÓN DE INTUITIVE
============================================================

1. Cargando comentarios...
Se eliminaron 198 filas de comentarios con 'body' nulo o vacío.
   ✓ 17,639,864 comentarios cargados

2. Cargando autores...
   ✓ 10,295 autores cargados

3. Filtrando autores con 'intuitive' conocido...
   ✓ 9,083 autores con intuitive conocido
   (Eliminados 1,212 autores con intuitive nulo)

4. Uniendo comentarios con intuitive por autor...
   ✓ 15,596,767 comentarios con info de intuitive
   (Eliminados 2,043,097 comentarios sin intuitive conocido)

5. Distribución de intuitive:
   1: 13,553,500 comentarios (86.9%)
   0: 2,043,267 comentarios (13.1%)

============================================================
✓ Dataset de intuitive preparado y listo para usar
============================================================
Distribucion de intuitive: {1: 13553500, 0: 2043267}
Splits de usuarios cargados desde data/splits_intuitive/

Comentarios: train=10,728,331 eval=2,279,220
  0: train=1,433,866 eval=287,766
  1: train=9,294,465 eval=1,991,454
SAE cargada: 16384 latentes, k=64, hookpoint=transformer.h.8
Warning: You are sending unauthenticated requests to the HF Hub. Please set a HF_TOKEN to enable higher rate limits and faster downloads.
Loading weights:   0%|          | 0/148 [00:00<?, ?it/s]Loading weights: 100%|██████████| 148/148 [00:00<00:00, 1519.67it/s]
num_latents=16384
  comentario/subsample: limite resampling=4,096 (~2.00 GiB de working set, budget=2.0 GiB)

######################################################################
# PASS A: Streaming datos de entrenamiento
######################################################################
  [TRAIN   0.0%] step 1/335261 (32/10,728,331) | batch=32
  [TRAIN   4.8%] step 16147/335261 (516,704/10,728,331) | batch=32
  [TRAIN   9.5%] step 31971/335261 (1,023,072/10,728,331) | batch=32
  [TRAIN  14.1%] step 47197/335261 (1,510,304/10,728,331) | batch=32
  [TRAIN  18.7%] step 62646/335261 (2,004,672/10,728,331) | batch=32
  [TRAIN  23.3%] step 78227/335261 (2,503,264/10,728,331) | batch=32
  [TRAIN  27.9%] step 93621/335261 (2,995,872/10,728,331) | batch=32
  [TRAIN  32.6%] step 109224/335261 (3,495,168/10,728,331) | batch=32
  [TRAIN  37.4%] step 125224/335261 (4,007,168/10,728,331) | batch=32
  [TRAIN  42.1%] step 141119/335261 (4,515,808/10,728,331) | batch=32
  [TRAIN  46.9%] step 157311/335261 (5,033,952/10,728,331) | batch=32
  [TRAIN  51.6%] step 172974/335261 (5,535,168/10,728,331) | batch=32
  [TRAIN  56.3%] step 188608/335261 (6,035,456/10,728,331) | batch=32
  [TRAIN  60.9%] step 204332/335261 (6,538,624/10,728,331) | batch=32
  [TRAIN  65.7%] step 220170/335261 (7,045,440/10,728,331) | batch=32
  [TRAIN  69.1%] step 231741/335261 (7,415,712/10,728,331) | batch=32
  [TRAIN  71.5%] step 239745/335261 (7,671,840/10,728,331) | batch=32
  [TRAIN  73.9%] step 247735/335261 (7,927,520/10,728,331) | batch=32
  [TRAIN  76.3%] step 255665/335261 (8,181,280/10,728,331) | batch=32
  [TRAIN  78.6%] step 263589/335261 (8,434,848/10,728,331) | batch=32
  [TRAIN  81.0%] step 271516/335261 (8,688,512/10,728,331) | batch=32
  [TRAIN  83.3%] step 279361/335261 (8,939,552/10,728,331) | batch=32
  [TRAIN  85.7%] step 287243/335261 (9,191,776/10,728,331) | batch=32
  [TRAIN  88.0%] step 295090/335261 (9,442,880/10,728,331) | batch=32
  [TRAIN  90.4%] step 302948/335261 (9,694,336/10,728,331) | batch=32
  [TRAIN  94.9%] step 318229/335261 (10,183,328/10,728,331) | batch=32
  [TRAIN  99.5%] step 333535/335261 (10,673,120/10,728,331) | batch=32
  [TRAIN 100.0%] step 335261/335261 (10,728,331/10,728,331) | batch=32

Pass A completado: 10,728,331 muestras procesadas.

  Aplicando SMOTE sobre 4,096 muestras (last_token)...
    Antes 0: 2,048
    Antes 1: 2,048
    Despues 0: 2,048
    Despues 1: 2,048

  Aplicando ADASYN sobre 4,096 muestras (last_token)...
    Antes 0: 2,048
    Antes 1: 2,048
    Despues 0: 2,048
    Despues 1: 2,048

  Aplicando SMOTE sobre 4,096 muestras (mean)...
    Antes 0: 2,048
    Antes 1: 2,048
    Despues 0: 2,048
    Despues 1: 2,048

  Aplicando ADASYN sobre 4,096 muestras (mean)...
    Antes 0: 2,048
    Antes 1: 2,048
    Despues 0: 2,048
    Despues 1: 2,048

######################################################################
# PASS B: Streaming datos de evaluacion
######################################################################
  [EVAL   0.0%] step 1/71226 (32/2,279,220) | batch=32
  [EVAL  32.5%] step 23166/71226 (741,312/2,279,220) | batch=32
  [EVAL  64.3%] step 45798/71226 (1,465,536/2,279,220) | batch=32
  [EVAL  96.6%] step 68798/71226 (2,201,536/2,279,220) | batch=32
  [EVAL 100.0%] step 71226/71226 (2,279,220/2,279,220) | batch=32

######################################################################
# A) CLASIFICACION A NIVEL DE COMENTARIO
######################################################################

=== EVAL comentario_last_token_sin_balanceo ===
Accuracy: 0.2973 | Balanced Acc: 0.4926 | F1 macro: 0.2892 | F1 weighted: 0.3460
         0: prec=0.1241 rec=0.7538 f1=0.2131
         1: prec=0.8667 rec=0.2313 f1=0.3652
              precision    recall  f1-score   support

           0       0.12      0.75      0.21    287766
           1       0.87      0.23      0.37   1991454

    accuracy                           0.30   2279220
   macro avg       0.50      0.49      0.29   2279220
weighted avg       0.77      0.30      0.35   2279220

Confusion matrix:
[[ 216927   70839]
 [1530784  460670]]

=== EVAL comentario_last_token_balanceo_manual ===
Accuracy: 0.2972 | Balanced Acc: 0.4934 | F1 macro: 0.2892 | F1 weighted: 0.3457
         0: prec=0.1244 rec=0.7559 f1=0.2136
         1: prec=0.8675 rec=0.2310 f1=0.3648
              precision    recall  f1-score   support

           0       0.12      0.76      0.21    287766
           1       0.87      0.23      0.36   1991454

    accuracy                           0.30   2279220
   macro avg       0.50      0.49      0.29   2279220
weighted avg       0.77      0.30      0.35   2279220

Confusion matrix:
[[ 217523   70243]
 [1531505  459949]]

=== EVAL comentario_mean_sin_balanceo ===
Accuracy: 0.6264 | Balanced Acc: 0.4946 | F1 macro: 0.4677 | F1 weighted: 0.6850
         0: prec=0.1226 rec=0.3183 f1=0.1771
         1: prec=0.8720 rec=0.6709 f1=0.7584
              precision    recall  f1-score   support

           0       0.12      0.32      0.18    287766
           1       0.87      0.67      0.76   1991454

    accuracy                           0.63   2279220
   macro avg       0.50      0.49      0.47   2279220
weighted avg       0.78      0.63      0.68   2279220

Confusion matrix:
[[  91608  196158]
 [ 655322 1336132]]

=== EVAL comentario_mean_balanceo_manual ===
Accuracy: 0.6261 | Balanced Acc: 0.4951 | F1 macro: 0.4678 | F1 weighted: 0.6847
         0: prec=0.1230 rec=0.3199 f1=0.1776
         1: prec=0.8721 rec=0.6703 f1=0.7580
              precision    recall  f1-score   support

           0       0.12      0.32      0.18    287766
           1       0.87      0.67      0.76   1991454

    accuracy                           0.63   2279220
   macro avg       0.50      0.50      0.47   2279220
weighted avg       0.78      0.63      0.68   2279220

Confusion matrix:
[[  92057  195709]
 [ 656584 1334870]]

=== EVAL comentario_last_token_SMOTE ===
Accuracy: 0.4649 | Balanced Acc: 0.4972 | F1 macro: 0.4002 | F1 weighted: 0.5474
         0: prec=0.1251 rec=0.5404 f1=0.2032
         1: prec=0.8724 rec=0.4539 f1=0.5971
              precision    recall  f1-score   support

           0       0.13      0.54      0.20    287766
           1       0.87      0.45      0.60   1991454

    accuracy                           0.46   2279220
   macro avg       0.50      0.50      0.40   2279220
weighted avg       0.78      0.46      0.55   2279220

Confusion matrix:
[[ 155523  132243]
 [1087462  903992]]

=== EVAL comentario_last_token_ADASYN ===
Accuracy: 0.4587 | Balanced Acc: 0.4981 | F1 macro: 0.3971 | F1 weighted: 0.5412
         0: prec=0.1255 rec=0.5508 f1=0.2044
         1: prec=0.8728 rec=0.4454 f1=0.5898
              precision    recall  f1-score   support

           0       0.13      0.55      0.20    287766
           1       0.87      0.45      0.59   1991454

    accuracy                           0.46   2279220
   macro avg       0.50      0.50      0.40   2279220
weighted avg       0.78      0.46      0.54   2279220

Confusion matrix:
[[ 158494  129272]
 [1104416  887038]]

=== EVAL comentario_mean_SMOTE ===
Accuracy: 0.4886 | Balanced Acc: 0.5045 | F1 macro: 0.4145 | F1 weighted: 0.5702
         0: prec=0.1282 rec=0.5257 f1=0.2061
         1: prec=0.8758 rec=0.4833 f1=0.6228
              precision    recall  f1-score   support

           0       0.13      0.53      0.21    287766
           1       0.88      0.48      0.62   1991454

    accuracy                           0.49   2279220
   macro avg       0.50      0.50      0.41   2279220
weighted avg       0.78      0.49      0.57   2279220

Confusion matrix:
[[ 151275  136491]
 [1029070  962384]]

=== EVAL comentario_mean_ADASYN ===
Accuracy: 0.4864 | Balanced Acc: 0.5017 | F1 macro: 0.4126 | F1 weighted: 0.5683
         0: prec=0.1270 rec=0.5220 f1=0.2042
         1: prec=0.8745 rec=0.4813 f1=0.6209
              precision    recall  f1-score   support

           0       0.13      0.52      0.20    287766
           1       0.87      0.48      0.62   1991454

    accuracy                           0.49   2279220
   macro avg       0.50      0.50      0.41   2279220
weighted avg       0.78      0.49      0.57   2279220

Confusion matrix:
[[ 150224  137542]
 [1033001  958453]]

######################################################################
# B) CLASIFICACION A NIVEL DE USUARIO
######################################################################

  Usuarios mean_of_last: train=6,357 eval=1,363
    0: train=707 eval=168
    1: train=5,650 eval=1,195

============================================================
ENTRENANDO: usuario_mean_of_last_sin_balanceo
  Train users: 6,357 | Eval users: 1,363
============================================================

=== EVAL usuario_mean_of_last_sin_balanceo ===
Accuracy: 0.6141 | Balanced Acc: 0.5446 | F1 macro: 0.4837 | F1 weighted: 0.6792
         0: prec=0.1490 rec=0.4524 f1=0.2242
         1: prec=0.8921 rec=0.6368 f1=0.7432
              precision    recall  f1-score   support

           0       0.15      0.45      0.22       168
           1       0.89      0.64      0.74      1195

    accuracy                           0.61      1363
   macro avg       0.52      0.54      0.48      1363
weighted avg       0.80      0.61      0.68      1363

Confusion matrix:
[[ 76  92]
 [434 761]]

============================================================
ENTRENANDO: usuario_mean_of_last_balanceo_manual
  Train users: 6,357 | Eval users: 1,363
============================================================

=== EVAL usuario_mean_of_last_balanceo_manual ===
Accuracy: 0.6016 | Balanced Acc: 0.5298 | F1 macro: 0.4727 | F1 weighted: 0.6691
         0: prec=0.1401 rec=0.4345 f1=0.2119
         1: prec=0.8872 rec=0.6251 f1=0.7334
              precision    recall  f1-score   support

           0       0.14      0.43      0.21       168
           1       0.89      0.63      0.73      1195

    accuracy                           0.60      1363
   macro avg       0.51      0.53      0.47      1363
weighted avg       0.80      0.60      0.67      1363

Confusion matrix:
[[ 73  95]
 [448 747]]

  Aplicando SMOTE a nivel usuario (6,357)...
  usuario/mean_of_last: limite resampling=4,096 (~2.00 GiB de working set, budget=2.0 GiB)
    Despues 0: 3,640
    Despues 1: 3,640

============================================================
ENTRENANDO: usuario_mean_of_last_SMOTE
============================================================

=== EVAL usuario_mean_of_last_SMOTE ===
Accuracy: 0.5503 | Balanced Acc: 0.5312 | F1 macro: 0.4508 | F1 weighted: 0.6269
         0: prec=0.1382 rec=0.5060 f1=0.2171
         1: prec=0.8890 rec=0.5565 f1=0.6845
              precision    recall  f1-score   support

           0       0.14      0.51      0.22       168
           1       0.89      0.56      0.68      1195

    accuracy                           0.55      1363
   macro avg       0.51      0.53      0.45      1363
weighted avg       0.80      0.55      0.63      1363

Confusion matrix:
[[ 85  83]
 [530 665]]

  Aplicando ADASYN a nivel usuario (6,357)...
  usuario/mean_of_last: limite resampling=4,096 (~2.00 GiB de working set, budget=2.0 GiB)
    Despues 0: 3,771
    Despues 1: 3,640

============================================================
ENTRENANDO: usuario_mean_of_last_ADASYN
============================================================

=== EVAL usuario_mean_of_last_ADASYN ===
Accuracy: 0.5686 | Balanced Acc: 0.5852 | F1 macro: 0.4768 | F1 weighted: 0.6419
         0: prec=0.1635 rec=0.6071 f1=0.2576
         1: prec=0.9107 rec=0.5632 f1=0.6960
              precision    recall  f1-score   support

           0       0.16      0.61      0.26       168
           1       0.91      0.56      0.70      1195

    accuracy                           0.57      1363
   macro avg       0.54      0.59      0.48      1363
weighted avg       0.82      0.57      0.64      1363

Confusion matrix:
[[102  66]
 [522 673]]

  Usuarios mean_of_mean: train=6,357 eval=1,363
    0: train=707 eval=168
    1: train=5,650 eval=1,195

============================================================
ENTRENANDO: usuario_mean_of_mean_sin_balanceo
  Train users: 6,357 | Eval users: 1,363
============================================================

=== EVAL usuario_mean_of_mean_sin_balanceo ===
Accuracy: 0.6486 | Balanced Acc: 0.5847 | F1 macro: 0.5146 | F1 weighted: 0.7067
         0: prec=0.1754 rec=0.5000 f1=0.2597
         1: prec=0.9050 rec=0.6695 f1=0.7696
              precision    recall  f1-score   support

           0       0.18      0.50      0.26       168
           1       0.90      0.67      0.77      1195

    accuracy                           0.65      1363
   macro avg       0.54      0.58      0.51      1363
weighted avg       0.82      0.65      0.71      1363

Confusion matrix:
[[ 84  84]
 [395 800]]

============================================================
ENTRENANDO: usuario_mean_of_mean_balanceo_manual
  Train users: 6,357 | Eval users: 1,363
============================================================

=== EVAL usuario_mean_of_mean_balanceo_manual ===
Accuracy: 0.6420 | Balanced Acc: 0.5835 | F1 macro: 0.5112 | F1 weighted: 0.7017
         0: prec=0.1735 rec=0.5060 f1=0.2584
         1: prec=0.9049 rec=0.6611 f1=0.7640
              precision    recall  f1-score   support

           0       0.17      0.51      0.26       168
           1       0.90      0.66      0.76      1195

    accuracy                           0.64      1363
   macro avg       0.54      0.58      0.51      1363
weighted avg       0.81      0.64      0.70      1363

Confusion matrix:
[[ 85  83]
 [405 790]]

  Aplicando SMOTE a nivel usuario (6,357)...
  usuario/mean_of_mean: limite resampling=4,096 (~2.00 GiB de working set, budget=2.0 GiB)
    Despues 0: 3,640
    Despues 1: 3,640

============================================================
ENTRENANDO: usuario_mean_of_mean_SMOTE
============================================================

=== EVAL usuario_mean_of_mean_SMOTE ===
Accuracy: 0.5979 | Balanced Acc: 0.6377 | F1 macro: 0.5079 | F1 weighted: 0.6665
         0: prec=0.1895 rec=0.6905 f1=0.2974
         1: prec=0.9308 rec=0.5849 f1=0.7184
              precision    recall  f1-score   support

           0       0.19      0.69      0.30       168
           1       0.93      0.58      0.72      1195

    accuracy                           0.60      1363
   macro avg       0.56      0.64      0.51      1363
weighted avg       0.84      0.60      0.67      1363

Confusion matrix:
[[116  52]
 [496 699]]

  Aplicando ADASYN a nivel usuario (6,357)...
  usuario/mean_of_mean: limite resampling=4,096 (~2.00 GiB de working set, budget=2.0 GiB)
    Despues 0: 3,701
    Despues 1: 3,640

============================================================
ENTRENANDO: usuario_mean_of_mean_ADASYN
============================================================

=== EVAL usuario_mean_of_mean_ADASYN ===
Accuracy: 0.5635 | Balanced Acc: 0.5771 | F1 macro: 0.4717 | F1 weighted: 0.6376
         0: prec=0.1595 rec=0.5952 f1=0.2516
         1: prec=0.9076 rec=0.5590 f1=0.6919
              precision    recall  f1-score   support

           0       0.16      0.60      0.25       168
           1       0.91      0.56      0.69      1195

    accuracy                           0.56      1363
   macro avg       0.53      0.58      0.47      1363
weighted avg       0.82      0.56      0.64      1363

Confusion matrix:
[[100  68]
 [527 668]]


======================================================================
RESUMEN DE RESULTADOS (EVAL)
======================================================================
Config                                           Acc  BalAcc  F1mac     F1_0     F1_1
-------------------------------------------------------------------------------------
comentario_last_token_sin_balanceo            0.2973 0.49258 0.2892   0.2131   0.3652
comentario_last_token_balanceo_manual         0.2972 0.49343 0.2892   0.2136   0.3648
comentario_mean_sin_balanceo                  0.6264 0.49464 0.4677   0.1771   0.7584
comentario_mean_balanceo_manual               0.6261 0.49510 0.4678   0.1776   0.7580
comentario_last_token_SMOTE                   0.4649 0.49719 0.4002   0.2032   0.5971
comentario_last_token_ADASYN                  0.4587 0.49810 0.3971   0.2044   0.5898
comentario_mean_SMOTE                         0.4886 0.50447 0.4145   0.2061   0.6228
comentario_mean_ADASYN                        0.4864 0.50166 0.4126   0.2042   0.6209
usuario_mean_of_last_sin_balanceo             0.6141 0.54460 0.4837   0.2242   0.7432
usuario_mean_of_last_balanceo_manual          0.6016 0.52981 0.4727   0.2119   0.7334
usuario_mean_of_last_SMOTE                    0.5503 0.53122 0.4508   0.2171   0.6845
usuario_mean_of_last_ADASYN                   0.5686 0.58516 0.4768   0.2576   0.6960
usuario_mean_of_mean_sin_balanceo             0.6486 0.58473 0.5146   0.2597   0.7696
usuario_mean_of_mean_balanceo_manual          0.6420 0.58352 0.5112   0.2584   0.7640
usuario_mean_of_mean_SMOTE                    0.5979 0.63771 0.5079   0.2974   0.7184
usuario_mean_of_mean_ADASYN                   0.5635 0.57712 0.4717   0.2516   0.6919

======================================================================
COMPLETADO - Test reservado para uso futuro
======================================================================
[2026-04-16 12:00:13] Finalizado correctamente: intuitive SAE
[2026-04-16 12:00:13] Cola completada: thinking SAE + thinking GPT + intuitive SAE
